[2.321s] Invoking command in '/home/cyber/ros2_ws/src/plot_sensor_data': PYTHONPATH=/home/cyber/ros2_ws/build/plot_sensor_data/prefix_override:/home/cyber/ros2_ws/install/plot_sensor_data/lib/python3.10/site-packages:${PYTHONPATH} /usr/bin/python3 -W ignore:setup.py install is deprecated setup.py egg_info --egg-base ../../build/plot_sensor_data build --build-base /home/cyber/ros2_ws/build/plot_sensor_data/build install --record /home/cyber/ros2_ws/build/plot_sensor_data/install.log --single-version-externally-managed install_data
[3.126s] running egg_info
[3.200s] writing ../../build/plot_sensor_data/plot_sensor_data.egg-info/PKG-INFO
[3.202s] writing dependency_links to ../../build/plot_sensor_data/plot_sensor_data.egg-info/dependency_links.txt
[3.204s] writing entry points to ../../build/plot_sensor_data/plot_sensor_data.egg-info/entry_points.txt
[3.204s] writing requirements to ../../build/plot_sensor_data/plot_sensor_data.egg-info/requires.txt
[3.204s] writing top-level names to ../../build/plot_sensor_data/plot_sensor_data.egg-info/top_level.txt
[3.940s] reading manifest file '../../build/plot_sensor_data/plot_sensor_data.egg-info/SOURCES.txt'
[3.948s] writing manifest file '../../build/plot_sensor_data/plot_sensor_data.egg-info/SOURCES.txt'
[3.950s] running build
[3.950s] running build_py
[3.951s] copying plot_sensor_data/__init__.py -> /home/cyber/ros2_ws/build/plot_sensor_data/build/lib/plot_sensor_data
[3.951s] copying plot_sensor_data/plot_node.py -> /home/cyber/ros2_ws/build/plot_sensor_data/build/lib/plot_sensor_data
[3.960s] running install
[4.019s] running install_lib
[4.184s] copying /home/cyber/ros2_ws/build/plot_sensor_data/build/lib/plot_sensor_data/plot_node.py -> /home/cyber/ros2_ws/install/plot_sensor_data/lib/python3.10/site-packages/plot_sensor_data
[4.184s] byte-compiling /home/cyber/ros2_ws/install/plot_sensor_data/lib/python3.10/site-packages/plot_sensor_data/plot_node.py to plot_node.cpython-310.pyc
[4.197s] running install_data
[4.197s] copying resource/plot_sensor_data -> /home/cyber/ros2_ws/install/plot_sensor_data/share/ament_index/resource_index/packages
[4.197s] copying package.xml -> /home/cyber/ros2_ws/install/plot_sensor_data/share/plot_sensor_data
[4.197s] copying launch/plot_launch.py -> /home/cyber/ros2_ws/install/plot_sensor_data/share/plot_sensor_data/launch
[4.204s] running install_egg_info
[4.372s] removing '/home/cyber/ros2_ws/install/plot_sensor_data/lib/python3.10/site-packages/plot_sensor_data-0.0.0-py3.10.egg-info' (and everything under it)
[4.373s] Copying ../../build/plot_sensor_data/plot_sensor_data.egg-info to /home/cyber/ros2_ws/install/plot_sensor_data/lib/python3.10/site-packages/plot_sensor_data-0.0.0-py3.10.egg-info
[4.382s] running install_scripts
[4.683s] Installing plot_node script to /home/cyber/ros2_ws/install/plot_sensor_data/lib/plot_sensor_data
[4.684s] writing list of installed files to '/home/cyber/ros2_ws/build/plot_sensor_data/install.log'
[4.793s] Invoked command in '/home/cyber/ros2_ws/src/plot_sensor_data' returned '0': PYTHONPATH=/home/cyber/ros2_ws/build/plot_sensor_data/prefix_override:/home/cyber/ros2_ws/install/plot_sensor_data/lib/python3.10/site-packages:${PYTHONPATH} /usr/bin/python3 -W ignore:setup.py install is deprecated setup.py egg_info --egg-base ../../build/plot_sensor_data build --build-base /home/cyber/ros2_ws/build/plot_sensor_data/build install --record /home/cyber/ros2_ws/build/plot_sensor_data/install.log --single-version-externally-managed install_data
