-- The C compiler identification is GNU 11.4.0
-- The CXX compiler identification is GNU 11.4.0
-- Detecting C compiler ABI info
-- Detecting C compiler ABI info - done
-- Check for working C compiler: /usr/bin/cc - skipped
-- Detecting C compile features
-- Detecting C compile features - done
-- Detecting CXX compiler ABI info
-- Detecting CXX compiler ABI info - done
-- Check for working CXX compiler: /usr/bin/c++ - skipped
-- Detecting CXX compile features
-- Detecting CXX compile features - done
-- Found ament_cmake: 1.3.9 (/opt/ros/humble/share/ament_cmake/cmake)
-- Found Python3: /usr/bin/python3 (found version "3.10.12") found components: Interpreter 
-- Found rclcpp: 16.0.9 (/opt/ros/humble/share/rclcpp/cmake)
-- Found rosidl_generator_c: 3.1.5 (/opt/ros/humble/share/rosidl_generator_c/cmake)
-- Found rosidl_adapter: 3.1.5 (/opt/ros/humble/share/rosidl_adapter/cmake)
-- Found rosidl_generator_cpp: 3.1.5 (/opt/ros/humble/share/rosidl_generator_cpp/cmake)
-- Using all available rosidl_typesupport_c: rosidl_typesupport_fastrtps_c;rosidl_typesupport_introspection_c
-- Using all available rosidl_typesupport_cpp: rosidl_typesupport_fastrtps_cpp;rosidl_typesupport_introspection_cpp
-- Found rmw_implementation_cmake: 6.1.2 (/opt/ros/humble/share/rmw_implementation_cmake/cmake)
-- Found rmw_fastrtps_cpp: 6.2.6 (/opt/ros/humble/share/rmw_fastrtps_cpp/cmake)
-- Found OpenSSL: /usr/lib/x86_64-linux-gnu/libcrypto.so (found version "3.0.2")  
-- Found FastRTPS: /opt/ros/humble/include  
-- Using RMW implementation 'rmw_fastrtps_cpp' as default
-- Looking for pthread.h
-- Looking for pthread.h - found
-- Performing Test CMAKE_HAVE_LIBC_PTHREAD
-- Performing Test CMAKE_HAVE_LIBC_PTHREAD - Success
-- Found Threads: TRUE  
-- Found sensor_msgs: 4.2.4 (/opt/ros/humble/share/sensor_msgs/cmake)
-- Found ament_lint_auto: 0.12.11 (/opt/ros/humble/share/ament_lint_auto/cmake)
-- Added test 'cppcheck' to perform static code analysis on C / C++ code
-- Configured cppcheck include dirs: /home/cyber/ros2_ws/src/sensor_package/include
-- Configured cppcheck exclude dirs and/or files: 
-- Added test 'flake8' to check Python code syntax and style conventions
-- Added test 'lint_cmake' to check CMake code style
-- Added test 'pep257' to check Python code against some of the docstring style conventions in PEP 257
-- Added test 'uncrustify' to check C / C++ code style
-- Configured uncrustify additional arguments: 
-- Added test 'xmllint' to check XML markup files
-- Configuring done
-- Generating done
-- Build files have been written to: /home/cyber/ros2_ws/build/sensor_package
[ 16%] [32mBuilding CXX object CMakeFiles/pressure_publisher.dir/src/pressure_publisher.cpp.o[0m
[ 33%] [32mBuilding CXX object CMakeFiles/humidity_publisher.dir/src/humidity_publisher.cpp.o[0m
[ 50%] [32mBuilding CXX object CMakeFiles/temperature_publisher.dir/src/temperature_publisher.cpp.o[0m
[ 66%] [32m[1mLinking CXX executable pressure_publisher[0m
[ 83%] [32m[1mLinking CXX executable temperature_publisher[0m
[100%] [32m[1mLinking CXX executable humidity_publisher[0m
[100%] Built target pressure_publisher
[100%] Built target temperature_publisher
[100%] Built target humidity_publisher
-- Install configuration: ""
-- Installing: /home/cyber/ros2_ws/install/sensor_package/lib/sensor_package/temperature_publisher
-- Set runtime path of "/home/cyber/ros2_ws/install/sensor_package/lib/sensor_package/temperature_publisher" to ""
-- Installing: /home/cyber/ros2_ws/install/sensor_package/lib/sensor_package/pressure_publisher
-- Set runtime path of "/home/cyber/ros2_ws/install/sensor_package/lib/sensor_package/pressure_publisher" to ""
-- Installing: /home/cyber/ros2_ws/install/sensor_package/lib/sensor_package/humidity_publisher
-- Set runtime path of "/home/cyber/ros2_ws/install/sensor_package/lib/sensor_package/humidity_publisher" to ""
-- Installing: /home/cyber/ros2_ws/install/sensor_package/share/sensor_package/launch
-- Installing: /home/cyber/ros2_ws/install/sensor_package/share/sensor_package/launch/sensor_launch.py
-- Installing: /home/cyber/ros2_ws/install/sensor_package/share/ament_index/resource_index/package_run_dependencies/sensor_package
-- Installing: /home/cyber/ros2_ws/install/sensor_package/share/ament_index/resource_index/parent_prefix_path/sensor_package
-- Installing: /home/cyber/ros2_ws/install/sensor_package/share/sensor_package/environment/ament_prefix_path.sh
-- Installing: /home/cyber/ros2_ws/install/sensor_package/share/sensor_package/environment/ament_prefix_path.dsv
-- Installing: /home/cyber/ros2_ws/install/sensor_package/share/sensor_package/environment/path.sh
-- Installing: /home/cyber/ros2_ws/install/sensor_package/share/sensor_package/environment/path.dsv
-- Installing: /home/cyber/ros2_ws/install/sensor_package/share/sensor_package/local_setup.bash
-- Installing: /home/cyber/ros2_ws/install/sensor_package/share/sensor_package/local_setup.sh
-- Installing: /home/cyber/ros2_ws/install/sensor_package/share/sensor_package/local_setup.zsh
-- Installing: /home/cyber/ros2_ws/install/sensor_package/share/sensor_package/local_setup.dsv
-- Installing: /home/cyber/ros2_ws/install/sensor_package/share/sensor_package/package.dsv
-- Installing: /home/cyber/ros2_ws/install/sensor_package/share/ament_index/resource_index/packages/sensor_package
-- Installing: /home/cyber/ros2_ws/install/sensor_package/share/sensor_package/cmake/sensor_packageConfig.cmake
-- Installing: /home/cyber/ros2_ws/install/sensor_package/share/sensor_package/cmake/sensor_packageConfig-version.cmake
-- Installing: /home/cyber/ros2_ws/install/sensor_package/share/sensor_package/package.xml
