[0.418s] Invoking command in '/home/cyber/ros2_ws/build/sensor_package': CMAKE_PREFIX_PATH=${CMAKE_PREFIX_PATH}:/home/cyber/ros2_ws/install/plot_sensor_data:/opt/ros/humble /usr/bin/cmake /home/cyber/ros2_ws/src/sensor_package -DCMAKE_INSTALL_PREFIX=/home/cyber/ros2_ws/install/sensor_package
[0.549s] -- The C compiler identification is GNU 11.4.0
[0.690s] -- The CXX compiler identification is GNU 11.4.0
[0.708s] -- Detecting C compiler ABI info
[0.857s] -- Detecting C compiler ABI info - done
[0.881s] -- Check for working C compiler: /usr/bin/cc - skipped
[0.882s] -- Detecting C compile features
[0.883s] -- Detecting C compile features - done
[0.891s] -- Detecting CXX compiler ABI info
[1.060s] -- Detecting CXX compiler ABI info - done
[1.084s] -- Check for working CXX compiler: /usr/bin/c++ - skipped
[1.084s] -- Detecting CXX compile features
[1.085s] -- Detecting CXX compile features - done
[1.089s] -- Found ament_cmake: 1.3.9 (/opt/ros/humble/share/ament_cmake/cmake)
[1.947s] -- Found Python3: /usr/bin/python3 (found version "3.10.12") found components: Interpreter 
[2.141s] -- Found rclcpp: 16.0.9 (/opt/ros/humble/share/rclcpp/cmake)
[2.227s] -- Found rosidl_generator_c: 3.1.5 (/opt/ros/humble/share/rosidl_generator_c/cmake)
[2.235s] -- Found rosidl_adapter: 3.1.5 (/opt/ros/humble/share/rosidl_adapter/cmake)
[2.247s] -- Found rosidl_generator_cpp: 3.1.5 (/opt/ros/humble/share/rosidl_generator_cpp/cmake)
[2.269s] -- Using all available rosidl_typesupport_c: rosidl_typesupport_fastrtps_c;rosidl_typesupport_introspection_c
[2.308s] -- Using all available rosidl_typesupport_cpp: rosidl_typesupport_fastrtps_cpp;rosidl_typesupport_introspection_cpp
[2.495s] -- Found rmw_implementation_cmake: 6.1.2 (/opt/ros/humble/share/rmw_implementation_cmake/cmake)
[2.501s] -- Found rmw_fastrtps_cpp: 6.2.6 (/opt/ros/humble/share/rmw_fastrtps_cpp/cmake)
[2.777s] -- Found OpenSSL: /usr/lib/x86_64-linux-gnu/libcrypto.so (found version "3.0.2")  
[2.856s] -- Found FastRTPS: /opt/ros/humble/include  
[2.981s] -- Using RMW implementation 'rmw_fastrtps_cpp' as default
[3.037s] -- Looking for pthread.h
[3.414s] -- Looking for pthread.h - found
[3.414s] -- Performing Test CMAKE_HAVE_LIBC_PTHREAD
[3.546s] -- Performing Test CMAKE_HAVE_LIBC_PTHREAD - Success
[3.548s] -- Found Threads: TRUE  
[3.910s] -- Found sensor_msgs: 4.2.4 (/opt/ros/humble/share/sensor_msgs/cmake)
[4.152s] -- Found ament_lint_auto: 0.12.11 (/opt/ros/humble/share/ament_lint_auto/cmake)
[4.312s] -- Added test 'cppcheck' to perform static code analysis on C / C++ code
[4.313s] -- Configured cppcheck include dirs: /home/cyber/ros2_ws/src/sensor_package/include
[4.313s] -- Configured cppcheck exclude dirs and/or files: 
[4.314s] -- Added test 'flake8' to check Python code syntax and style conventions
[4.316s] -- Added test 'lint_cmake' to check CMake code style
[4.317s] -- Added test 'pep257' to check Python code against some of the docstring style conventions in PEP 257
[4.319s] -- Added test 'uncrustify' to check C / C++ code style
[4.319s] -- Configured uncrustify additional arguments: 
[4.320s] -- Added test 'xmllint' to check XML markup files
[4.323s] -- Configuring done
[4.380s] -- Generating done
[4.385s] -- Build files have been written to: /home/cyber/ros2_ws/build/sensor_package
[4.405s] Invoked command in '/home/cyber/ros2_ws/build/sensor_package' returned '0': CMAKE_PREFIX_PATH=${CMAKE_PREFIX_PATH}:/home/cyber/ros2_ws/install/plot_sensor_data:/opt/ros/humble /usr/bin/cmake /home/cyber/ros2_ws/src/sensor_package -DCMAKE_INSTALL_PREFIX=/home/cyber/ros2_ws/install/sensor_package
[4.408s] Invoking command in '/home/cyber/ros2_ws/build/sensor_package': CMAKE_PREFIX_PATH=${CMAKE_PREFIX_PATH}:/home/cyber/ros2_ws/install/plot_sensor_data:/opt/ros/humble /usr/bin/cmake --build /home/cyber/ros2_ws/build/sensor_package -- -j4 -l4
[4.509s] [ 16%] [32mBuilding CXX object CMakeFiles/pressure_publisher.dir/src/pressure_publisher.cpp.o[0m
[4.523s] [ 33%] [32mBuilding CXX object CMakeFiles/humidity_publisher.dir/src/humidity_publisher.cpp.o[0m
[4.530s] [ 50%] [32mBuilding CXX object CMakeFiles/temperature_publisher.dir/src/temperature_publisher.cpp.o[0m
[17.150s] [ 66%] [32m[1mLinking CXX executable pressure_publisher[0m
[17.297s] [ 83%] [32m[1mLinking CXX executable temperature_publisher[0m
[17.437s] [100%] [32m[1mLinking CXX executable humidity_publisher[0m
[17.668s] [100%] Built target pressure_publisher
[17.752s] [100%] Built target temperature_publisher
[17.874s] [100%] Built target humidity_publisher
[17.895s] Invoked command in '/home/cyber/ros2_ws/build/sensor_package' returned '0': CMAKE_PREFIX_PATH=${CMAKE_PREFIX_PATH}:/home/cyber/ros2_ws/install/plot_sensor_data:/opt/ros/humble /usr/bin/cmake --build /home/cyber/ros2_ws/build/sensor_package -- -j4 -l4
[17.950s] Invoking command in '/home/cyber/ros2_ws/build/sensor_package': CMAKE_PREFIX_PATH=${CMAKE_PREFIX_PATH}:/home/cyber/ros2_ws/install/plot_sensor_data:/opt/ros/humble /usr/bin/cmake --install /home/cyber/ros2_ws/build/sensor_package
[17.966s] -- Install configuration: ""
[17.966s] -- Installing: /home/cyber/ros2_ws/install/sensor_package/lib/sensor_package/temperature_publisher
[17.969s] -- Set runtime path of "/home/cyber/ros2_ws/install/sensor_package/lib/sensor_package/temperature_publisher" to ""
[17.969s] -- Installing: /home/cyber/ros2_ws/install/sensor_package/lib/sensor_package/pressure_publisher
[17.972s] -- Set runtime path of "/home/cyber/ros2_ws/install/sensor_package/lib/sensor_package/pressure_publisher" to ""
[17.972s] -- Installing: /home/cyber/ros2_ws/install/sensor_package/lib/sensor_package/humidity_publisher
[17.974s] -- Set runtime path of "/home/cyber/ros2_ws/install/sensor_package/lib/sensor_package/humidity_publisher" to ""
[17.974s] -- Installing: /home/cyber/ros2_ws/install/sensor_package/share/sensor_package/launch
[17.975s] -- Installing: /home/cyber/ros2_ws/install/sensor_package/share/sensor_package/launch/sensor_launch.py
[17.975s] -- Installing: /home/cyber/ros2_ws/install/sensor_package/share/ament_index/resource_index/package_run_dependencies/sensor_package
[17.975s] -- Installing: /home/cyber/ros2_ws/install/sensor_package/share/ament_index/resource_index/parent_prefix_path/sensor_package
[17.976s] -- Installing: /home/cyber/ros2_ws/install/sensor_package/share/sensor_package/environment/ament_prefix_path.sh
[17.976s] -- Installing: /home/cyber/ros2_ws/install/sensor_package/share/sensor_package/environment/ament_prefix_path.dsv
[17.976s] -- Installing: /home/cyber/ros2_ws/install/sensor_package/share/sensor_package/environment/path.sh
[17.976s] -- Installing: /home/cyber/ros2_ws/install/sensor_package/share/sensor_package/environment/path.dsv
[17.977s] -- Installing: /home/cyber/ros2_ws/install/sensor_package/share/sensor_package/local_setup.bash
[17.977s] -- Installing: /home/cyber/ros2_ws/install/sensor_package/share/sensor_package/local_setup.sh
[17.977s] -- Installing: /home/cyber/ros2_ws/install/sensor_package/share/sensor_package/local_setup.zsh
[17.977s] -- Installing: /home/cyber/ros2_ws/install/sensor_package/share/sensor_package/local_setup.dsv
[17.978s] -- Installing: /home/cyber/ros2_ws/install/sensor_package/share/sensor_package/package.dsv
[17.978s] -- Installing: /home/cyber/ros2_ws/install/sensor_package/share/ament_index/resource_index/packages/sensor_package
[17.978s] -- Installing: /home/cyber/ros2_ws/install/sensor_package/share/sensor_package/cmake/sensor_packageConfig.cmake
[17.979s] -- Installing: /home/cyber/ros2_ws/install/sensor_package/share/sensor_package/cmake/sensor_packageConfig-version.cmake
[17.979s] -- Installing: /home/cyber/ros2_ws/install/sensor_package/share/sensor_package/package.xml
[17.983s] Invoked command in '/home/cyber/ros2_ws/build/sensor_package' returned '0': CMAKE_PREFIX_PATH=${CMAKE_PREFIX_PATH}:/home/cyber/ros2_ws/install/plot_sensor_data:/opt/ros/humble /usr/bin/cmake --install /home/cyber/ros2_ws/build/sensor_package
