-- Found ament_cmake: 1.3.9 (/opt/ros/humble/share/ament_cmake/cmake)
-- Found rclcpp: 16.0.9 (/opt/ros/humble/share/rclcpp/cmake)
-- Found rosidl_generator_c: 3.1.5 (/opt/ros/humble/share/rosidl_generator_c/cmake)
-- Found rosidl_adapter: 3.1.5 (/opt/ros/humble/share/rosidl_adapter/cmake)
-- Found rosidl_generator_cpp: 3.1.5 (/opt/ros/humble/share/rosidl_generator_cpp/cmake)
-- Using all available rosidl_typesupport_c: rosidl_typesupport_fastrtps_c;rosidl_typesupport_introspection_c
-- Using all available rosidl_typesupport_cpp: rosidl_typesupport_fastrtps_cpp;rosidl_typesupport_introspection_cpp
-- Found rmw_implementation_cmake: 6.1.2 (/opt/ros/humble/share/rmw_implementation_cmake/cmake)
-- Found rmw_fastrtps_cpp: 6.2.6 (/opt/ros/humble/share/rmw_fastrtps_cpp/cmake)
-- Using RMW implementation 'rmw_fastrtps_cpp' as default
-- Found sensor_msgs: 4.2.4 (/opt/ros/humble/share/sensor_msgs/cmake)
-- Found ament_lint_auto: 0.12.11 (/opt/ros/humble/share/ament_lint_auto/cmake)
-- Added test 'cppcheck' to perform static code analysis on C / C++ code
-- Configured cppcheck include dirs: 
-- Configured cppcheck exclude dirs and/or files: 
-- Added test 'flake8' to check Python code syntax and style conventions
-- Added test 'lint_cmake' to check CMake code style
-- Added test 'pep257' to check Python code against some of the docstring style conventions in PEP 257
-- Added test 'uncrustify' to check C / C++ code style
-- Configured uncrustify additional arguments: 
-- Added test 'xmllint' to check XML markup files
-- Configuring done
-- Generating done
-- Build files have been written to: /home/cyber/ros2_ws/build/sensor_package
[35m[1mConsolidate compiler generated dependencies of target humidity_publisher[0m
[35m[1mConsolidate compiler generated dependencies of target pressure_publisher[0m
[35m[1mConsolidate compiler generated dependencies of target temperature_publisher[0m
[ 33%] Built target humidity_publisher
[ 83%] Built target temperature_publisher
[100%] Built target pressure_publisher
-- Install configuration: ""
-- Up-to-date: /home/cyber/ros2_ws/install/sensor_package/lib/sensor_package/temperature_publisher
-- Up-to-date: /home/cyber/ros2_ws/install/sensor_package/lib/sensor_package/pressure_publisher
-- Up-to-date: /home/cyber/ros2_ws/install/sensor_package/lib/sensor_package/humidity_publisher
-- Up-to-date: /home/cyber/ros2_ws/install/sensor_package/share/sensor_package/launch
-- Up-to-date: /home/cyber/ros2_ws/install/sensor_package/share/sensor_package/launch/sensor_launch.py
-- Up-to-date: /home/cyber/ros2_ws/install/sensor_package/share/ament_index/resource_index/package_run_dependencies/sensor_package
-- Up-to-date: /home/cyber/ros2_ws/install/sensor_package/share/ament_index/resource_index/parent_prefix_path/sensor_package
-- Up-to-date: /home/cyber/ros2_ws/install/sensor_package/share/sensor_package/environment/ament_prefix_path.sh
-- Installing: /home/cyber/ros2_ws/install/sensor_package/share/sensor_package/environment/ament_prefix_path.dsv
-- Up-to-date: /home/cyber/ros2_ws/install/sensor_package/share/sensor_package/environment/path.sh
-- Installing: /home/cyber/ros2_ws/install/sensor_package/share/sensor_package/environment/path.dsv
-- Up-to-date: /home/cyber/ros2_ws/install/sensor_package/share/sensor_package/local_setup.bash
-- Up-to-date: /home/cyber/ros2_ws/install/sensor_package/share/sensor_package/local_setup.sh
-- Up-to-date: /home/cyber/ros2_ws/install/sensor_package/share/sensor_package/local_setup.zsh
-- Installing: /home/cyber/ros2_ws/install/sensor_package/share/sensor_package/local_setup.dsv
-- Installing: /home/cyber/ros2_ws/install/sensor_package/share/sensor_package/package.dsv
-- Up-to-date: /home/cyber/ros2_ws/install/sensor_package/share/ament_index/resource_index/packages/sensor_package
-- Up-to-date: /home/cyber/ros2_ws/install/sensor_package/share/sensor_package/cmake/sensor_packageConfig.cmake
-- Up-to-date: /home/cyber/ros2_ws/install/sensor_package/share/sensor_package/cmake/sensor_packageConfig-version.cmake
-- Up-to-date: /home/cyber/ros2_ws/install/sensor_package/share/sensor_package/package.xml
