[0.280s] Invoking command in '/home/cyber/ros2_ws/build/sensor_package': CMAKE_PREFIX_PATH=/opt/ros/humble /usr/bin/cmake --build /home/cyber/ros2_ws/build/sensor_package -- -j4 -l4
[1.132s] -- Found ament_cmake: 1.3.9 (/opt/ros/humble/share/ament_cmake/cmake)
[1.601s] -- Found rclcpp: 16.0.9 (/opt/ros/humble/share/rclcpp/cmake)
[1.870s] -- Found rosidl_generator_c: 3.1.5 (/opt/ros/humble/share/rosidl_generator_c/cmake)
[1.892s] -- Found rosidl_adapter: 3.1.5 (/opt/ros/humble/share/rosidl_adapter/cmake)
[1.905s] -- Found rosidl_generator_cpp: 3.1.5 (/opt/ros/humble/share/rosidl_generator_cpp/cmake)
[1.965s] -- Using all available rosidl_typesupport_c: rosidl_typesupport_fastrtps_c;rosidl_typesupport_introspection_c
[1.992s] -- Using all available rosidl_typesupport_cpp: rosidl_typesupport_fastrtps_cpp;rosidl_typesupport_introspection_cpp
[2.157s] -- Found rmw_implementation_cmake: 6.1.2 (/opt/ros/humble/share/rmw_implementation_cmake/cmake)
[2.191s] -- Found rmw_fastrtps_cpp: 6.2.6 (/opt/ros/humble/share/rmw_fastrtps_cpp/cmake)
[2.487s] -- Using RMW implementation 'rmw_fastrtps_cpp' as default
[2.716s] -- Found sensor_msgs: 4.2.4 (/opt/ros/humble/share/sensor_msgs/cmake)
[2.882s] -- Found ament_lint_auto: 0.12.11 (/opt/ros/humble/share/ament_lint_auto/cmake)
[2.962s] -- Added test 'cppcheck' to perform static code analysis on C / C++ code
[2.962s] -- Configured cppcheck include dirs: 
[2.962s] -- Configured cppcheck exclude dirs and/or files: 
[2.962s] -- Added test 'flake8' to check Python code syntax and style conventions
[2.963s] -- Added test 'lint_cmake' to check CMake code style
[2.963s] -- Added test 'pep257' to check Python code against some of the docstring style conventions in PEP 257
[2.963s] -- Added test 'uncrustify' to check C / C++ code style
[2.964s] -- Configured uncrustify additional arguments: 
[2.964s] -- Added test 'xmllint' to check XML markup files
[2.966s] -- Configuring done
[3.115s] -- Generating done
[3.118s] -- Build files have been written to: /home/cyber/ros2_ws/build/sensor_package
[3.164s] [35m[1mConsolidate compiler generated dependencies of target humidity_publisher[0m
[3.180s] [35m[1mConsolidate compiler generated dependencies of target pressure_publisher[0m
[3.180s] [35m[1mConsolidate compiler generated dependencies of target temperature_publisher[0m
[3.181s] [ 33%] Built target humidity_publisher
[3.193s] [ 83%] Built target temperature_publisher
[3.193s] [100%] Built target pressure_publisher
[3.200s] Invoked command in '/home/cyber/ros2_ws/build/sensor_package' returned '0': CMAKE_PREFIX_PATH=/opt/ros/humble /usr/bin/cmake --build /home/cyber/ros2_ws/build/sensor_package -- -j4 -l4
[3.218s] Invoking command in '/home/cyber/ros2_ws/build/sensor_package': CMAKE_PREFIX_PATH=/opt/ros/humble /usr/bin/cmake --install /home/cyber/ros2_ws/build/sensor_package
[3.223s] -- Install configuration: ""
[3.239s] -- Up-to-date: /home/cyber/ros2_ws/install/sensor_package/lib/sensor_package/temperature_publisher
[3.255s] -- Up-to-date: /home/cyber/ros2_ws/install/sensor_package/lib/sensor_package/pressure_publisher
[3.267s] -- Up-to-date: /home/cyber/ros2_ws/install/sensor_package/lib/sensor_package/humidity_publisher
[3.267s] -- Up-to-date: /home/cyber/ros2_ws/install/sensor_package/share/sensor_package/launch
[3.268s] -- Up-to-date: /home/cyber/ros2_ws/install/sensor_package/share/sensor_package/launch/sensor_launch.py
[3.268s] -- Up-to-date: /home/cyber/ros2_ws/install/sensor_package/share/ament_index/resource_index/package_run_dependencies/sensor_package
[3.268s] -- Up-to-date: /home/cyber/ros2_ws/install/sensor_package/share/ament_index/resource_index/parent_prefix_path/sensor_package
[3.268s] -- Up-to-date: /home/cyber/ros2_ws/install/sensor_package/share/sensor_package/environment/ament_prefix_path.sh
[3.268s] -- Installing: /home/cyber/ros2_ws/install/sensor_package/share/sensor_package/environment/ament_prefix_path.dsv
[3.269s] -- Up-to-date: /home/cyber/ros2_ws/install/sensor_package/share/sensor_package/environment/path.sh
[3.269s] -- Installing: /home/cyber/ros2_ws/install/sensor_package/share/sensor_package/environment/path.dsv
[3.269s] -- Up-to-date: /home/cyber/ros2_ws/install/sensor_package/share/sensor_package/local_setup.bash
[3.269s] -- Up-to-date: /home/cyber/ros2_ws/install/sensor_package/share/sensor_package/local_setup.sh
[3.269s] -- Up-to-date: /home/cyber/ros2_ws/install/sensor_package/share/sensor_package/local_setup.zsh
[3.270s] -- Installing: /home/cyber/ros2_ws/install/sensor_package/share/sensor_package/local_setup.dsv
[3.270s] -- Installing: /home/cyber/ros2_ws/install/sensor_package/share/sensor_package/package.dsv
[3.270s] -- Up-to-date: /home/cyber/ros2_ws/install/sensor_package/share/ament_index/resource_index/packages/sensor_package
[3.270s] -- Up-to-date: /home/cyber/ros2_ws/install/sensor_package/share/sensor_package/cmake/sensor_packageConfig.cmake
[3.270s] -- Up-to-date: /home/cyber/ros2_ws/install/sensor_package/share/sensor_package/cmake/sensor_packageConfig-version.cmake
[3.271s] -- Up-to-date: /home/cyber/ros2_ws/install/sensor_package/share/sensor_package/package.xml
[3.273s] Invoked command in '/home/cyber/ros2_ws/build/sensor_package' returned '0': CMAKE_PREFIX_PATH=/opt/ros/humble /usr/bin/cmake --install /home/cyber/ros2_ws/build/sensor_package
