[0.073s] Invoking command in '/home/cyber/ros2_ws/build/data_processor': CMAKE_PREFIX_PATH=${CMAKE_PREFIX_PATH}:/home/cyber/ros2_ws/install/plot_sensor_data:/opt/ros/humble /usr/bin/cmake --build /home/cyber/ros2_ws/build/data_processor -- -j4 -l4
[0.529s] [100%] Built target sensor_subscriber
[0.560s] Invoked command in '/home/cyber/ros2_ws/build/data_processor' returned '0': CMAKE_PREFIX_PATH=${CMAKE_PREFIX_PATH}:/home/cyber/ros2_ws/install/plot_sensor_data:/opt/ros/humble /usr/bin/cmake --build /home/cyber/ros2_ws/build/data_processor -- -j4 -l4
[0.589s] Invoking command in '/home/cyber/ros2_ws/build/data_processor': CMAKE_PREFIX_PATH=${CMAKE_PREFIX_PATH}:/home/cyber/ros2_ws/install/plot_sensor_data:/opt/ros/humble /usr/bin/cmake --install /home/cyber/ros2_ws/build/data_processor
[0.595s] -- Install configuration: ""
[0.631s] -- Up-to-date: /home/cyber/ros2_ws/install/data_processor/lib/data_processor/sensor_subscriber
[0.632s] -- Up-to-date: /home/cyber/ros2_ws/install/data_processor/share/data_processor/launch
[0.632s] -- Up-to-date: /home/cyber/ros2_ws/install/data_processor/share/data_processor/launch/data_launch.py
[0.632s] -- Up-to-date: /home/cyber/ros2_ws/install/data_processor/share/data_processor/package.xml
[0.632s] -- Up-to-date: /home/cyber/ros2_ws/install/data_processor/share/ament_index/resource_index/package_run_dependencies/data_processor
[0.632s] -- Up-to-date: /home/cyber/ros2_ws/install/data_processor/share/ament_index/resource_index/parent_prefix_path/data_processor
[0.632s] -- Up-to-date: /home/cyber/ros2_ws/install/data_processor/share/data_processor/environment/ament_prefix_path.sh
[0.632s] -- Up-to-date: /home/cyber/ros2_ws/install/data_processor/share/data_processor/environment/ament_prefix_path.dsv
[0.632s] -- Up-to-date: /home/cyber/ros2_ws/install/data_processor/share/data_processor/environment/path.sh
[0.632s] -- Up-to-date: /home/cyber/ros2_ws/install/data_processor/share/data_processor/environment/path.dsv
[0.632s] -- Up-to-date: /home/cyber/ros2_ws/install/data_processor/share/data_processor/local_setup.bash
[0.632s] -- Up-to-date: /home/cyber/ros2_ws/install/data_processor/share/data_processor/local_setup.sh
[0.632s] -- Up-to-date: /home/cyber/ros2_ws/install/data_processor/share/data_processor/local_setup.zsh
[0.632s] -- Up-to-date: /home/cyber/ros2_ws/install/data_processor/share/data_processor/local_setup.dsv
[0.632s] -- Up-to-date: /home/cyber/ros2_ws/install/data_processor/share/data_processor/package.dsv
[0.633s] -- Up-to-date: /home/cyber/ros2_ws/install/data_processor/share/ament_index/resource_index/packages/data_processor
[0.633s] -- Up-to-date: /home/cyber/ros2_ws/install/data_processor/share/data_processor/cmake/data_processorConfig.cmake
[0.633s] -- Up-to-date: /home/cyber/ros2_ws/install/data_processor/share/data_processor/cmake/data_processorConfig-version.cmake
[0.633s] -- Up-to-date: /home/cyber/ros2_ws/install/data_processor/share/data_processor/package.xml
[0.635s] Invoked command in '/home/cyber/ros2_ws/build/data_processor' returned '0': CMAKE_PREFIX_PATH=${CMAKE_PREFIX_PATH}:/home/cyber/ros2_ws/install/plot_sensor_data:/opt/ros/humble /usr/bin/cmake --install /home/cyber/ros2_ws/build/data_processor
