[0.399s] Invoking command in '/home/cyber/ros2_ws/build/sensor_package': CMAKE_PREFIX_PATH=${CMAKE_PREFIX_PATH}:/home/cyber/ros2_ws/install/plot_sensor_data:/opt/ros/humble /usr/bin/cmake /home/cyber/ros2_ws/src/sensor_package -DCMAKE_INSTALL_PREFIX=/home/cyber/ros2_ws/install/sensor_package
[0.534s] -- The C compiler identification is GNU 11.4.0
[0.662s] -- The CXX compiler identification is GNU 11.4.0
[0.680s] -- Detecting C compiler ABI info
[0.829s] -- Detecting C compiler ABI info - done
[0.858s] -- Check for working C compiler: /usr/bin/cc - skipped
[0.858s] -- Detecting C compile features
[0.859s] -- Detecting C compile features - done
[0.866s] -- Detecting CXX compiler ABI info
[1.058s] -- Detecting CXX compiler ABI info - done
[1.083s] -- Check for working CXX compiler: /usr/bin/c++ - skipped
[1.084s] -- Detecting CXX compile features
[1.087s] -- Detecting CXX compile features - done
[1.092s] -- Found ament_cmake: 1.3.9 (/opt/ros/humble/share/ament_cmake/cmake)
[2.087s] -- Found Python3: /usr/bin/python3 (found version "3.10.12") found components: Interpreter 
[2.304s] -- Found rclcpp: 16.0.9 (/opt/ros/humble/share/rclcpp/cmake)
[2.397s] -- Found rosidl_generator_c: 3.1.5 (/opt/ros/humble/share/rosidl_generator_c/cmake)
[2.409s] -- Found rosidl_adapter: 3.1.5 (/opt/ros/humble/share/rosidl_adapter/cmake)
[2.429s] -- Found rosidl_generator_cpp: 3.1.5 (/opt/ros/humble/share/rosidl_generator_cpp/cmake)
[2.464s] -- Using all available rosidl_typesupport_c: rosidl_typesupport_fastrtps_c;rosidl_typesupport_introspection_c
[2.522s] -- Using all available rosidl_typesupport_cpp: rosidl_typesupport_fastrtps_cpp;rosidl_typesupport_introspection_cpp
[2.728s] -- Found rmw_implementation_cmake: 6.1.2 (/opt/ros/humble/share/rmw_implementation_cmake/cmake)
[2.734s] -- Found rmw_fastrtps_cpp: 6.2.6 (/opt/ros/humble/share/rmw_fastrtps_cpp/cmake)
[3.006s] -- Found OpenSSL: /usr/lib/x86_64-linux-gnu/libcrypto.so (found version "3.0.2")  
[3.074s] -- Found FastRTPS: /opt/ros/humble/include  
[3.200s] -- Using RMW implementation 'rmw_fastrtps_cpp' as default
[3.224s] -- Looking for pthread.h
[3.391s] -- Looking for pthread.h - found
[3.392s] -- Performing Test CMAKE_HAVE_LIBC_PTHREAD
[3.552s] -- Performing Test CMAKE_HAVE_LIBC_PTHREAD - Success
[3.555s] -- Found Threads: TRUE  
[4.005s] -- Found sensor_msgs: 4.2.4 (/opt/ros/humble/share/sensor_msgs/cmake)
[4.314s] -- Found ament_lint_auto: 0.12.11 (/opt/ros/humble/share/ament_lint_auto/cmake)
[4.475s] -- Added test 'cppcheck' to perform static code analysis on C / C++ code
[4.475s] -- Configured cppcheck include dirs: /home/cyber/ros2_ws/src/sensor_package/include
[4.476s] -- Configured cppcheck exclude dirs and/or files: 
[4.476s] -- Added test 'flake8' to check Python code syntax and style conventions
[4.477s] -- Added test 'lint_cmake' to check CMake code style
[4.478s] -- Added test 'pep257' to check Python code against some of the docstring style conventions in PEP 257
[4.479s] -- Added test 'uncrustify' to check C / C++ code style
[4.479s] -- Configured uncrustify additional arguments: 
[4.480s] -- Added test 'xmllint' to check XML markup files
[4.481s] -- Configuring done
[4.505s] -- Generating done
[4.507s] -- Build files have been written to: /home/cyber/ros2_ws/build/sensor_package
[4.522s] Invoked command in '/home/cyber/ros2_ws/build/sensor_package' returned '0': CMAKE_PREFIX_PATH=${CMAKE_PREFIX_PATH}:/home/cyber/ros2_ws/install/plot_sensor_data:/opt/ros/humble /usr/bin/cmake /home/cyber/ros2_ws/src/sensor_package -DCMAKE_INSTALL_PREFIX=/home/cyber/ros2_ws/install/sensor_package
[4.525s] Invoking command in '/home/cyber/ros2_ws/build/sensor_package': CMAKE_PREFIX_PATH=${CMAKE_PREFIX_PATH}:/home/cyber/ros2_ws/install/plot_sensor_data:/opt/ros/humble /usr/bin/cmake --build /home/cyber/ros2_ws/build/sensor_package -- -j4 -l4
[4.614s] [ 33%] [32mBuilding CXX object CMakeFiles/humidity_publisher.dir/src/humidity_publisher.cpp.o[0m
[4.614s] [ 33%] [32mBuilding CXX object CMakeFiles/temperature_publisher.dir/src/temperature_publisher.cpp.o[0m
[4.625s] [ 50%] [32mBuilding CXX object CMakeFiles/pressure_publisher.dir/src/pressure_publisher.cpp.o[0m
[17.544s] [ 66%] [32m[1mLinking CXX executable pressure_publisher[0m
[17.943s] [ 83%] [32m[1mLinking CXX executable humidity_publisher[0m
[18.000s] [ 83%] Built target pressure_publisher
[18.022s] [100%] [32m[1mLinking CXX executable temperature_publisher[0m
[18.391s] [100%] Built target humidity_publisher
[18.460s] [100%] Built target temperature_publisher
[18.477s] Invoked command in '/home/cyber/ros2_ws/build/sensor_package' returned '0': CMAKE_PREFIX_PATH=${CMAKE_PREFIX_PATH}:/home/cyber/ros2_ws/install/plot_sensor_data:/opt/ros/humble /usr/bin/cmake --build /home/cyber/ros2_ws/build/sensor_package -- -j4 -l4
[18.522s] Invoking command in '/home/cyber/ros2_ws/build/sensor_package': CMAKE_PREFIX_PATH=${CMAKE_PREFIX_PATH}:/home/cyber/ros2_ws/install/plot_sensor_data:/opt/ros/humble /usr/bin/cmake --install /home/cyber/ros2_ws/build/sensor_package
[18.537s] -- Install configuration: ""
[18.537s] -- Installing: /home/cyber/ros2_ws/install/sensor_package/lib/sensor_package/temperature_publisher
[18.540s] -- Set runtime path of "/home/cyber/ros2_ws/install/sensor_package/lib/sensor_package/temperature_publisher" to ""
[18.540s] -- Installing: /home/cyber/ros2_ws/install/sensor_package/lib/sensor_package/pressure_publisher
[18.543s] -- Set runtime path of "/home/cyber/ros2_ws/install/sensor_package/lib/sensor_package/pressure_publisher" to ""
[18.543s] -- Installing: /home/cyber/ros2_ws/install/sensor_package/lib/sensor_package/humidity_publisher
[18.545s] -- Set runtime path of "/home/cyber/ros2_ws/install/sensor_package/lib/sensor_package/humidity_publisher" to ""
[18.545s] -- Installing: /home/cyber/ros2_ws/install/sensor_package/share/sensor_package/launch
[18.545s] -- Installing: /home/cyber/ros2_ws/install/sensor_package/share/sensor_package/launch/sensor_launch.py
[18.546s] -- Installing: /home/cyber/ros2_ws/install/sensor_package/share/ament_index/resource_index/package_run_dependencies/sensor_package
[18.546s] -- Installing: /home/cyber/ros2_ws/install/sensor_package/share/ament_index/resource_index/parent_prefix_path/sensor_package
[18.546s] -- Installing: /home/cyber/ros2_ws/install/sensor_package/share/sensor_package/environment/ament_prefix_path.sh
[18.546s] -- Installing: /home/cyber/ros2_ws/install/sensor_package/share/sensor_package/environment/ament_prefix_path.dsv
[18.547s] -- Installing: /home/cyber/ros2_ws/install/sensor_package/share/sensor_package/environment/path.sh
[18.547s] -- Installing: /home/cyber/ros2_ws/install/sensor_package/share/sensor_package/environment/path.dsv
[18.547s] -- Installing: /home/cyber/ros2_ws/install/sensor_package/share/sensor_package/local_setup.bash
[18.547s] -- Installing: /home/cyber/ros2_ws/install/sensor_package/share/sensor_package/local_setup.sh
[18.548s] -- Installing: /home/cyber/ros2_ws/install/sensor_package/share/sensor_package/local_setup.zsh
[18.548s] -- Installing: /home/cyber/ros2_ws/install/sensor_package/share/sensor_package/local_setup.dsv
[18.548s] -- Installing: /home/cyber/ros2_ws/install/sensor_package/share/sensor_package/package.dsv
[18.549s] -- Installing: /home/cyber/ros2_ws/install/sensor_package/share/ament_index/resource_index/packages/sensor_package
[18.549s] -- Installing: /home/cyber/ros2_ws/install/sensor_package/share/sensor_package/cmake/sensor_packageConfig.cmake
[18.549s] -- Installing: /home/cyber/ros2_ws/install/sensor_package/share/sensor_package/cmake/sensor_packageConfig-version.cmake
[18.549s] -- Installing: /home/cyber/ros2_ws/install/sensor_package/share/sensor_package/package.xml
[18.554s] Invoked command in '/home/cyber/ros2_ws/build/sensor_package' returned '0': CMAKE_PREFIX_PATH=${CMAKE_PREFIX_PATH}:/home/cyber/ros2_ws/install/plot_sensor_data:/opt/ros/humble /usr/bin/cmake --install /home/cyber/ros2_ws/build/sensor_package
