[0.031s] Invoking command in '/home/cyber/ros2_ws/build/data_processor': CMAKE_PREFIX_PATH=${CMAKE_PREFIX_PATH}:/home/cyber/ros2_ws/install/plot_sensor_data:/opt/ros/humble /usr/bin/cmake /home/cyber/ros2_ws/src/data_processor -DCMAKE_INSTALL_PREFIX=/home/cyber/ros2_ws/install/data_processor
[0.605s] -- The C compiler identification is GNU 11.4.0
[0.796s] -- The CXX compiler identification is GNU 11.4.0
[0.814s] -- Detecting C compiler ABI info
[1.017s] -- Detecting C compiler ABI info - done
[1.038s] -- Check for working C compiler: /usr/bin/cc - skipped
[1.039s] -- Detecting C compile features
[1.048s] -- Detecting C compile features - done
[1.056s] -- Detecting CXX compiler ABI info
[1.251s] -- Detecting CXX compiler ABI info - done
[1.281s] -- Check for working CXX compiler: /usr/bin/c++ - skipped
[1.281s] -- Detecting CXX compile features
[1.281s] -- Detecting CXX compile features - done
[1.282s] -- Found ament_cmake: 1.3.9 (/opt/ros/humble/share/ament_cmake/cmake)
[2.187s] -- Found Python3: /usr/bin/python3 (found version "3.10.12") found components: Interpreter 
[2.487s] -- Found rclcpp: 16.0.9 (/opt/ros/humble/share/rclcpp/cmake)
[2.645s] -- Found rosidl_generator_c: 3.1.5 (/opt/ros/humble/share/rosidl_generator_c/cmake)
[2.657s] -- Found rosidl_adapter: 3.1.5 (/opt/ros/humble/share/rosidl_adapter/cmake)
[2.679s] -- Found rosidl_generator_cpp: 3.1.5 (/opt/ros/humble/share/rosidl_generator_cpp/cmake)
[2.715s] -- Using all available rosidl_typesupport_c: rosidl_typesupport_fastrtps_c;rosidl_typesupport_introspection_c
[2.770s] -- Using all available rosidl_typesupport_cpp: rosidl_typesupport_fastrtps_cpp;rosidl_typesupport_introspection_cpp
[2.961s] -- Found rmw_implementation_cmake: 6.1.2 (/opt/ros/humble/share/rmw_implementation_cmake/cmake)
[2.966s] -- Found rmw_fastrtps_cpp: 6.2.6 (/opt/ros/humble/share/rmw_fastrtps_cpp/cmake)
[3.302s] -- Found OpenSSL: /usr/lib/x86_64-linux-gnu/libcrypto.so (found version "3.0.2")  
[3.360s] -- Found FastRTPS: /opt/ros/humble/include  
[3.435s] -- Using RMW implementation 'rmw_fastrtps_cpp' as default
[3.471s] -- Looking for pthread.h
[3.612s] -- Looking for pthread.h - found
[3.613s] -- Performing Test CMAKE_HAVE_LIBC_PTHREAD
[3.759s] -- Performing Test CMAKE_HAVE_LIBC_PTHREAD - Success
[3.761s] -- Found Threads: TRUE  
[4.180s] -- Found sensor_msgs: 4.2.4 (/opt/ros/humble/share/sensor_msgs/cmake)
[4.473s] -- Found rclpy: 3.3.13 (/opt/ros/humble/share/rclpy/cmake)
[4.478s] -- Found ament_lint_auto: 0.12.11 (/opt/ros/humble/share/ament_lint_auto/cmake)
[4.701s] -- Added test 'cppcheck' to perform static code analysis on C / C++ code
[4.701s] -- Configured cppcheck include dirs: /home/cyber/ros2_ws/src/data_processor/include
[4.701s] -- Configured cppcheck exclude dirs and/or files: 
[4.702s] -- Added test 'flake8' to check Python code syntax and style conventions
[4.703s] -- Added test 'lint_cmake' to check CMake code style
[4.704s] -- Added test 'pep257' to check Python code against some of the docstring style conventions in PEP 257
[4.711s] -- Added test 'uncrustify' to check C / C++ code style
[4.711s] -- Configured uncrustify additional arguments: 
[4.712s] -- Added test 'xmllint' to check XML markup files
[4.718s] -- Configuring done
[4.762s] -- Generating done
[4.766s] -- Build files have been written to: /home/cyber/ros2_ws/build/data_processor
[4.786s] Invoked command in '/home/cyber/ros2_ws/build/data_processor' returned '0': CMAKE_PREFIX_PATH=${CMAKE_PREFIX_PATH}:/home/cyber/ros2_ws/install/plot_sensor_data:/opt/ros/humble /usr/bin/cmake /home/cyber/ros2_ws/src/data_processor -DCMAKE_INSTALL_PREFIX=/home/cyber/ros2_ws/install/data_processor
[4.787s] Invoking command in '/home/cyber/ros2_ws/build/data_processor': CMAKE_PREFIX_PATH=${CMAKE_PREFIX_PATH}:/home/cyber/ros2_ws/install/plot_sensor_data:/opt/ros/humble /usr/bin/cmake --build /home/cyber/ros2_ws/build/data_processor -- -j4 -l4
[4.887s] [ 50%] [32mBuilding CXX object CMakeFiles/sensor_subscriber.dir/src/sensor_subscriber.cpp.o[0m
[22.809s] [100%] [32m[1mLinking CXX executable sensor_subscriber[0m
[23.437s] [100%] Built target sensor_subscriber
[23.454s] Invoked command in '/home/cyber/ros2_ws/build/data_processor' returned '0': CMAKE_PREFIX_PATH=${CMAKE_PREFIX_PATH}:/home/cyber/ros2_ws/install/plot_sensor_data:/opt/ros/humble /usr/bin/cmake --build /home/cyber/ros2_ws/build/data_processor -- -j4 -l4
[23.491s] Invoking command in '/home/cyber/ros2_ws/build/data_processor': CMAKE_PREFIX_PATH=${CMAKE_PREFIX_PATH}:/home/cyber/ros2_ws/install/plot_sensor_data:/opt/ros/humble /usr/bin/cmake --install /home/cyber/ros2_ws/build/data_processor
[23.502s] -- Install configuration: ""
[23.502s] -- Installing: /home/cyber/ros2_ws/install/data_processor/lib/data_processor/sensor_subscriber
[23.507s] -- Set runtime path of "/home/cyber/ros2_ws/install/data_processor/lib/data_processor/sensor_subscriber" to ""
[23.507s] -- Installing: /home/cyber/ros2_ws/install/data_processor/share/data_processor/launch
[23.507s] -- Installing: /home/cyber/ros2_ws/install/data_processor/share/data_processor/launch/data_launch.py
[23.507s] -- Installing: /home/cyber/ros2_ws/install/data_processor/share/data_processor/package.xml
[23.507s] -- Installing: /home/cyber/ros2_ws/install/data_processor/share/ament_index/resource_index/package_run_dependencies/data_processor
[23.507s] -- Installing: /home/cyber/ros2_ws/install/data_processor/share/ament_index/resource_index/parent_prefix_path/data_processor
[23.508s] -- Installing: /home/cyber/ros2_ws/install/data_processor/share/data_processor/environment/ament_prefix_path.sh
[23.508s] -- Installing: /home/cyber/ros2_ws/install/data_processor/share/data_processor/environment/ament_prefix_path.dsv
[23.508s] -- Installing: /home/cyber/ros2_ws/install/data_processor/share/data_processor/environment/path.sh
[23.509s] -- Installing: /home/cyber/ros2_ws/install/data_processor/share/data_processor/environment/path.dsv
[23.509s] -- Installing: /home/cyber/ros2_ws/install/data_processor/share/data_processor/local_setup.bash
[23.509s] -- Installing: /home/cyber/ros2_ws/install/data_processor/share/data_processor/local_setup.sh
[23.509s] -- Installing: /home/cyber/ros2_ws/install/data_processor/share/data_processor/local_setup.zsh
[23.509s] -- Installing: /home/cyber/ros2_ws/install/data_processor/share/data_processor/local_setup.dsv
[23.510s] -- Installing: /home/cyber/ros2_ws/install/data_processor/share/data_processor/package.dsv
[23.510s] -- Installing: /home/cyber/ros2_ws/install/data_processor/share/ament_index/resource_index/packages/data_processor
[23.510s] -- Installing: /home/cyber/ros2_ws/install/data_processor/share/data_processor/cmake/data_processorConfig.cmake
[23.510s] -- Installing: /home/cyber/ros2_ws/install/data_processor/share/data_processor/cmake/data_processorConfig-version.cmake
[23.510s] -- Up-to-date: /home/cyber/ros2_ws/install/data_processor/share/data_processor/package.xml
[23.514s] Invoked command in '/home/cyber/ros2_ws/build/data_processor' returned '0': CMAKE_PREFIX_PATH=${CMAKE_PREFIX_PATH}:/home/cyber/ros2_ws/install/plot_sensor_data:/opt/ros/humble /usr/bin/cmake --install /home/cyber/ros2_ws/build/data_processor
