[35m[1mConsolidate compiler generated dependencies of target temperature_publisher[0m
[ 16%] [32mBuilding CXX object CMakeFiles/humidity_publisher.dir/src/humidity_publisher.cpp.o[0m
[ 50%] Built target pressure_publisher
[ 83%] Built target temperature_publisher
[100%] [32m[1mLinking CXX executable humidity_publisher[0m
[100%] Built target humidity_publisher
-- Install configuration: ""
-- Installing: /home/cyber/ros2_ws/install/sensor_package/lib/sensor_package/temperature_publisher
-- Set runtime path of "/home/cyber/ros2_ws/install/sensor_package/lib/sensor_package/temperature_publisher" to ""
-- Installing: /home/cyber/ros2_ws/install/sensor_package/lib/sensor_package/pressure_publisher
-- Set runtime path of "/home/cyber/ros2_ws/install/sensor_package/lib/sensor_package/pressure_publisher" to ""
-- Installing: /home/cyber/ros2_ws/install/sensor_package/lib/sensor_package/humidity_publisher
-- Set runtime path of "/home/cyber/ros2_ws/install/sensor_package/lib/sensor_package/humidity_publisher" to ""
-- Installing: /home/cyber/ros2_ws/install/sensor_package/share/sensor_package/launch
-- Installing: /home/cyber/ros2_ws/install/sensor_package/share/sensor_package/launch/sensor_launch.py
-- Up-to-date: /home/cyber/ros2_ws/install/sensor_package/share/ament_index/resource_index/package_run_dependencies/sensor_package
-- Installing: /home/cyber/ros2_ws/install/sensor_package/share/ament_index/resource_index/parent_prefix_path/sensor_package
-- Up-to-date: /home/cyber/ros2_ws/install/sensor_package/share/sensor_package/environment/ament_prefix_path.sh
-- Installing: /home/cyber/ros2_ws/install/sensor_package/share/sensor_package/environment/ament_prefix_path.dsv
-- Up-to-date: /home/cyber/ros2_ws/install/sensor_package/share/sensor_package/environment/path.sh
-- Installing: /home/cyber/ros2_ws/install/sensor_package/share/sensor_package/environment/path.dsv
-- Up-to-date: /home/cyber/ros2_ws/install/sensor_package/share/sensor_package/local_setup.bash
-- Up-to-date: /home/cyber/ros2_ws/install/sensor_package/share/sensor_package/local_setup.sh
-- Up-to-date: /home/cyber/ros2_ws/install/sensor_package/share/sensor_package/local_setup.zsh
-- Installing: /home/cyber/ros2_ws/install/sensor_package/share/sensor_package/local_setup.dsv
-- Installing: /home/cyber/ros2_ws/install/sensor_package/share/sensor_package/package.dsv
-- Up-to-date: /home/cyber/ros2_ws/install/sensor_package/share/ament_index/resource_index/packages/sensor_package
-- Up-to-date: /home/cyber/ros2_ws/install/sensor_package/share/sensor_package/cmake/sensor_packageConfig.cmake
-- Up-to-date: /home/cyber/ros2_ws/install/sensor_package/share/sensor_package/cmake/sensor_packageConfig-version.cmake
-- Up-to-date: /home/cyber/ros2_ws/install/sensor_package/share/sensor_package/package.xml
