[0.782s] Invoking command in '/home/cyber/ros2_ws/src/plot_sensor_data': PYTHONPATH=/home/cyber/ros2_ws/build/plot_sensor_data/prefix_override:/home/cyber/ros2_ws/install/plot_sensor_data/lib/python3.10/site-packages:${PYTHONPATH} /usr/bin/python3 -W ignore:setup.py install is deprecated setup.py egg_info --egg-base ../../build/plot_sensor_data build --build-base /home/cyber/ros2_ws/build/plot_sensor_data/build install --record /home/cyber/ros2_ws/build/plot_sensor_data/install.log --single-version-externally-managed install_data
[0.955s] running egg_info
[0.967s] writing ../../build/plot_sensor_data/plot_sensor_data.egg-info/PKG-INFO
[0.967s] writing dependency_links to ../../build/plot_sensor_data/plot_sensor_data.egg-info/dependency_links.txt
[0.967s] writing entry points to ../../build/plot_sensor_data/plot_sensor_data.egg-info/entry_points.txt
[0.967s] writing requirements to ../../build/plot_sensor_data/plot_sensor_data.egg-info/requires.txt
[0.967s] writing top-level names to ../../build/plot_sensor_data/plot_sensor_data.egg-info/top_level.txt
[0.997s] reading manifest file '../../build/plot_sensor_data/plot_sensor_data.egg-info/SOURCES.txt'
[0.998s] writing manifest file '../../build/plot_sensor_data/plot_sensor_data.egg-info/SOURCES.txt'
[0.998s] running build
[0.998s] running build_py
[0.998s] copying plot_sensor_data/__init__.py -> /home/cyber/ros2_ws/build/plot_sensor_data/build/lib/plot_sensor_data
[0.998s] copying plot_sensor_data/plot_node.py -> /home/cyber/ros2_ws/build/plot_sensor_data/build/lib/plot_sensor_data
[0.998s] running install
[1.002s] running install_lib
[1.016s] running install_data
[1.016s] copying resource/plot_sensor_data -> /home/cyber/ros2_ws/install/plot_sensor_data/share/ament_index/resource_index/packages
[1.016s] copying package.xml -> /home/cyber/ros2_ws/install/plot_sensor_data/share/plot_sensor_data
[1.016s] creating /home/cyber/ros2_ws/install/plot_sensor_data/share/plot_sensor_data/launch
[1.016s] copying launch/plot_launch.py -> /home/cyber/ros2_ws/install/plot_sensor_data/share/plot_sensor_data/launch
[1.016s] running install_egg_info
[1.029s] removing '/home/cyber/ros2_ws/install/plot_sensor_data/lib/python3.10/site-packages/plot_sensor_data-0.0.0-py3.10.egg-info' (and everything under it)
[1.029s] Copying ../../build/plot_sensor_data/plot_sensor_data.egg-info to /home/cyber/ros2_ws/install/plot_sensor_data/lib/python3.10/site-packages/plot_sensor_data-0.0.0-py3.10.egg-info
[1.030s] running install_scripts
[1.145s] Installing plot_node script to /home/cyber/ros2_ws/install/plot_sensor_data/lib/plot_sensor_data
[1.145s] writing list of installed files to '/home/cyber/ros2_ws/build/plot_sensor_data/install.log'
[1.169s] Invoked command in '/home/cyber/ros2_ws/src/plot_sensor_data' returned '0': PYTHONPATH=/home/cyber/ros2_ws/build/plot_sensor_data/prefix_override:/home/cyber/ros2_ws/install/plot_sensor_data/lib/python3.10/site-packages:${PYTHONPATH} /usr/bin/python3 -W ignore:setup.py install is deprecated setup.py egg_info --egg-base ../../build/plot_sensor_data build --build-base /home/cyber/ros2_ws/build/plot_sensor_data/build install --record /home/cyber/ros2_ws/build/plot_sensor_data/install.log --single-version-externally-managed install_data
