[0.008s] Invoking command in '/home/cyber/ros2_ws/build/sensor_package': CMAKE_PREFIX_PATH=${CMAKE_PREFIX_PATH}:/opt/ros/humble /usr/bin/cmake --build /home/cyber/ros2_ws/build/sensor_package -- -j4 -l4
[0.036s] Invoked command in '/home/cyber/ros2_ws/build/sensor_package' returned '0': CMAKE_PREFIX_PATH=${CMAKE_PREFIX_PATH}:/opt/ros/humble /usr/bin/cmake --build /home/cyber/ros2_ws/build/sensor_package -- -j4 -l4
[0.057s] Invoking command in '/home/cyber/ros2_ws/build/sensor_package': CMAKE_PREFIX_PATH=${CMAKE_PREFIX_PATH}:/opt/ros/humble /usr/bin/cmake --install /home/cyber/ros2_ws/build/sensor_package
[0.063s] -- Install configuration: ""
[0.063s] -- Up-to-date: /home/cyber/ros2_ws/install/sensor_package/share/ament_index/resource_index/package_run_dependencies/sensor_package
[0.063s] -- Up-to-date: /home/cyber/ros2_ws/install/sensor_package/share/ament_index/resource_index/parent_prefix_path/sensor_package
[0.063s] -- Up-to-date: /home/cyber/ros2_ws/install/sensor_package/share/sensor_package/environment/ament_prefix_path.sh
[0.064s] -- Up-to-date: /home/cyber/ros2_ws/install/sensor_package/share/sensor_package/environment/ament_prefix_path.dsv
[0.064s] -- Up-to-date: /home/cyber/ros2_ws/install/sensor_package/share/sensor_package/environment/path.sh
[0.064s] -- Up-to-date: /home/cyber/ros2_ws/install/sensor_package/share/sensor_package/environment/path.dsv
[0.064s] -- Up-to-date: /home/cyber/ros2_ws/install/sensor_package/share/sensor_package/local_setup.bash
[0.064s] -- Up-to-date: /home/cyber/ros2_ws/install/sensor_package/share/sensor_package/local_setup.sh
[0.064s] -- Up-to-date: /home/cyber/ros2_ws/install/sensor_package/share/sensor_package/local_setup.zsh
[0.064s] -- Up-to-date: /home/cyber/ros2_ws/install/sensor_package/share/sensor_package/local_setup.dsv
[0.064s] -- Installing: /home/cyber/ros2_ws/install/sensor_package/share/sensor_package/package.dsv
[0.064s] -- Up-to-date: /home/cyber/ros2_ws/install/sensor_package/share/ament_index/resource_index/packages/sensor_package
[0.064s] -- Up-to-date: /home/cyber/ros2_ws/install/sensor_package/share/sensor_package/cmake/sensor_packageConfig.cmake
[0.064s] -- Up-to-date: /home/cyber/ros2_ws/install/sensor_package/share/sensor_package/cmake/sensor_packageConfig-version.cmake
[0.064s] -- Up-to-date: /home/cyber/ros2_ws/install/sensor_package/share/sensor_package/package.xml
[0.065s] Invoked command in '/home/cyber/ros2_ws/build/sensor_package' returned '0': CMAKE_PREFIX_PATH=${CMAKE_PREFIX_PATH}:/opt/ros/humble /usr/bin/cmake --install /home/cyber/ros2_ws/build/sensor_package
