[0.616s] Invoking command in '/home/cyber/ros2_ws/build/sensor_package': CMAKE_PREFIX_PATH=/opt/ros/humble /usr/bin/cmake --build /home/cyber/ros2_ws/build/sensor_package -- -j4 -l4
[0.703s] -- Found ament_cmake: 1.3.9 (/opt/ros/humble/share/ament_cmake/cmake)
[1.065s] -- Found rclcpp: 16.0.9 (/opt/ros/humble/share/rclcpp/cmake)
[1.157s] -- Found rosidl_generator_c: 3.1.5 (/opt/ros/humble/share/rosidl_generator_c/cmake)
[1.165s] -- Found rosidl_adapter: 3.1.5 (/opt/ros/humble/share/rosidl_adapter/cmake)
[1.185s] -- Found rosidl_generator_cpp: 3.1.5 (/opt/ros/humble/share/rosidl_generator_cpp/cmake)
[1.224s] -- Using all available rosidl_typesupport_c: rosidl_typesupport_fastrtps_c;rosidl_typesupport_introspection_c
[1.277s] -- Using all available rosidl_typesupport_cpp: rosidl_typesupport_fastrtps_cpp;rosidl_typesupport_introspection_cpp
[1.469s] -- Found rmw_implementation_cmake: 6.1.2 (/opt/ros/humble/share/rmw_implementation_cmake/cmake)
[1.474s] -- Found rmw_fastrtps_cpp: 6.2.6 (/opt/ros/humble/share/rmw_fastrtps_cpp/cmake)
[1.838s] -- Using RMW implementation 'rmw_fastrtps_cpp' as default
[2.488s] -- Found sensor_msgs: 4.2.4 (/opt/ros/humble/share/sensor_msgs/cmake)
[2.872s] -- Found ament_lint_auto: 0.12.11 (/opt/ros/humble/share/ament_lint_auto/cmake)
[3.053s] -- Added test 'cppcheck' to perform static code analysis on C / C++ code
[3.054s] -- Configured cppcheck include dirs: 
[3.054s] -- Configured cppcheck exclude dirs and/or files: 
[3.055s] -- Added test 'flake8' to check Python code syntax and style conventions
[3.056s] -- Added test 'lint_cmake' to check CMake code style
[3.057s] -- Added test 'pep257' to check Python code against some of the docstring style conventions in PEP 257
[3.059s] -- Added test 'uncrustify' to check C / C++ code style
[3.060s] -- Configured uncrustify additional arguments: 
[3.061s] -- Added test 'xmllint' to check XML markup files
[3.063s] -- Configuring done
[3.121s] -- Generating done
[3.129s] -- Build files have been written to: /home/cyber/ros2_ws/build/sensor_package
[3.198s] [35m[1mConsolidate compiler generated dependencies of target temperature_publisher[0m
[3.240s] [35m[1mConsolidate compiler generated dependencies of target humidity_publisher[0m
[3.244s] [35m[1mConsolidate compiler generated dependencies of target pressure_publisher[0m
[3.291s] [ 16%] [32mBuilding CXX object CMakeFiles/temperature_publisher.dir/src/temperature_publisher.cpp.o[0m
[3.300s] [ 33%] [32mBuilding CXX object CMakeFiles/humidity_publisher.dir/src/humidity_publisher.cpp.o[0m
[3.363s] [ 50%] [32mBuilding CXX object CMakeFiles/pressure_publisher.dir/src/pressure_publisher.cpp.o[0m
[20.298s] [ 66%] [32m[1mLinking CXX executable temperature_publisher[0m
[21.514s] [ 66%] Built target temperature_publisher
[22.561s] [ 83%] [32m[1mLinking CXX executable pressure_publisher[0m
[23.170s] [ 83%] Built target pressure_publisher
[23.307s] [100%] [32m[1mLinking CXX executable humidity_publisher[0m
[23.721s] [100%] Built target humidity_publisher
[23.800s] Invoked command in '/home/cyber/ros2_ws/build/sensor_package' returned '0': CMAKE_PREFIX_PATH=/opt/ros/humble /usr/bin/cmake --build /home/cyber/ros2_ws/build/sensor_package -- -j4 -l4
[23.856s] Invoking command in '/home/cyber/ros2_ws/build/sensor_package': CMAKE_PREFIX_PATH=/opt/ros/humble /usr/bin/cmake --install /home/cyber/ros2_ws/build/sensor_package
[23.871s] -- Install configuration: ""
[23.880s] -- Installing: /home/cyber/ros2_ws/install/sensor_package/lib/sensor_package/temperature_publisher
[23.882s] -- Set runtime path of "/home/cyber/ros2_ws/install/sensor_package/lib/sensor_package/temperature_publisher" to ""
[23.896s] -- Installing: /home/cyber/ros2_ws/install/sensor_package/lib/sensor_package/pressure_publisher
[23.898s] -- Set runtime path of "/home/cyber/ros2_ws/install/sensor_package/lib/sensor_package/pressure_publisher" to ""
[23.926s] -- Installing: /home/cyber/ros2_ws/install/sensor_package/lib/sensor_package/humidity_publisher
[23.929s] -- Set runtime path of "/home/cyber/ros2_ws/install/sensor_package/lib/sensor_package/humidity_publisher" to ""
[23.929s] -- Up-to-date: /home/cyber/ros2_ws/install/sensor_package/share/sensor_package/launch
[23.942s] -- Up-to-date: /home/cyber/ros2_ws/install/sensor_package/share/sensor_package/launch/sensor_launch.py
[23.947s] -- Installing: /home/cyber/ros2_ws/install/sensor_package/share/ament_index/resource_index/package_run_dependencies/sensor_package
[23.959s] -- Installing: /home/cyber/ros2_ws/install/sensor_package/share/ament_index/resource_index/parent_prefix_path/sensor_package
[23.960s] -- Installing: /home/cyber/ros2_ws/install/sensor_package/share/sensor_package/environment/ament_prefix_path.sh
[23.961s] -- Installing: /home/cyber/ros2_ws/install/sensor_package/share/sensor_package/environment/ament_prefix_path.dsv
[23.992s] -- Installing: /home/cyber/ros2_ws/install/sensor_package/share/sensor_package/environment/path.sh
[23.992s] -- Installing: /home/cyber/ros2_ws/install/sensor_package/share/sensor_package/environment/path.dsv
[24.025s] -- Up-to-date: /home/cyber/ros2_ws/install/sensor_package/share/sensor_package/local_setup.bash
[24.026s] -- Up-to-date: /home/cyber/ros2_ws/install/sensor_package/share/sensor_package/local_setup.sh
[24.026s] -- Up-to-date: /home/cyber/ros2_ws/install/sensor_package/share/sensor_package/local_setup.zsh
[24.026s] -- Installing: /home/cyber/ros2_ws/install/sensor_package/share/sensor_package/local_setup.dsv
[24.036s] -- Installing: /home/cyber/ros2_ws/install/sensor_package/share/sensor_package/package.dsv
[24.037s] -- Up-to-date: /home/cyber/ros2_ws/install/sensor_package/share/ament_index/resource_index/packages/sensor_package
[24.037s] -- Up-to-date: /home/cyber/ros2_ws/install/sensor_package/share/sensor_package/cmake/sensor_packageConfig.cmake
[24.037s] -- Up-to-date: /home/cyber/ros2_ws/install/sensor_package/share/sensor_package/cmake/sensor_packageConfig-version.cmake
[24.037s] -- Up-to-date: /home/cyber/ros2_ws/install/sensor_package/share/sensor_package/package.xml
[24.041s] Invoked command in '/home/cyber/ros2_ws/build/sensor_package' returned '0': CMAKE_PREFIX_PATH=/opt/ros/humble /usr/bin/cmake --install /home/cyber/ros2_ws/build/sensor_package
