[0.368s] Invoking command in '/home/cyber/ros2_ws/build/sensor_package': CMAKE_PREFIX_PATH=${CMAKE_PREFIX_PATH}:/home/cyber/ros2_ws/install/plot_sensor_data:/opt/ros/humble /usr/bin/cmake --build /home/cyber/ros2_ws/build/sensor_package -- -j4 -l4
[0.475s] [35m[1mConsolidate compiler generated dependencies of target pressure_publisher[0m
[0.506s] [ 16%] [32mBuilding CXX object CMakeFiles/temperature_publisher.dir/src/temperature_publisher.cpp.o[0m
[0.527s] [ 50%] Built target pressure_publisher
[0.529s] [ 83%] Built target humidity_publisher
[7.242s] [100%] [32m[1mLinking CXX executable temperature_publisher[0m
[7.537s] [100%] Built target temperature_publisher
[7.554s] Invoked command in '/home/cyber/ros2_ws/build/sensor_package' returned '0': CMAKE_PREFIX_PATH=${CMAKE_PREFIX_PATH}:/home/cyber/ros2_ws/install/plot_sensor_data:/opt/ros/humble /usr/bin/cmake --build /home/cyber/ros2_ws/build/sensor_package -- -j4 -l4
[7.596s] Invoking command in '/home/cyber/ros2_ws/build/sensor_package': CMAKE_PREFIX_PATH=${CMAKE_PREFIX_PATH}:/home/cyber/ros2_ws/install/plot_sensor_data:/opt/ros/humble /usr/bin/cmake --install /home/cyber/ros2_ws/build/sensor_package
[7.607s] -- Install configuration: ""
[7.607s] -- Installing: /home/cyber/ros2_ws/install/sensor_package/lib/sensor_package/temperature_publisher
[7.609s] -- Set runtime path of "/home/cyber/ros2_ws/install/sensor_package/lib/sensor_package/temperature_publisher" to ""
[7.610s] -- Up-to-date: /home/cyber/ros2_ws/install/sensor_package/lib/sensor_package/pressure_publisher
[7.610s] -- Up-to-date: /home/cyber/ros2_ws/install/sensor_package/lib/sensor_package/humidity_publisher
[7.610s] -- Up-to-date: /home/cyber/ros2_ws/install/sensor_package/share/sensor_package/launch
[7.610s] -- Up-to-date: /home/cyber/ros2_ws/install/sensor_package/share/sensor_package/launch/sensor_launch.py
[7.610s] -- Up-to-date: /home/cyber/ros2_ws/install/sensor_package/share/ament_index/resource_index/package_run_dependencies/sensor_package
[7.611s] -- Up-to-date: /home/cyber/ros2_ws/install/sensor_package/share/ament_index/resource_index/parent_prefix_path/sensor_package
[7.611s] -- Up-to-date: /home/cyber/ros2_ws/install/sensor_package/share/sensor_package/environment/ament_prefix_path.sh
[7.611s] -- Up-to-date: /home/cyber/ros2_ws/install/sensor_package/share/sensor_package/environment/ament_prefix_path.dsv
[7.611s] -- Up-to-date: /home/cyber/ros2_ws/install/sensor_package/share/sensor_package/environment/path.sh
[7.611s] -- Up-to-date: /home/cyber/ros2_ws/install/sensor_package/share/sensor_package/environment/path.dsv
[7.612s] -- Up-to-date: /home/cyber/ros2_ws/install/sensor_package/share/sensor_package/local_setup.bash
[7.612s] -- Up-to-date: /home/cyber/ros2_ws/install/sensor_package/share/sensor_package/local_setup.sh
[7.612s] -- Up-to-date: /home/cyber/ros2_ws/install/sensor_package/share/sensor_package/local_setup.zsh
[7.612s] -- Up-to-date: /home/cyber/ros2_ws/install/sensor_package/share/sensor_package/local_setup.dsv
[7.612s] -- Installing: /home/cyber/ros2_ws/install/sensor_package/share/sensor_package/package.dsv
[7.612s] -- Up-to-date: /home/cyber/ros2_ws/install/sensor_package/share/ament_index/resource_index/packages/sensor_package
[7.612s] -- Up-to-date: /home/cyber/ros2_ws/install/sensor_package/share/sensor_package/cmake/sensor_packageConfig.cmake
[7.613s] -- Up-to-date: /home/cyber/ros2_ws/install/sensor_package/share/sensor_package/cmake/sensor_packageConfig-version.cmake
[7.613s] -- Up-to-date: /home/cyber/ros2_ws/install/sensor_package/share/sensor_package/package.xml
[7.615s] Invoked command in '/home/cyber/ros2_ws/build/sensor_package' returned '0': CMAKE_PREFIX_PATH=${CMAKE_PREFIX_PATH}:/home/cyber/ros2_ws/install/plot_sensor_data:/opt/ros/humble /usr/bin/cmake --install /home/cyber/ros2_ws/build/sensor_package
