[0.342s] Invoking command in '/home/cyber/ros2_ws/build/rosbridge_server_launch': CMAKE_PREFIX_PATH=/opt/ros/humble /usr/bin/cmake --build /home/cyber/ros2_ws/build/rosbridge_server_launch -- -j4 -l4
[0.392s] -- Found ament_cmake: 1.3.9 (/opt/ros/humble/share/ament_cmake/cmake)
[0.678s] -- Found rclcpp: 16.0.9 (/opt/ros/humble/share/rclcpp/cmake)
[0.730s] -- Found rosidl_generator_c: 3.1.5 (/opt/ros/humble/share/rosidl_generator_c/cmake)
[0.734s] -- Found rosidl_adapter: 3.1.5 (/opt/ros/humble/share/rosidl_adapter/cmake)
[0.743s] -- Found rosidl_generator_cpp: 3.1.5 (/opt/ros/humble/share/rosidl_generator_cpp/cmake)
[0.760s] -- Using all available rosidl_typesupport_c: rosidl_typesupport_fastrtps_c;rosidl_typesupport_introspection_c
[0.782s] -- Using all available rosidl_typesupport_cpp: rosidl_typesupport_fastrtps_cpp;rosidl_typesupport_introspection_cpp
[0.866s] -- Found rmw_implementation_cmake: 6.1.2 (/opt/ros/humble/share/rmw_implementation_cmake/cmake)
[0.868s] -- Found rmw_fastrtps_cpp: 6.2.6 (/opt/ros/humble/share/rmw_fastrtps_cpp/cmake)
[1.040s] -- Using RMW implementation 'rmw_fastrtps_cpp' as default
[1.268s] -- Found ament_lint_auto: 0.12.11 (/opt/ros/humble/share/ament_lint_auto/cmake)
[1.377s] -- Added test 'flake8' to check Python code syntax and style conventions
[1.378s] -- Added test 'lint_cmake' to check CMake code style
[1.379s] -- Added test 'pep257' to check Python code against some of the docstring style conventions in PEP 257
[1.381s] -- Added test 'xmllint' to check XML markup files
[1.382s] -- Configuring done
[1.388s] -- Generating done
[1.391s] -- Build files have been written to: /home/cyber/ros2_ws/build/rosbridge_server_launch
[1.433s] Invoked command in '/home/cyber/ros2_ws/build/rosbridge_server_launch' returned '0': CMAKE_PREFIX_PATH=/opt/ros/humble /usr/bin/cmake --build /home/cyber/ros2_ws/build/rosbridge_server_launch -- -j4 -l4
[1.466s] Invoking command in '/home/cyber/ros2_ws/build/rosbridge_server_launch': CMAKE_PREFIX_PATH=/opt/ros/humble /usr/bin/cmake --install /home/cyber/ros2_ws/build/rosbridge_server_launch
[1.476s] -- Install configuration: ""
[1.477s] -- Up-to-date: /home/cyber/ros2_ws/install/rosbridge_server_launch/share/rosbridge_server_launch//launch
[1.477s] -- Installing: /home/cyber/ros2_ws/install/rosbridge_server_launch/share/rosbridge_server_launch//launch/rosbridge_server_launch.py
[1.477s] -- Up-to-date: /home/cyber/ros2_ws/install/rosbridge_server_launch/share/ament_index/resource_index/package_run_dependencies/rosbridge_server_launch
[1.477s] -- Installing: /home/cyber/ros2_ws/install/rosbridge_server_launch/share/ament_index/resource_index/parent_prefix_path/rosbridge_server_launch
[1.477s] -- Up-to-date: /home/cyber/ros2_ws/install/rosbridge_server_launch/share/rosbridge_server_launch/environment/ament_prefix_path.sh
[1.478s] -- Installing: /home/cyber/ros2_ws/install/rosbridge_server_launch/share/rosbridge_server_launch/environment/ament_prefix_path.dsv
[1.478s] -- Up-to-date: /home/cyber/ros2_ws/install/rosbridge_server_launch/share/rosbridge_server_launch/environment/path.sh
[1.478s] -- Installing: /home/cyber/ros2_ws/install/rosbridge_server_launch/share/rosbridge_server_launch/environment/path.dsv
[1.478s] -- Up-to-date: /home/cyber/ros2_ws/install/rosbridge_server_launch/share/rosbridge_server_launch/local_setup.bash
[1.478s] -- Up-to-date: /home/cyber/ros2_ws/install/rosbridge_server_launch/share/rosbridge_server_launch/local_setup.sh
[1.479s] -- Up-to-date: /home/cyber/ros2_ws/install/rosbridge_server_launch/share/rosbridge_server_launch/local_setup.zsh
[1.479s] -- Installing: /home/cyber/ros2_ws/install/rosbridge_server_launch/share/rosbridge_server_launch/local_setup.dsv
[1.479s] -- Installing: /home/cyber/ros2_ws/install/rosbridge_server_launch/share/rosbridge_server_launch/package.dsv
[1.479s] -- Up-to-date: /home/cyber/ros2_ws/install/rosbridge_server_launch/share/ament_index/resource_index/packages/rosbridge_server_launch
[1.479s] -- Up-to-date: /home/cyber/ros2_ws/install/rosbridge_server_launch/share/rosbridge_server_launch/cmake/rosbridge_server_launchConfig.cmake
[1.480s] -- Up-to-date: /home/cyber/ros2_ws/install/rosbridge_server_launch/share/rosbridge_server_launch/cmake/rosbridge_server_launchConfig-version.cmake
[1.480s] -- Installing: /home/cyber/ros2_ws/install/rosbridge_server_launch/share/rosbridge_server_launch/package.xml
[1.483s] Invoked command in '/home/cyber/ros2_ws/build/rosbridge_server_launch' returned '0': CMAKE_PREFIX_PATH=/opt/ros/humble /usr/bin/cmake --install /home/cyber/ros2_ws/build/rosbridge_server_launch
