[0.169s] DEBUG:colcon:Command line arguments: ['/usr/bin/colcon', 'build']
[0.169s] DEBUG:colcon:Parsed command line arguments: Namespace(log_base=None, log_level=None, verb_name='build', build_base='build', install_base='install', merge_install=False, symlink_install=False, test_result_base=None, continue_on_error=False, executor='parallel', parallel_workers=4, event_handlers=None, ignore_user_meta=False, metas=['./colcon.meta'], base_paths=['.'], packages_ignore=None, packages_ignore_regex=None, paths=None, packages_up_to=None, packages_up_to_regex=None, packages_above=None, packages_above_and_dependencies=None, packages_above_depth=None, packages_select_by_dep=None, packages_skip_by_dep=None, packages_skip_up_to=None, packages_select_build_failed=False, packages_skip_build_finished=False, packages_select_test_failures=False, packages_skip_test_passed=False, packages_select=None, packages_skip=None, packages_select_regex=None, packages_skip_regex=None, packages_start=None, packages_end=None, allow_overriding=[], cmake_args=None, cmake_target=None, cmake_target_skip_unavailable=False, cmake_clean_cache=False, cmake_clean_first=False, cmake_force_configure=False, ament_cmake_args=None, catkin_cmake_args=None, catkin_skip_building_tests=False, mixin_files=None, mixin=None, verb_parser=<colcon_mixin.mixin.mixin_argument.MixinArgumentDecorator object at 0x7d82476644c0>, verb_extension=<colcon_core.verb.build.BuildVerb object at 0x7d8247637a60>, main=<bound method BuildVerb.main of <colcon_core.verb.build.BuildVerb object at 0x7d8247637a60>>, mixin_verb=('build',))
[0.222s] Level 1:colcon.colcon_core.package_discovery:discover_packages(colcon_meta) check parameters
[0.222s] Level 1:colcon.colcon_core.package_discovery:discover_packages(recursive) check parameters
[0.222s] Level 1:colcon.colcon_core.package_discovery:discover_packages(ignore) check parameters
[0.222s] Level 1:colcon.colcon_core.package_discovery:discover_packages(path) check parameters
[0.222s] Level 1:colcon.colcon_core.package_discovery:discover_packages(colcon_meta) discover
[0.222s] Level 1:colcon.colcon_core.package_discovery:discover_packages(recursive) discover
[0.223s] INFO:colcon.colcon_core.package_discovery:Crawling recursively for packages in '/home/cyber/ros2_ws'
[0.223s] Level 1:colcon.colcon_core.package_identification:_identify(.) by extensions ['ignore', 'ignore_ament_install']
[0.223s] Level 1:colcon.colcon_core.package_identification:_identify(.) by extension 'ignore'
[0.223s] Level 1:colcon.colcon_core.package_identification:_identify(.) by extension 'ignore_ament_install'
[0.223s] Level 1:colcon.colcon_core.package_identification:_identify(.) by extensions ['colcon_pkg']
[0.223s] Level 1:colcon.colcon_core.package_identification:_identify(.) by extension 'colcon_pkg'
[0.223s] Level 1:colcon.colcon_core.package_identification:_identify(.) by extensions ['colcon_meta']
[0.223s] Level 1:colcon.colcon_core.package_identification:_identify(.) by extension 'colcon_meta'
[0.223s] Level 1:colcon.colcon_core.package_identification:_identify(.) by extensions ['ros']
[0.223s] Level 1:colcon.colcon_core.package_identification:_identify(.) by extension 'ros'
[0.244s] Level 1:colcon.colcon_core.package_identification:_identify(.) by extensions ['cmake', 'python']
[0.244s] Level 1:colcon.colcon_core.package_identification:_identify(.) by extension 'cmake'
[0.244s] Level 1:colcon.colcon_core.package_identification:_identify(.) by extension 'python'
[0.244s] Level 1:colcon.colcon_core.package_identification:_identify(.) by extensions ['python_setup_py']
[0.244s] Level 1:colcon.colcon_core.package_identification:_identify(.) by extension 'python_setup_py'
[0.244s] Level 1:colcon.colcon_core.package_identification:_identify(build) by extensions ['ignore', 'ignore_ament_install']
[0.244s] Level 1:colcon.colcon_core.package_identification:_identify(build) by extension 'ignore'
[0.244s] Level 1:colcon.colcon_core.package_identification:_identify(build) ignored
[0.245s] Level 1:colcon.colcon_core.package_identification:_identify(install) by extensions ['ignore', 'ignore_ament_install']
[0.245s] Level 1:colcon.colcon_core.package_identification:_identify(install) by extension 'ignore'
[0.245s] Level 1:colcon.colcon_core.package_identification:_identify(install) ignored
[0.245s] Level 1:colcon.colcon_core.package_identification:_identify(launch) by extensions ['ignore', 'ignore_ament_install']
[0.245s] Level 1:colcon.colcon_core.package_identification:_identify(launch) by extension 'ignore'
[0.245s] Level 1:colcon.colcon_core.package_identification:_identify(launch) by extension 'ignore_ament_install'
[0.245s] Level 1:colcon.colcon_core.package_identification:_identify(launch) by extensions ['colcon_pkg']
[0.245s] Level 1:colcon.colcon_core.package_identification:_identify(launch) by extension 'colcon_pkg'
[0.245s] Level 1:colcon.colcon_core.package_identification:_identify(launch) by extensions ['colcon_meta']
[0.245s] Level 1:colcon.colcon_core.package_identification:_identify(launch) by extension 'colcon_meta'
[0.245s] Level 1:colcon.colcon_core.package_identification:_identify(launch) by extensions ['ros']
[0.245s] Level 1:colcon.colcon_core.package_identification:_identify(launch) by extension 'ros'
[0.245s] Level 1:colcon.colcon_core.package_identification:_identify(launch) by extensions ['cmake', 'python']
[0.246s] Level 1:colcon.colcon_core.package_identification:_identify(launch) by extension 'cmake'
[0.246s] Level 1:colcon.colcon_core.package_identification:_identify(launch) by extension 'python'
[0.246s] Level 1:colcon.colcon_core.package_identification:_identify(launch) by extensions ['python_setup_py']
[0.246s] Level 1:colcon.colcon_core.package_identification:_identify(launch) by extension 'python_setup_py'
[0.246s] Level 1:colcon.colcon_core.package_identification:_identify(log) by extensions ['ignore', 'ignore_ament_install']
[0.246s] Level 1:colcon.colcon_core.package_identification:_identify(log) by extension 'ignore'
[0.246s] Level 1:colcon.colcon_core.package_identification:_identify(log) ignored
[0.246s] Level 1:colcon.colcon_core.package_identification:_identify(src) by extensions ['ignore', 'ignore_ament_install']
[0.246s] Level 1:colcon.colcon_core.package_identification:_identify(src) by extension 'ignore'
[0.246s] Level 1:colcon.colcon_core.package_identification:_identify(src) by extension 'ignore_ament_install'
[0.246s] Level 1:colcon.colcon_core.package_identification:_identify(src) by extensions ['colcon_pkg']
[0.246s] Level 1:colcon.colcon_core.package_identification:_identify(src) by extension 'colcon_pkg'
[0.246s] Level 1:colcon.colcon_core.package_identification:_identify(src) by extensions ['colcon_meta']
[0.246s] Level 1:colcon.colcon_core.package_identification:_identify(src) by extension 'colcon_meta'
[0.246s] Level 1:colcon.colcon_core.package_identification:_identify(src) by extensions ['ros']
[0.246s] Level 1:colcon.colcon_core.package_identification:_identify(src) by extension 'ros'
[0.247s] Level 1:colcon.colcon_core.package_identification:_identify(src) by extensions ['cmake', 'python']
[0.247s] Level 1:colcon.colcon_core.package_identification:_identify(src) by extension 'cmake'
[0.247s] Level 1:colcon.colcon_core.package_identification:_identify(src) by extension 'python'
[0.247s] Level 1:colcon.colcon_core.package_identification:_identify(src) by extensions ['python_setup_py']
[0.247s] Level 1:colcon.colcon_core.package_identification:_identify(src) by extension 'python_setup_py'
[0.247s] Level 1:colcon.colcon_core.package_identification:_identify(src/dashboard) by extensions ['ignore', 'ignore_ament_install']
[0.247s] Level 1:colcon.colcon_core.package_identification:_identify(src/dashboard) by extension 'ignore'
[0.247s] Level 1:colcon.colcon_core.package_identification:_identify(src/dashboard) by extension 'ignore_ament_install'
[0.247s] Level 1:colcon.colcon_core.package_identification:_identify(src/dashboard) by extensions ['colcon_pkg']
[0.247s] Level 1:colcon.colcon_core.package_identification:_identify(src/dashboard) by extension 'colcon_pkg'
[0.247s] Level 1:colcon.colcon_core.package_identification:_identify(src/dashboard) by extensions ['colcon_meta']
[0.247s] Level 1:colcon.colcon_core.package_identification:_identify(src/dashboard) by extension 'colcon_meta'
[0.247s] Level 1:colcon.colcon_core.package_identification:_identify(src/dashboard) by extensions ['ros']
[0.247s] Level 1:colcon.colcon_core.package_identification:_identify(src/dashboard) by extension 'ros'
[0.247s] Level 1:colcon.colcon_core.package_identification:_identify(src/dashboard) by extensions ['cmake', 'python']
[0.247s] Level 1:colcon.colcon_core.package_identification:_identify(src/dashboard) by extension 'cmake'
[0.248s] Level 1:colcon.colcon_core.package_identification:_identify(src/dashboard) by extension 'python'
[0.248s] Level 1:colcon.colcon_core.package_identification:_identify(src/dashboard) by extensions ['python_setup_py']
[0.248s] Level 1:colcon.colcon_core.package_identification:_identify(src/dashboard) by extension 'python_setup_py'
[0.248s] Level 1:colcon.colcon_core.package_identification:_identify(src/data_processor) by extensions ['ignore', 'ignore_ament_install']
[0.248s] Level 1:colcon.colcon_core.package_identification:_identify(src/data_processor) by extension 'ignore'
[0.248s] Level 1:colcon.colcon_core.package_identification:_identify(src/data_processor) by extension 'ignore_ament_install'
[0.248s] Level 1:colcon.colcon_core.package_identification:_identify(src/data_processor) by extensions ['colcon_pkg']
[0.248s] Level 1:colcon.colcon_core.package_identification:_identify(src/data_processor) by extension 'colcon_pkg'
[0.248s] Level 1:colcon.colcon_core.package_identification:_identify(src/data_processor) by extensions ['colcon_meta']
[0.248s] Level 1:colcon.colcon_core.package_identification:_identify(src/data_processor) by extension 'colcon_meta'
[0.248s] Level 1:colcon.colcon_core.package_identification:_identify(src/data_processor) by extensions ['ros']
[0.248s] Level 1:colcon.colcon_core.package_identification:_identify(src/data_processor) by extension 'ros'
[0.251s] DEBUG:colcon.colcon_core.package_identification:Package 'src/data_processor' with type 'ros.ament_cmake' and name 'data_processor'
[0.252s] Level 1:colcon.colcon_core.package_identification:_identify(src/plot_sensor_data) by extensions ['ignore', 'ignore_ament_install']
[0.252s] Level 1:colcon.colcon_core.package_identification:_identify(src/plot_sensor_data) by extension 'ignore'
[0.252s] Level 1:colcon.colcon_core.package_identification:_identify(src/plot_sensor_data) by extension 'ignore_ament_install'
[0.252s] Level 1:colcon.colcon_core.package_identification:_identify(src/plot_sensor_data) by extensions ['colcon_pkg']
[0.252s] Level 1:colcon.colcon_core.package_identification:_identify(src/plot_sensor_data) by extension 'colcon_pkg'
[0.252s] Level 1:colcon.colcon_core.package_identification:_identify(src/plot_sensor_data) by extensions ['colcon_meta']
[0.252s] Level 1:colcon.colcon_core.package_identification:_identify(src/plot_sensor_data) by extension 'colcon_meta'
[0.252s] Level 1:colcon.colcon_core.package_identification:_identify(src/plot_sensor_data) by extensions ['ros']
[0.252s] Level 1:colcon.colcon_core.package_identification:_identify(src/plot_sensor_data) by extension 'ros'
[0.253s] DEBUG:colcon.colcon_core.package_identification:Package 'src/plot_sensor_data' with type 'ros.ament_python' and name 'plot_sensor_data'
[0.253s] Level 1:colcon.colcon_core.package_identification:_identify(src/rosbridge_server_launch) by extensions ['ignore', 'ignore_ament_install']
[0.253s] Level 1:colcon.colcon_core.package_identification:_identify(src/rosbridge_server_launch) by extension 'ignore'
[0.253s] Level 1:colcon.colcon_core.package_identification:_identify(src/rosbridge_server_launch) by extension 'ignore_ament_install'
[0.253s] Level 1:colcon.colcon_core.package_identification:_identify(src/rosbridge_server_launch) by extensions ['colcon_pkg']
[0.253s] Level 1:colcon.colcon_core.package_identification:_identify(src/rosbridge_server_launch) by extension 'colcon_pkg'
[0.253s] Level 1:colcon.colcon_core.package_identification:_identify(src/rosbridge_server_launch) by extensions ['colcon_meta']
[0.253s] Level 1:colcon.colcon_core.package_identification:_identify(src/rosbridge_server_launch) by extension 'colcon_meta'
[0.253s] Level 1:colcon.colcon_core.package_identification:_identify(src/rosbridge_server_launch) by extensions ['ros']
[0.253s] Level 1:colcon.colcon_core.package_identification:_identify(src/rosbridge_server_launch) by extension 'ros'
[0.254s] DEBUG:colcon.colcon_core.package_identification:Package 'src/rosbridge_server_launch' with type 'ros.ament_cmake' and name 'rosbridge_server_launch'
[0.254s] Level 1:colcon.colcon_core.package_identification:_identify(src/sensor_package) by extensions ['ignore', 'ignore_ament_install']
[0.254s] Level 1:colcon.colcon_core.package_identification:_identify(src/sensor_package) by extension 'ignore'
[0.254s] Level 1:colcon.colcon_core.package_identification:_identify(src/sensor_package) by extension 'ignore_ament_install'
[0.254s] Level 1:colcon.colcon_core.package_identification:_identify(src/sensor_package) by extensions ['colcon_pkg']
[0.255s] Level 1:colcon.colcon_core.package_identification:_identify(src/sensor_package) by extension 'colcon_pkg'
[0.255s] Level 1:colcon.colcon_core.package_identification:_identify(src/sensor_package) by extensions ['colcon_meta']
[0.255s] Level 1:colcon.colcon_core.package_identification:_identify(src/sensor_package) by extension 'colcon_meta'
[0.255s] Level 1:colcon.colcon_core.package_identification:_identify(src/sensor_package) by extensions ['ros']
[0.255s] Level 1:colcon.colcon_core.package_identification:_identify(src/sensor_package) by extension 'ros'
[0.255s] DEBUG:colcon.colcon_core.package_identification:Package 'src/sensor_package' with type 'ros.ament_cmake' and name 'sensor_package'
[0.255s] Level 1:colcon.colcon_core.package_discovery:discover_packages(recursive) using defaults
[0.255s] Level 1:colcon.colcon_core.package_discovery:discover_packages(ignore) discover
[0.255s] Level 1:colcon.colcon_core.package_discovery:discover_packages(ignore) using defaults
[0.255s] Level 1:colcon.colcon_core.package_discovery:discover_packages(path) discover
[0.255s] Level 1:colcon.colcon_core.package_discovery:discover_packages(path) using defaults
[0.285s] Level 1:colcon.colcon_core.package_discovery:discover_packages(prefix_path) check parameters
[0.285s] Level 1:colcon.colcon_core.package_discovery:discover_packages(prefix_path) discover
[0.288s] DEBUG:colcon.colcon_installed_package_information.package_discovery:Found 4 installed packages in /home/cyber/ros2_ws/install
[0.290s] DEBUG:colcon.colcon_installed_package_information.package_discovery:Found 280 installed packages in /opt/ros/humble
[0.292s] Level 1:colcon.colcon_core.package_discovery:discover_packages(prefix_path) using defaults
[0.343s] Level 5:colcon.colcon_core.verb:set package 'data_processor' build argument 'cmake_args' from command line to 'None'
[0.343s] Level 5:colcon.colcon_core.verb:set package 'data_processor' build argument 'cmake_target' from command line to 'None'
[0.343s] Level 5:colcon.colcon_core.verb:set package 'data_processor' build argument 'cmake_target_skip_unavailable' from command line to 'False'
[0.343s] Level 5:colcon.colcon_core.verb:set package 'data_processor' build argument 'cmake_clean_cache' from command line to 'False'
[0.343s] Level 5:colcon.colcon_core.verb:set package 'data_processor' build argument 'cmake_clean_first' from command line to 'False'
[0.343s] Level 5:colcon.colcon_core.verb:set package 'data_processor' build argument 'cmake_force_configure' from command line to 'False'
[0.343s] Level 5:colcon.colcon_core.verb:set package 'data_processor' build argument 'ament_cmake_args' from command line to 'None'
[0.343s] Level 5:colcon.colcon_core.verb:set package 'data_processor' build argument 'catkin_cmake_args' from command line to 'None'
[0.343s] Level 5:colcon.colcon_core.verb:set package 'data_processor' build argument 'catkin_skip_building_tests' from command line to 'False'
[0.343s] DEBUG:colcon.colcon_core.verb:Building package 'data_processor' with the following arguments: {'ament_cmake_args': None, 'build_base': '/home/cyber/ros2_ws/build/data_processor', 'catkin_cmake_args': None, 'catkin_skip_building_tests': False, 'cmake_args': None, 'cmake_clean_cache': False, 'cmake_clean_first': False, 'cmake_force_configure': False, 'cmake_target': None, 'cmake_target_skip_unavailable': False, 'install_base': '/home/cyber/ros2_ws/install/data_processor', 'merge_install': False, 'path': '/home/cyber/ros2_ws/src/data_processor', 'symlink_install': False, 'test_result_base': None}
[0.344s] Level 5:colcon.colcon_core.verb:set package 'plot_sensor_data' build argument 'cmake_args' from command line to 'None'
[0.344s] Level 5:colcon.colcon_core.verb:set package 'plot_sensor_data' build argument 'cmake_target' from command line to 'None'
[0.344s] Level 5:colcon.colcon_core.verb:set package 'plot_sensor_data' build argument 'cmake_target_skip_unavailable' from command line to 'False'
[0.344s] Level 5:colcon.colcon_core.verb:set package 'plot_sensor_data' build argument 'cmake_clean_cache' from command line to 'False'
[0.344s] Level 5:colcon.colcon_core.verb:set package 'plot_sensor_data' build argument 'cmake_clean_first' from command line to 'False'
[0.344s] Level 5:colcon.colcon_core.verb:set package 'plot_sensor_data' build argument 'cmake_force_configure' from command line to 'False'
[0.344s] Level 5:colcon.colcon_core.verb:set package 'plot_sensor_data' build argument 'ament_cmake_args' from command line to 'None'
[0.344s] Level 5:colcon.colcon_core.verb:set package 'plot_sensor_data' build argument 'catkin_cmake_args' from command line to 'None'
[0.344s] Level 5:colcon.colcon_core.verb:set package 'plot_sensor_data' build argument 'catkin_skip_building_tests' from command line to 'False'
[0.344s] DEBUG:colcon.colcon_core.verb:Building package 'plot_sensor_data' with the following arguments: {'ament_cmake_args': None, 'build_base': '/home/cyber/ros2_ws/build/plot_sensor_data', 'catkin_cmake_args': None, 'catkin_skip_building_tests': False, 'cmake_args': None, 'cmake_clean_cache': False, 'cmake_clean_first': False, 'cmake_force_configure': False, 'cmake_target': None, 'cmake_target_skip_unavailable': False, 'install_base': '/home/cyber/ros2_ws/install/plot_sensor_data', 'merge_install': False, 'path': '/home/cyber/ros2_ws/src/plot_sensor_data', 'symlink_install': False, 'test_result_base': None}
[0.344s] Level 5:colcon.colcon_core.verb:set package 'rosbridge_server_launch' build argument 'cmake_args' from command line to 'None'
[0.344s] Level 5:colcon.colcon_core.verb:set package 'rosbridge_server_launch' build argument 'cmake_target' from command line to 'None'
[0.344s] Level 5:colcon.colcon_core.verb:set package 'rosbridge_server_launch' build argument 'cmake_target_skip_unavailable' from command line to 'False'
[0.344s] Level 5:colcon.colcon_core.verb:set package 'rosbridge_server_launch' build argument 'cmake_clean_cache' from command line to 'False'
[0.344s] Level 5:colcon.colcon_core.verb:set package 'rosbridge_server_launch' build argument 'cmake_clean_first' from command line to 'False'
[0.344s] Level 5:colcon.colcon_core.verb:set package 'rosbridge_server_launch' build argument 'cmake_force_configure' from command line to 'False'
[0.344s] Level 5:colcon.colcon_core.verb:set package 'rosbridge_server_launch' build argument 'ament_cmake_args' from command line to 'None'
[0.345s] Level 5:colcon.colcon_core.verb:set package 'rosbridge_server_launch' build argument 'catkin_cmake_args' from command line to 'None'
[0.345s] Level 5:colcon.colcon_core.verb:set package 'rosbridge_server_launch' build argument 'catkin_skip_building_tests' from command line to 'False'
[0.345s] DEBUG:colcon.colcon_core.verb:Building package 'rosbridge_server_launch' with the following arguments: {'ament_cmake_args': None, 'build_base': '/home/cyber/ros2_ws/build/rosbridge_server_launch', 'catkin_cmake_args': None, 'catkin_skip_building_tests': False, 'cmake_args': None, 'cmake_clean_cache': False, 'cmake_clean_first': False, 'cmake_force_configure': False, 'cmake_target': None, 'cmake_target_skip_unavailable': False, 'install_base': '/home/cyber/ros2_ws/install/rosbridge_server_launch', 'merge_install': False, 'path': '/home/cyber/ros2_ws/src/rosbridge_server_launch', 'symlink_install': False, 'test_result_base': None}
[0.345s] Level 5:colcon.colcon_core.verb:set package 'sensor_package' build argument 'cmake_args' from command line to 'None'
[0.345s] Level 5:colcon.colcon_core.verb:set package 'sensor_package' build argument 'cmake_target' from command line to 'None'
[0.345s] Level 5:colcon.colcon_core.verb:set package 'sensor_package' build argument 'cmake_target_skip_unavailable' from command line to 'False'
[0.345s] Level 5:colcon.colcon_core.verb:set package 'sensor_package' build argument 'cmake_clean_cache' from command line to 'False'
[0.345s] Level 5:colcon.colcon_core.verb:set package 'sensor_package' build argument 'cmake_clean_first' from command line to 'False'
[0.345s] Level 5:colcon.colcon_core.verb:set package 'sensor_package' build argument 'cmake_force_configure' from command line to 'False'
[0.345s] Level 5:colcon.colcon_core.verb:set package 'sensor_package' build argument 'ament_cmake_args' from command line to 'None'
[0.345s] Level 5:colcon.colcon_core.verb:set package 'sensor_package' build argument 'catkin_cmake_args' from command line to 'None'
[0.345s] Level 5:colcon.colcon_core.verb:set package 'sensor_package' build argument 'catkin_skip_building_tests' from command line to 'False'
[0.345s] DEBUG:colcon.colcon_core.verb:Building package 'sensor_package' with the following arguments: {'ament_cmake_args': None, 'build_base': '/home/cyber/ros2_ws/build/sensor_package', 'catkin_cmake_args': None, 'catkin_skip_building_tests': False, 'cmake_args': None, 'cmake_clean_cache': False, 'cmake_clean_first': False, 'cmake_force_configure': False, 'cmake_target': None, 'cmake_target_skip_unavailable': False, 'install_base': '/home/cyber/ros2_ws/install/sensor_package', 'merge_install': False, 'path': '/home/cyber/ros2_ws/src/sensor_package', 'symlink_install': False, 'test_result_base': None}
[0.345s] INFO:colcon.colcon_core.executor:Executing jobs using 'parallel' executor
[0.347s] DEBUG:colcon.colcon_parallel_executor.executor.parallel:run_until_complete
[0.347s] INFO:colcon.colcon_ros.task.ament_cmake.build:Building ROS package in '/home/cyber/ros2_ws/src/data_processor' with build type 'ament_cmake'
[0.347s] INFO:colcon.colcon_cmake.task.cmake.build:Building CMake package in '/home/cyber/ros2_ws/src/data_processor'
[0.350s] INFO:colcon.colcon_core.plugin_system:Skipping extension 'colcon_core.shell.bat': Not used on non-Windows systems
[0.350s] INFO:colcon.colcon_core.shell:Skip shell extension 'powershell' for command environment: Not usable outside of PowerShell
[0.350s] DEBUG:colcon.colcon_core.shell:Skip shell extension 'dsv' for command environment
[0.355s] INFO:colcon.colcon_ros.task.ament_python.build:Building ROS package in '/home/cyber/ros2_ws/src/plot_sensor_data' with build type 'ament_python'
[0.355s] Level 1:colcon.colcon_core.shell:create_environment_hook('plot_sensor_data', 'ament_prefix_path')
[0.355s] INFO:colcon.colcon_core.shell:Creating environment hook '/home/cyber/ros2_ws/install/plot_sensor_data/share/plot_sensor_data/hook/ament_prefix_path.ps1'
[0.356s] INFO:colcon.colcon_core.shell:Creating environment descriptor '/home/cyber/ros2_ws/install/plot_sensor_data/share/plot_sensor_data/hook/ament_prefix_path.dsv'
[0.357s] INFO:colcon.colcon_core.shell:Creating environment hook '/home/cyber/ros2_ws/install/plot_sensor_data/share/plot_sensor_data/hook/ament_prefix_path.sh'
[0.358s] INFO:colcon.colcon_core.shell:Skip shell extension 'powershell' for command environment: Not usable outside of PowerShell
[0.358s] DEBUG:colcon.colcon_core.shell:Skip shell extension 'dsv' for command environment
[0.363s] INFO:colcon.colcon_ros.task.ament_cmake.build:Building ROS package in '/home/cyber/ros2_ws/src/rosbridge_server_launch' with build type 'ament_cmake'
[0.363s] INFO:colcon.colcon_cmake.task.cmake.build:Building CMake package in '/home/cyber/ros2_ws/src/rosbridge_server_launch'
[0.363s] INFO:colcon.colcon_core.shell:Skip shell extension 'powershell' for command environment: Not usable outside of PowerShell
[0.364s] DEBUG:colcon.colcon_core.shell:Skip shell extension 'dsv' for command environment
[0.368s] INFO:colcon.colcon_ros.task.ament_cmake.build:Building ROS package in '/home/cyber/ros2_ws/src/sensor_package' with build type 'ament_cmake'
[0.369s] INFO:colcon.colcon_cmake.task.cmake.build:Building CMake package in '/home/cyber/ros2_ws/src/sensor_package'
[0.369s] INFO:colcon.colcon_core.shell:Skip shell extension 'powershell' for command environment: Not usable outside of PowerShell
[0.369s] DEBUG:colcon.colcon_core.shell:Skip shell extension 'dsv' for command environment
[0.384s] DEBUG:colcon.colcon_core.event_handler.log_command:Invoking command in '/home/cyber/ros2_ws/build/data_processor': CMAKE_PREFIX_PATH=${CMAKE_PREFIX_PATH}:/home/cyber/ros2_ws/install/plot_sensor_data:/opt/ros/humble /usr/bin/cmake --build /home/cyber/ros2_ws/build/data_processor -- -j4 -l4
[0.707s] INFO:colcon.colcon_core.task.python.build:Building Python package in '/home/cyber/ros2_ws/src/plot_sensor_data'
[0.707s] INFO:colcon.colcon_core.shell:Skip shell extension 'powershell' for command environment: Not usable outside of PowerShell
[0.707s] DEBUG:colcon.colcon_core.shell:Skip shell extension 'dsv' for command environment
[0.718s] DEBUG:colcon.colcon_core.event_handler.log_command:Invoking command in '/home/cyber/ros2_ws/build/rosbridge_server_launch': CMAKE_PREFIX_PATH=${CMAKE_PREFIX_PATH}:/home/cyber/ros2_ws/install/plot_sensor_data:/opt/ros/humble /usr/bin/cmake --build /home/cyber/ros2_ws/build/rosbridge_server_launch -- -j4 -l4
[0.727s] DEBUG:colcon.colcon_core.event_handler.log_command:Invoking command in '/home/cyber/ros2_ws/build/sensor_package': CMAKE_PREFIX_PATH=${CMAKE_PREFIX_PATH}:/home/cyber/ros2_ws/install/plot_sensor_data:/opt/ros/humble /usr/bin/cmake --build /home/cyber/ros2_ws/build/sensor_package -- -j4 -l4
[0.802s] DEBUG:colcon.colcon_core.event_handler.log_command:Invoked command in '/home/cyber/ros2_ws/build/rosbridge_server_launch' returned '0': CMAKE_PREFIX_PATH=${CMAKE_PREFIX_PATH}:/home/cyber/ros2_ws/install/plot_sensor_data:/opt/ros/humble /usr/bin/cmake --build /home/cyber/ros2_ws/build/rosbridge_server_launch -- -j4 -l4
[0.912s] DEBUG:colcon.colcon_core.event_handler.log_command:Invoking command in '/home/cyber/ros2_ws/build/rosbridge_server_launch': CMAKE_PREFIX_PATH=${CMAKE_PREFIX_PATH}:/home/cyber/ros2_ws/install/plot_sensor_data:/opt/ros/humble /usr/bin/cmake --install /home/cyber/ros2_ws/build/rosbridge_server_launch
[0.926s] DEBUG:colcon.colcon_core.event_handler.log_command:Invoked command in '/home/cyber/ros2_ws/build/sensor_package' returned '0': CMAKE_PREFIX_PATH=${CMAKE_PREFIX_PATH}:/home/cyber/ros2_ws/install/plot_sensor_data:/opt/ros/humble /usr/bin/cmake --build /home/cyber/ros2_ws/build/sensor_package -- -j4 -l4
[0.948s] Level 1:colcon.colcon_core.environment:create_environment_scripts_only(rosbridge_server_launch)
[0.952s] DEBUG:colcon.colcon_core.event_handler.log_command:Invoked command in '/home/cyber/ros2_ws/build/rosbridge_server_launch' returned '0': CMAKE_PREFIX_PATH=${CMAKE_PREFIX_PATH}:/home/cyber/ros2_ws/install/plot_sensor_data:/opt/ros/humble /usr/bin/cmake --install /home/cyber/ros2_ws/build/rosbridge_server_launch
[0.954s] Level 1:colcon.colcon_core.environment:checking '/home/cyber/ros2_ws/install/rosbridge_server_launch' for CMake module files
[0.955s] Level 1:colcon.colcon_core.environment:checking '/home/cyber/ros2_ws/install/rosbridge_server_launch' for CMake config files
[0.955s] Level 1:colcon.colcon_core.shell:create_environment_hook('rosbridge_server_launch', 'cmake_prefix_path')
[0.956s] INFO:colcon.colcon_core.shell:Creating environment hook '/home/cyber/ros2_ws/install/rosbridge_server_launch/share/rosbridge_server_launch/hook/cmake_prefix_path.ps1'
[0.957s] INFO:colcon.colcon_core.shell:Creating environment descriptor '/home/cyber/ros2_ws/install/rosbridge_server_launch/share/rosbridge_server_launch/hook/cmake_prefix_path.dsv'
[0.958s] INFO:colcon.colcon_core.shell:Creating environment hook '/home/cyber/ros2_ws/install/rosbridge_server_launch/share/rosbridge_server_launch/hook/cmake_prefix_path.sh'
[0.959s] Level 1:colcon.colcon_core.environment:checking '/home/cyber/ros2_ws/install/rosbridge_server_launch/bin'
[0.960s] Level 1:colcon.colcon_core.environment:checking '/home/cyber/ros2_ws/install/rosbridge_server_launch/lib/pkgconfig/rosbridge_server_launch.pc'
[0.960s] Level 1:colcon.colcon_core.environment:checking '/home/cyber/ros2_ws/install/rosbridge_server_launch/lib/python3.10/site-packages'
[0.961s] Level 1:colcon.colcon_core.environment:checking '/home/cyber/ros2_ws/install/rosbridge_server_launch/bin'
[0.962s] INFO:colcon.colcon_core.shell:Creating package script '/home/cyber/ros2_ws/install/rosbridge_server_launch/share/rosbridge_server_launch/package.ps1'
[0.964s] INFO:colcon.colcon_core.shell:Creating package descriptor '/home/cyber/ros2_ws/install/rosbridge_server_launch/share/rosbridge_server_launch/package.dsv'
[0.966s] INFO:colcon.colcon_core.shell:Creating package script '/home/cyber/ros2_ws/install/rosbridge_server_launch/share/rosbridge_server_launch/package.sh'
[0.968s] INFO:colcon.colcon_core.shell:Creating package script '/home/cyber/ros2_ws/install/rosbridge_server_launch/share/rosbridge_server_launch/package.bash'
[0.970s] INFO:colcon.colcon_core.shell:Creating package script '/home/cyber/ros2_ws/install/rosbridge_server_launch/share/rosbridge_server_launch/package.zsh'
[0.971s] Level 1:colcon.colcon_core.environment:create_file_with_runtime_dependencies(/home/cyber/ros2_ws/install/rosbridge_server_launch/share/colcon-core/packages/rosbridge_server_launch)
[0.983s] DEBUG:colcon.colcon_core.event_handler.log_command:Invoking command in '/home/cyber/ros2_ws/build/sensor_package': CMAKE_PREFIX_PATH=${CMAKE_PREFIX_PATH}:/home/cyber/ros2_ws/install/plot_sensor_data:/opt/ros/humble /usr/bin/cmake --install /home/cyber/ros2_ws/build/sensor_package
[1.009s] Level 1:colcon.colcon_core.environment:create_environment_scripts_only(rosbridge_server_launch)
[1.010s] Level 1:colcon.colcon_core.environment:checking '/home/cyber/ros2_ws/install/rosbridge_server_launch' for CMake module files
[1.011s] Level 1:colcon.colcon_core.environment:checking '/home/cyber/ros2_ws/install/rosbridge_server_launch' for CMake config files
[1.012s] Level 1:colcon.colcon_core.shell:create_environment_hook('rosbridge_server_launch', 'cmake_prefix_path')
[1.012s] INFO:colcon.colcon_core.shell:Creating environment hook '/home/cyber/ros2_ws/install/rosbridge_server_launch/share/rosbridge_server_launch/hook/cmake_prefix_path.ps1'
[1.013s] INFO:colcon.colcon_core.shell:Creating environment descriptor '/home/cyber/ros2_ws/install/rosbridge_server_launch/share/rosbridge_server_launch/hook/cmake_prefix_path.dsv'
[1.013s] INFO:colcon.colcon_core.shell:Creating environment hook '/home/cyber/ros2_ws/install/rosbridge_server_launch/share/rosbridge_server_launch/hook/cmake_prefix_path.sh'
[1.014s] Level 1:colcon.colcon_core.environment:checking '/home/cyber/ros2_ws/install/rosbridge_server_launch/bin'
[1.014s] Level 1:colcon.colcon_core.environment:checking '/home/cyber/ros2_ws/install/rosbridge_server_launch/lib/pkgconfig/rosbridge_server_launch.pc'
[1.014s] Level 1:colcon.colcon_core.environment:checking '/home/cyber/ros2_ws/install/rosbridge_server_launch/lib/python3.10/site-packages'
[1.014s] Level 1:colcon.colcon_core.environment:checking '/home/cyber/ros2_ws/install/rosbridge_server_launch/bin'
[1.015s] INFO:colcon.colcon_core.shell:Creating package script '/home/cyber/ros2_ws/install/rosbridge_server_launch/share/rosbridge_server_launch/package.ps1'
[1.015s] INFO:colcon.colcon_core.shell:Creating package descriptor '/home/cyber/ros2_ws/install/rosbridge_server_launch/share/rosbridge_server_launch/package.dsv'
[1.016s] INFO:colcon.colcon_core.shell:Creating package script '/home/cyber/ros2_ws/install/rosbridge_server_launch/share/rosbridge_server_launch/package.sh'
[1.017s] INFO:colcon.colcon_core.shell:Creating package script '/home/cyber/ros2_ws/install/rosbridge_server_launch/share/rosbridge_server_launch/package.bash'
[1.017s] INFO:colcon.colcon_core.shell:Creating package script '/home/cyber/ros2_ws/install/rosbridge_server_launch/share/rosbridge_server_launch/package.zsh'
[1.018s] Level 1:colcon.colcon_core.environment:create_file_with_runtime_dependencies(/home/cyber/ros2_ws/install/rosbridge_server_launch/share/colcon-core/packages/rosbridge_server_launch)
[1.068s] Level 1:colcon.colcon_core.environment:create_environment_scripts_only(sensor_package)
[1.069s] Level 1:colcon.colcon_core.environment:checking '/home/cyber/ros2_ws/install/sensor_package' for CMake module files
[1.070s] DEBUG:colcon.colcon_core.event_handler.log_command:Invoked command in '/home/cyber/ros2_ws/build/sensor_package' returned '0': CMAKE_PREFIX_PATH=${CMAKE_PREFIX_PATH}:/home/cyber/ros2_ws/install/plot_sensor_data:/opt/ros/humble /usr/bin/cmake --install /home/cyber/ros2_ws/build/sensor_package
[1.070s] Level 1:colcon.colcon_core.environment:checking '/home/cyber/ros2_ws/install/sensor_package' for CMake config files
[1.071s] Level 1:colcon.colcon_core.shell:create_environment_hook('sensor_package', 'cmake_prefix_path')
[1.071s] INFO:colcon.colcon_core.shell:Creating environment hook '/home/cyber/ros2_ws/install/sensor_package/share/sensor_package/hook/cmake_prefix_path.ps1'
[1.072s] INFO:colcon.colcon_core.shell:Creating environment descriptor '/home/cyber/ros2_ws/install/sensor_package/share/sensor_package/hook/cmake_prefix_path.dsv'
[1.072s] INFO:colcon.colcon_core.shell:Creating environment hook '/home/cyber/ros2_ws/install/sensor_package/share/sensor_package/hook/cmake_prefix_path.sh'
[1.073s] Level 1:colcon.colcon_core.environment:checking '/home/cyber/ros2_ws/install/sensor_package/lib'
[1.073s] Level 1:colcon.colcon_core.environment:checking '/home/cyber/ros2_ws/install/sensor_package/bin'
[1.073s] Level 1:colcon.colcon_core.environment:checking '/home/cyber/ros2_ws/install/sensor_package/lib/pkgconfig/sensor_package.pc'
[1.074s] Level 1:colcon.colcon_core.environment:checking '/home/cyber/ros2_ws/install/sensor_package/lib/python3.10/site-packages'
[1.074s] Level 1:colcon.colcon_core.environment:checking '/home/cyber/ros2_ws/install/sensor_package/bin'
[1.074s] INFO:colcon.colcon_core.shell:Creating package script '/home/cyber/ros2_ws/install/sensor_package/share/sensor_package/package.ps1'
[1.075s] INFO:colcon.colcon_core.shell:Creating package descriptor '/home/cyber/ros2_ws/install/sensor_package/share/sensor_package/package.dsv'
[1.075s] INFO:colcon.colcon_core.shell:Creating package script '/home/cyber/ros2_ws/install/sensor_package/share/sensor_package/package.sh'
[1.076s] INFO:colcon.colcon_core.shell:Creating package script '/home/cyber/ros2_ws/install/sensor_package/share/sensor_package/package.bash'
[1.076s] INFO:colcon.colcon_core.shell:Creating package script '/home/cyber/ros2_ws/install/sensor_package/share/sensor_package/package.zsh'
[1.077s] Level 1:colcon.colcon_core.environment:create_file_with_runtime_dependencies(/home/cyber/ros2_ws/install/sensor_package/share/colcon-core/packages/sensor_package)
[1.123s] Level 1:colcon.colcon_core.environment:create_environment_scripts_only(sensor_package)
[1.123s] Level 1:colcon.colcon_core.environment:checking '/home/cyber/ros2_ws/install/sensor_package' for CMake module files
[1.124s] Level 1:colcon.colcon_core.environment:checking '/home/cyber/ros2_ws/install/sensor_package' for CMake config files
[1.124s] Level 1:colcon.colcon_core.shell:create_environment_hook('sensor_package', 'cmake_prefix_path')
[1.125s] INFO:colcon.colcon_core.shell:Creating environment hook '/home/cyber/ros2_ws/install/sensor_package/share/sensor_package/hook/cmake_prefix_path.ps1'
[1.125s] INFO:colcon.colcon_core.shell:Creating environment descriptor '/home/cyber/ros2_ws/install/sensor_package/share/sensor_package/hook/cmake_prefix_path.dsv'
[1.126s] INFO:colcon.colcon_core.shell:Creating environment hook '/home/cyber/ros2_ws/install/sensor_package/share/sensor_package/hook/cmake_prefix_path.sh'
[1.126s] Level 1:colcon.colcon_core.environment:checking '/home/cyber/ros2_ws/install/sensor_package/lib'
[1.126s] Level 1:colcon.colcon_core.environment:checking '/home/cyber/ros2_ws/install/sensor_package/bin'
[1.126s] Level 1:colcon.colcon_core.environment:checking '/home/cyber/ros2_ws/install/sensor_package/lib/pkgconfig/sensor_package.pc'
[1.127s] Level 1:colcon.colcon_core.environment:checking '/home/cyber/ros2_ws/install/sensor_package/lib/python3.10/site-packages'
[1.127s] Level 1:colcon.colcon_core.environment:checking '/home/cyber/ros2_ws/install/sensor_package/bin'
[1.127s] INFO:colcon.colcon_core.shell:Creating package script '/home/cyber/ros2_ws/install/sensor_package/share/sensor_package/package.ps1'
[1.128s] INFO:colcon.colcon_core.shell:Creating package descriptor '/home/cyber/ros2_ws/install/sensor_package/share/sensor_package/package.dsv'
[1.129s] INFO:colcon.colcon_core.shell:Creating package script '/home/cyber/ros2_ws/install/sensor_package/share/sensor_package/package.sh'
[1.129s] INFO:colcon.colcon_core.shell:Creating package script '/home/cyber/ros2_ws/install/sensor_package/share/sensor_package/package.bash'
[1.130s] INFO:colcon.colcon_core.shell:Creating package script '/home/cyber/ros2_ws/install/sensor_package/share/sensor_package/package.zsh'
[1.130s] Level 1:colcon.colcon_core.environment:create_file_with_runtime_dependencies(/home/cyber/ros2_ws/install/sensor_package/share/colcon-core/packages/sensor_package)
[1.816s] DEBUG:colcon.colcon_core.event_handler.log_command:Invoking command in '/home/cyber/ros2_ws/src/plot_sensor_data': PYTHONPATH=/home/cyber/ros2_ws/build/plot_sensor_data/prefix_override:/home/cyber/ros2_ws/install/plot_sensor_data/lib/python3.10/site-packages:${PYTHONPATH} /usr/bin/python3 -W ignore:setup.py install is deprecated setup.py egg_info --egg-base ../../build/plot_sensor_data build --build-base /home/cyber/ros2_ws/build/plot_sensor_data/build install --record /home/cyber/ros2_ws/build/plot_sensor_data/install.log --single-version-externally-managed install_data
[2.799s] Level 1:colcon.colcon_core.environment:checking '/home/cyber/ros2_ws/install/plot_sensor_data' for CMake module files
[2.800s] DEBUG:colcon.colcon_core.event_handler.log_command:Invoked command in '/home/cyber/ros2_ws/src/plot_sensor_data' returned '0': PYTHONPATH=/home/cyber/ros2_ws/build/plot_sensor_data/prefix_override:/home/cyber/ros2_ws/install/plot_sensor_data/lib/python3.10/site-packages:${PYTHONPATH} /usr/bin/python3 -W ignore:setup.py install is deprecated setup.py egg_info --egg-base ../../build/plot_sensor_data build --build-base /home/cyber/ros2_ws/build/plot_sensor_data/build install --record /home/cyber/ros2_ws/build/plot_sensor_data/install.log --single-version-externally-managed install_data
[2.800s] Level 1:colcon.colcon_core.environment:checking '/home/cyber/ros2_ws/install/plot_sensor_data' for CMake config files
[2.801s] Level 1:colcon.colcon_core.environment:checking '/home/cyber/ros2_ws/install/plot_sensor_data/lib'
[2.801s] Level 1:colcon.colcon_core.environment:checking '/home/cyber/ros2_ws/install/plot_sensor_data/bin'
[2.801s] Level 1:colcon.colcon_core.environment:checking '/home/cyber/ros2_ws/install/plot_sensor_data/lib/pkgconfig/plot_sensor_data.pc'
[2.802s] Level 1:colcon.colcon_core.environment:checking '/home/cyber/ros2_ws/install/plot_sensor_data/lib/python3.10/site-packages'
[2.802s] Level 1:colcon.colcon_core.shell:create_environment_hook('plot_sensor_data', 'pythonpath')
[2.802s] INFO:colcon.colcon_core.shell:Creating environment hook '/home/cyber/ros2_ws/install/plot_sensor_data/share/plot_sensor_data/hook/pythonpath.ps1'
[2.803s] INFO:colcon.colcon_core.shell:Creating environment descriptor '/home/cyber/ros2_ws/install/plot_sensor_data/share/plot_sensor_data/hook/pythonpath.dsv'
[2.803s] INFO:colcon.colcon_core.shell:Creating environment hook '/home/cyber/ros2_ws/install/plot_sensor_data/share/plot_sensor_data/hook/pythonpath.sh'
[2.804s] Level 1:colcon.colcon_core.environment:checking '/home/cyber/ros2_ws/install/plot_sensor_data/bin'
[2.804s] Level 1:colcon.colcon_core.environment:create_environment_scripts_only(plot_sensor_data)
[2.805s] INFO:colcon.colcon_core.shell:Creating package script '/home/cyber/ros2_ws/install/plot_sensor_data/share/plot_sensor_data/package.ps1'
[2.806s] INFO:colcon.colcon_core.shell:Creating package descriptor '/home/cyber/ros2_ws/install/plot_sensor_data/share/plot_sensor_data/package.dsv'
[2.806s] INFO:colcon.colcon_core.shell:Creating package script '/home/cyber/ros2_ws/install/plot_sensor_data/share/plot_sensor_data/package.sh'
[2.807s] INFO:colcon.colcon_core.shell:Creating package script '/home/cyber/ros2_ws/install/plot_sensor_data/share/plot_sensor_data/package.bash'
[2.807s] INFO:colcon.colcon_core.shell:Creating package script '/home/cyber/ros2_ws/install/plot_sensor_data/share/plot_sensor_data/package.zsh'
[2.807s] Level 1:colcon.colcon_core.environment:create_file_with_runtime_dependencies(/home/cyber/ros2_ws/install/plot_sensor_data/share/colcon-core/packages/plot_sensor_data)
[14.381s] DEBUG:colcon.colcon_core.event_handler.log_command:Invoked command in '/home/cyber/ros2_ws/build/data_processor' returned '0': CMAKE_PREFIX_PATH=${CMAKE_PREFIX_PATH}:/home/cyber/ros2_ws/install/plot_sensor_data:/opt/ros/humble /usr/bin/cmake --build /home/cyber/ros2_ws/build/data_processor -- -j4 -l4
[14.417s] DEBUG:colcon.colcon_core.event_handler.log_command:Invoking command in '/home/cyber/ros2_ws/build/data_processor': CMAKE_PREFIX_PATH=${CMAKE_PREFIX_PATH}:/home/cyber/ros2_ws/install/plot_sensor_data:/opt/ros/humble /usr/bin/cmake --install /home/cyber/ros2_ws/build/data_processor
[14.473s] Level 1:colcon.colcon_core.environment:create_environment_scripts_only(data_processor)
[14.473s] Level 1:colcon.colcon_core.environment:checking '/home/cyber/ros2_ws/install/data_processor' for CMake module files
[14.474s] DEBUG:colcon.colcon_core.event_handler.log_command:Invoked command in '/home/cyber/ros2_ws/build/data_processor' returned '0': CMAKE_PREFIX_PATH=${CMAKE_PREFIX_PATH}:/home/cyber/ros2_ws/install/plot_sensor_data:/opt/ros/humble /usr/bin/cmake --install /home/cyber/ros2_ws/build/data_processor
[14.475s] Level 1:colcon.colcon_core.environment:checking '/home/cyber/ros2_ws/install/data_processor' for CMake config files
[14.475s] Level 1:colcon.colcon_core.shell:create_environment_hook('data_processor', 'cmake_prefix_path')
[14.476s] INFO:colcon.colcon_core.shell:Creating environment hook '/home/cyber/ros2_ws/install/data_processor/share/data_processor/hook/cmake_prefix_path.ps1'
[14.476s] INFO:colcon.colcon_core.shell:Creating environment descriptor '/home/cyber/ros2_ws/install/data_processor/share/data_processor/hook/cmake_prefix_path.dsv'
[14.477s] INFO:colcon.colcon_core.shell:Creating environment hook '/home/cyber/ros2_ws/install/data_processor/share/data_processor/hook/cmake_prefix_path.sh'
[14.477s] Level 1:colcon.colcon_core.environment:checking '/home/cyber/ros2_ws/install/data_processor/lib'
[14.478s] Level 1:colcon.colcon_core.environment:checking '/home/cyber/ros2_ws/install/data_processor/bin'
[14.478s] Level 1:colcon.colcon_core.environment:checking '/home/cyber/ros2_ws/install/data_processor/lib/pkgconfig/data_processor.pc'
[14.478s] Level 1:colcon.colcon_core.environment:checking '/home/cyber/ros2_ws/install/data_processor/lib/python3.10/site-packages'
[14.478s] Level 1:colcon.colcon_core.environment:checking '/home/cyber/ros2_ws/install/data_processor/bin'
[14.479s] INFO:colcon.colcon_core.shell:Creating package script '/home/cyber/ros2_ws/install/data_processor/share/data_processor/package.ps1'
[14.480s] INFO:colcon.colcon_core.shell:Creating package descriptor '/home/cyber/ros2_ws/install/data_processor/share/data_processor/package.dsv'
[14.480s] INFO:colcon.colcon_core.shell:Creating package script '/home/cyber/ros2_ws/install/data_processor/share/data_processor/package.sh'
[14.481s] INFO:colcon.colcon_core.shell:Creating package script '/home/cyber/ros2_ws/install/data_processor/share/data_processor/package.bash'
[14.481s] INFO:colcon.colcon_core.shell:Creating package script '/home/cyber/ros2_ws/install/data_processor/share/data_processor/package.zsh'
[14.481s] Level 1:colcon.colcon_core.environment:create_file_with_runtime_dependencies(/home/cyber/ros2_ws/install/data_processor/share/colcon-core/packages/data_processor)
[14.514s] Level 1:colcon.colcon_core.environment:create_environment_scripts_only(data_processor)
[14.514s] Level 1:colcon.colcon_core.environment:checking '/home/cyber/ros2_ws/install/data_processor' for CMake module files
[14.515s] Level 1:colcon.colcon_core.environment:checking '/home/cyber/ros2_ws/install/data_processor' for CMake config files
[14.515s] Level 1:colcon.colcon_core.shell:create_environment_hook('data_processor', 'cmake_prefix_path')
[14.515s] INFO:colcon.colcon_core.shell:Creating environment hook '/home/cyber/ros2_ws/install/data_processor/share/data_processor/hook/cmake_prefix_path.ps1'
[14.516s] INFO:colcon.colcon_core.shell:Creating environment descriptor '/home/cyber/ros2_ws/install/data_processor/share/data_processor/hook/cmake_prefix_path.dsv'
[14.516s] INFO:colcon.colcon_core.shell:Creating environment hook '/home/cyber/ros2_ws/install/data_processor/share/data_processor/hook/cmake_prefix_path.sh'
[14.517s] Level 1:colcon.colcon_core.environment:checking '/home/cyber/ros2_ws/install/data_processor/lib'
[14.517s] Level 1:colcon.colcon_core.environment:checking '/home/cyber/ros2_ws/install/data_processor/bin'
[14.517s] Level 1:colcon.colcon_core.environment:checking '/home/cyber/ros2_ws/install/data_processor/lib/pkgconfig/data_processor.pc'
[14.518s] Level 1:colcon.colcon_core.environment:checking '/home/cyber/ros2_ws/install/data_processor/lib/python3.10/site-packages'
[14.518s] Level 1:colcon.colcon_core.environment:checking '/home/cyber/ros2_ws/install/data_processor/bin'
[14.518s] INFO:colcon.colcon_core.shell:Creating package script '/home/cyber/ros2_ws/install/data_processor/share/data_processor/package.ps1'
[14.519s] INFO:colcon.colcon_core.shell:Creating package descriptor '/home/cyber/ros2_ws/install/data_processor/share/data_processor/package.dsv'
[14.520s] INFO:colcon.colcon_core.shell:Creating package script '/home/cyber/ros2_ws/install/data_processor/share/data_processor/package.sh'
[14.521s] INFO:colcon.colcon_core.shell:Creating package script '/home/cyber/ros2_ws/install/data_processor/share/data_processor/package.bash'
[14.521s] INFO:colcon.colcon_core.shell:Creating package script '/home/cyber/ros2_ws/install/data_processor/share/data_processor/package.zsh'
[14.521s] Level 1:colcon.colcon_core.environment:create_file_with_runtime_dependencies(/home/cyber/ros2_ws/install/data_processor/share/colcon-core/packages/data_processor)
[14.522s] DEBUG:colcon.colcon_parallel_executor.executor.parallel:closing loop
[14.522s] DEBUG:colcon.colcon_parallel_executor.executor.parallel:loop closed
[14.522s] DEBUG:colcon.colcon_parallel_executor.executor.parallel:run_until_complete finished with '0'
[14.523s] DEBUG:colcon.colcon_core.event_reactor:joining thread
[14.530s] INFO:colcon.colcon_core.plugin_system:Skipping extension 'colcon_notification.desktop_notification.terminal_notifier': Not used on non-Darwin systems
[14.530s] INFO:colcon.colcon_core.plugin_system:Skipping extension 'colcon_notification.desktop_notification.win32': Not used on non-Windows systems
[14.530s] INFO:colcon.colcon_notification.desktop_notification:Sending desktop notification using 'notify2'
[14.544s] DEBUG:colcon.colcon_core.event_reactor:joined thread
[14.544s] INFO:colcon.colcon_core.shell:Creating prefix script '/home/cyber/ros2_ws/install/local_setup.ps1'
[14.546s] INFO:colcon.colcon_core.shell:Creating prefix util module '/home/cyber/ros2_ws/install/_local_setup_util_ps1.py'
[14.548s] INFO:colcon.colcon_core.shell:Creating prefix chain script '/home/cyber/ros2_ws/install/setup.ps1'
[14.549s] INFO:colcon.colcon_core.shell:Creating prefix script '/home/cyber/ros2_ws/install/local_setup.sh'
[14.550s] INFO:colcon.colcon_core.shell:Creating prefix util module '/home/cyber/ros2_ws/install/_local_setup_util_sh.py'
[14.551s] INFO:colcon.colcon_core.shell:Creating prefix chain script '/home/cyber/ros2_ws/install/setup.sh'
[14.552s] INFO:colcon.colcon_core.shell:Creating prefix script '/home/cyber/ros2_ws/install/local_setup.bash'
[14.553s] INFO:colcon.colcon_core.shell:Creating prefix chain script '/home/cyber/ros2_ws/install/setup.bash'
[14.554s] INFO:colcon.colcon_core.shell:Creating prefix script '/home/cyber/ros2_ws/install/local_setup.zsh'
[14.555s] INFO:colcon.colcon_core.shell:Creating prefix chain script '/home/cyber/ros2_ws/install/setup.zsh'
