[2.417s] Invoking command in '/home/cyber/ros2_ws/src/plot_sensor_data': PYTHONPATH=/home/cyber/ros2_ws/build/plot_sensor_data/prefix_override:/home/cyber/ros2_ws/install/plot_sensor_data/lib/python3.10/site-packages:${PYTHONPATH} /usr/bin/python3 -W ignore:setup.py install is deprecated setup.py egg_info --egg-base ../../build/plot_sensor_data build --build-base /home/cyber/ros2_ws/build/plot_sensor_data/build install --record /home/cyber/ros2_ws/build/plot_sensor_data/install.log --single-version-externally-managed install_data
[3.009s] running egg_info
[3.010s] creating ../../build/plot_sensor_data/plot_sensor_data.egg-info
[3.040s] writing ../../build/plot_sensor_data/plot_sensor_data.egg-info/PKG-INFO
[3.041s] writing dependency_links to ../../build/plot_sensor_data/plot_sensor_data.egg-info/dependency_links.txt
[3.041s] writing entry points to ../../build/plot_sensor_data/plot_sensor_data.egg-info/entry_points.txt
[3.041s] writing requirements to ../../build/plot_sensor_data/plot_sensor_data.egg-info/requires.txt
[3.042s] writing top-level names to ../../build/plot_sensor_data/plot_sensor_data.egg-info/top_level.txt
[3.224s] writing manifest file '../../build/plot_sensor_data/plot_sensor_data.egg-info/SOURCES.txt'
[3.284s] reading manifest file '../../build/plot_sensor_data/plot_sensor_data.egg-info/SOURCES.txt'
[3.285s] writing manifest file '../../build/plot_sensor_data/plot_sensor_data.egg-info/SOURCES.txt'
[3.297s] running build
[3.297s] running build_py
[3.304s] creating /home/cyber/ros2_ws/build/plot_sensor_data/build
[3.304s] creating /home/cyber/ros2_ws/build/plot_sensor_data/build/lib
[3.304s] creating /home/cyber/ros2_ws/build/plot_sensor_data/build/lib/plot_sensor_data
[3.305s] copying plot_sensor_data/__init__.py -> /home/cyber/ros2_ws/build/plot_sensor_data/build/lib/plot_sensor_data
[3.305s] copying plot_sensor_data/plot_node.py -> /home/cyber/ros2_ws/build/plot_sensor_data/build/lib/plot_sensor_data
[3.305s] running install
[3.323s] running install_lib
[3.426s] creating /home/cyber/ros2_ws/install/plot_sensor_data/lib/python3.10/site-packages/plot_sensor_data
[3.426s] copying /home/cyber/ros2_ws/build/plot_sensor_data/build/lib/plot_sensor_data/__init__.py -> /home/cyber/ros2_ws/install/plot_sensor_data/lib/python3.10/site-packages/plot_sensor_data
[3.426s] copying /home/cyber/ros2_ws/build/plot_sensor_data/build/lib/plot_sensor_data/plot_node.py -> /home/cyber/ros2_ws/install/plot_sensor_data/lib/python3.10/site-packages/plot_sensor_data
[3.426s] byte-compiling /home/cyber/ros2_ws/install/plot_sensor_data/lib/python3.10/site-packages/plot_sensor_data/__init__.py to __init__.cpython-310.pyc
[3.426s] byte-compiling /home/cyber/ros2_ws/install/plot_sensor_data/lib/python3.10/site-packages/plot_sensor_data/plot_node.py to plot_node.cpython-310.pyc
[3.426s] running install_data
[3.426s] creating /home/cyber/ros2_ws/install/plot_sensor_data/share/ament_index
[3.427s] creating /home/cyber/ros2_ws/install/plot_sensor_data/share/ament_index/resource_index
[3.431s] creating /home/cyber/ros2_ws/install/plot_sensor_data/share/ament_index/resource_index/packages
[3.432s] copying resource/plot_sensor_data -> /home/cyber/ros2_ws/install/plot_sensor_data/share/ament_index/resource_index/packages
[3.433s] copying package.xml -> /home/cyber/ros2_ws/install/plot_sensor_data/share/plot_sensor_data
[3.434s] creating /home/cyber/ros2_ws/install/plot_sensor_data/share/plot_sensor_data/launch
[3.434s] copying launch/plot_launch.py -> /home/cyber/ros2_ws/install/plot_sensor_data/share/plot_sensor_data/launch
[3.435s] running install_egg_info
[3.492s] Copying ../../build/plot_sensor_data/plot_sensor_data.egg-info to /home/cyber/ros2_ws/install/plot_sensor_data/lib/python3.10/site-packages/plot_sensor_data-0.0.0-py3.10.egg-info
[3.494s] running install_scripts
[3.631s] Installing plot_node script to /home/cyber/ros2_ws/install/plot_sensor_data/lib/plot_sensor_data
[3.631s] writing list of installed files to '/home/cyber/ros2_ws/build/plot_sensor_data/install.log'
[3.686s] Invoked command in '/home/cyber/ros2_ws/src/plot_sensor_data' returned '0': PYTHONPATH=/home/cyber/ros2_ws/build/plot_sensor_data/prefix_override:/home/cyber/ros2_ws/install/plot_sensor_data/lib/python3.10/site-packages:${PYTHONPATH} /usr/bin/python3 -W ignore:setup.py install is deprecated setup.py egg_info --egg-base ../../build/plot_sensor_data build --build-base /home/cyber/ros2_ws/build/plot_sensor_data/build install --record /home/cyber/ros2_ws/build/plot_sensor_data/install.log --single-version-externally-managed install_data
