[0.215s] DEBUG:colcon:Command line arguments: ['/usr/bin/colcon', 'build']
[0.216s] DEBUG:colcon:Parsed command line arguments: Namespace(log_base=None, log_level=None, verb_name='build', build_base='build', install_base='install', merge_install=False, symlink_install=False, test_result_base=None, continue_on_error=False, executor='parallel', parallel_workers=4, event_handlers=None, ignore_user_meta=False, metas=['./colcon.meta'], base_paths=['.'], packages_ignore=None, packages_ignore_regex=None, paths=None, packages_up_to=None, packages_up_to_regex=None, packages_above=None, packages_above_and_dependencies=None, packages_above_depth=None, packages_select_by_dep=None, packages_skip_by_dep=None, packages_skip_up_to=None, packages_select_build_failed=False, packages_skip_build_finished=False, packages_select_test_failures=False, packages_skip_test_passed=False, packages_select=None, packages_skip=None, packages_select_regex=None, packages_skip_regex=None, packages_start=None, packages_end=None, allow_overriding=[], cmake_args=None, cmake_target=None, cmake_target_skip_unavailable=False, cmake_clean_cache=False, cmake_clean_first=False, cmake_force_configure=False, ament_cmake_args=None, catkin_cmake_args=None, catkin_skip_building_tests=False, mixin_files=None, mixin=None, verb_parser=<colcon_mixin.mixin.mixin_argument.MixinArgumentDecorator object at 0x731ef19204c0>, verb_extension=<colcon_core.verb.build.BuildVerb object at 0x731ef18f3a60>, main=<bound method BuildVerb.main of <colcon_core.verb.build.BuildVerb object at 0x731ef18f3a60>>, mixin_verb=('build',))
[0.271s] Level 1:colcon.colcon_core.package_discovery:discover_packages(colcon_meta) check parameters
[0.271s] Level 1:colcon.colcon_core.package_discovery:discover_packages(recursive) check parameters
[0.271s] Level 1:colcon.colcon_core.package_discovery:discover_packages(ignore) check parameters
[0.271s] Level 1:colcon.colcon_core.package_discovery:discover_packages(path) check parameters
[0.271s] Level 1:colcon.colcon_core.package_discovery:discover_packages(colcon_meta) discover
[0.271s] Level 1:colcon.colcon_core.package_discovery:discover_packages(recursive) discover
[0.271s] INFO:colcon.colcon_core.package_discovery:Crawling recursively for packages in '/home/cyber/ros2_ws'
[0.271s] Level 1:colcon.colcon_core.package_identification:_identify(.) by extensions ['ignore', 'ignore_ament_install']
[0.271s] Level 1:colcon.colcon_core.package_identification:_identify(.) by extension 'ignore'
[0.271s] Level 1:colcon.colcon_core.package_identification:_identify(.) by extension 'ignore_ament_install'
[0.271s] Level 1:colcon.colcon_core.package_identification:_identify(.) by extensions ['colcon_pkg']
[0.271s] Level 1:colcon.colcon_core.package_identification:_identify(.) by extension 'colcon_pkg'
[0.272s] Level 1:colcon.colcon_core.package_identification:_identify(.) by extensions ['colcon_meta']
[0.272s] Level 1:colcon.colcon_core.package_identification:_identify(.) by extension 'colcon_meta'
[0.272s] Level 1:colcon.colcon_core.package_identification:_identify(.) by extensions ['ros']
[0.272s] Level 1:colcon.colcon_core.package_identification:_identify(.) by extension 'ros'
[0.294s] Level 1:colcon.colcon_core.package_identification:_identify(.) by extensions ['cmake', 'python']
[0.294s] Level 1:colcon.colcon_core.package_identification:_identify(.) by extension 'cmake'
[0.294s] Level 1:colcon.colcon_core.package_identification:_identify(.) by extension 'python'
[0.294s] Level 1:colcon.colcon_core.package_identification:_identify(.) by extensions ['python_setup_py']
[0.294s] Level 1:colcon.colcon_core.package_identification:_identify(.) by extension 'python_setup_py'
[0.295s] Level 1:colcon.colcon_core.package_identification:_identify(build) by extensions ['ignore', 'ignore_ament_install']
[0.295s] Level 1:colcon.colcon_core.package_identification:_identify(build) by extension 'ignore'
[0.295s] Level 1:colcon.colcon_core.package_identification:_identify(build) ignored
[0.295s] Level 1:colcon.colcon_core.package_identification:_identify(install) by extensions ['ignore', 'ignore_ament_install']
[0.295s] Level 1:colcon.colcon_core.package_identification:_identify(install) by extension 'ignore'
[0.295s] Level 1:colcon.colcon_core.package_identification:_identify(install) ignored
[0.295s] Level 1:colcon.colcon_core.package_identification:_identify(launch) by extensions ['ignore', 'ignore_ament_install']
[0.295s] Level 1:colcon.colcon_core.package_identification:_identify(launch) by extension 'ignore'
[0.295s] Level 1:colcon.colcon_core.package_identification:_identify(launch) by extension 'ignore_ament_install'
[0.295s] Level 1:colcon.colcon_core.package_identification:_identify(launch) by extensions ['colcon_pkg']
[0.295s] Level 1:colcon.colcon_core.package_identification:_identify(launch) by extension 'colcon_pkg'
[0.296s] Level 1:colcon.colcon_core.package_identification:_identify(launch) by extensions ['colcon_meta']
[0.296s] Level 1:colcon.colcon_core.package_identification:_identify(launch) by extension 'colcon_meta'
[0.296s] Level 1:colcon.colcon_core.package_identification:_identify(launch) by extensions ['ros']
[0.296s] Level 1:colcon.colcon_core.package_identification:_identify(launch) by extension 'ros'
[0.296s] Level 1:colcon.colcon_core.package_identification:_identify(launch) by extensions ['cmake', 'python']
[0.296s] Level 1:colcon.colcon_core.package_identification:_identify(launch) by extension 'cmake'
[0.296s] Level 1:colcon.colcon_core.package_identification:_identify(launch) by extension 'python'
[0.296s] Level 1:colcon.colcon_core.package_identification:_identify(launch) by extensions ['python_setup_py']
[0.296s] Level 1:colcon.colcon_core.package_identification:_identify(launch) by extension 'python_setup_py'
[0.296s] Level 1:colcon.colcon_core.package_identification:_identify(log) by extensions ['ignore', 'ignore_ament_install']
[0.296s] Level 1:colcon.colcon_core.package_identification:_identify(log) by extension 'ignore'
[0.296s] Level 1:colcon.colcon_core.package_identification:_identify(log) ignored
[0.296s] Level 1:colcon.colcon_core.package_identification:_identify(src) by extensions ['ignore', 'ignore_ament_install']
[0.297s] Level 1:colcon.colcon_core.package_identification:_identify(src) by extension 'ignore'
[0.297s] Level 1:colcon.colcon_core.package_identification:_identify(src) by extension 'ignore_ament_install'
[0.297s] Level 1:colcon.colcon_core.package_identification:_identify(src) by extensions ['colcon_pkg']
[0.297s] Level 1:colcon.colcon_core.package_identification:_identify(src) by extension 'colcon_pkg'
[0.297s] Level 1:colcon.colcon_core.package_identification:_identify(src) by extensions ['colcon_meta']
[0.297s] Level 1:colcon.colcon_core.package_identification:_identify(src) by extension 'colcon_meta'
[0.297s] Level 1:colcon.colcon_core.package_identification:_identify(src) by extensions ['ros']
[0.297s] Level 1:colcon.colcon_core.package_identification:_identify(src) by extension 'ros'
[0.297s] Level 1:colcon.colcon_core.package_identification:_identify(src) by extensions ['cmake', 'python']
[0.297s] Level 1:colcon.colcon_core.package_identification:_identify(src) by extension 'cmake'
[0.297s] Level 1:colcon.colcon_core.package_identification:_identify(src) by extension 'python'
[0.297s] Level 1:colcon.colcon_core.package_identification:_identify(src) by extensions ['python_setup_py']
[0.297s] Level 1:colcon.colcon_core.package_identification:_identify(src) by extension 'python_setup_py'
[0.297s] Level 1:colcon.colcon_core.package_identification:_identify(src/dashboard) by extensions ['ignore', 'ignore_ament_install']
[0.297s] Level 1:colcon.colcon_core.package_identification:_identify(src/dashboard) by extension 'ignore'
[0.297s] Level 1:colcon.colcon_core.package_identification:_identify(src/dashboard) by extension 'ignore_ament_install'
[0.298s] Level 1:colcon.colcon_core.package_identification:_identify(src/dashboard) by extensions ['colcon_pkg']
[0.298s] Level 1:colcon.colcon_core.package_identification:_identify(src/dashboard) by extension 'colcon_pkg'
[0.298s] Level 1:colcon.colcon_core.package_identification:_identify(src/dashboard) by extensions ['colcon_meta']
[0.298s] Level 1:colcon.colcon_core.package_identification:_identify(src/dashboard) by extension 'colcon_meta'
[0.298s] Level 1:colcon.colcon_core.package_identification:_identify(src/dashboard) by extensions ['ros']
[0.298s] Level 1:colcon.colcon_core.package_identification:_identify(src/dashboard) by extension 'ros'
[0.298s] Level 1:colcon.colcon_core.package_identification:_identify(src/dashboard) by extensions ['cmake', 'python']
[0.298s] Level 1:colcon.colcon_core.package_identification:_identify(src/dashboard) by extension 'cmake'
[0.298s] Level 1:colcon.colcon_core.package_identification:_identify(src/dashboard) by extension 'python'
[0.298s] Level 1:colcon.colcon_core.package_identification:_identify(src/dashboard) by extensions ['python_setup_py']
[0.298s] Level 1:colcon.colcon_core.package_identification:_identify(src/dashboard) by extension 'python_setup_py'
[0.298s] Level 1:colcon.colcon_core.package_identification:_identify(src/data_processor) by extensions ['ignore', 'ignore_ament_install']
[0.298s] Level 1:colcon.colcon_core.package_identification:_identify(src/data_processor) by extension 'ignore'
[0.298s] Level 1:colcon.colcon_core.package_identification:_identify(src/data_processor) by extension 'ignore_ament_install'
[0.299s] Level 1:colcon.colcon_core.package_identification:_identify(src/data_processor) by extensions ['colcon_pkg']
[0.299s] Level 1:colcon.colcon_core.package_identification:_identify(src/data_processor) by extension 'colcon_pkg'
[0.299s] Level 1:colcon.colcon_core.package_identification:_identify(src/data_processor) by extensions ['colcon_meta']
[0.299s] Level 1:colcon.colcon_core.package_identification:_identify(src/data_processor) by extension 'colcon_meta'
[0.299s] Level 1:colcon.colcon_core.package_identification:_identify(src/data_processor) by extensions ['ros']
[0.299s] Level 1:colcon.colcon_core.package_identification:_identify(src/data_processor) by extension 'ros'
[0.302s] DEBUG:colcon.colcon_core.package_identification:Package 'src/data_processor' with type 'ros.ament_cmake' and name 'data_processor'
[0.303s] Level 1:colcon.colcon_core.package_identification:_identify(src/plot_sensor_data) by extensions ['ignore', 'ignore_ament_install']
[0.303s] Level 1:colcon.colcon_core.package_identification:_identify(src/plot_sensor_data) by extension 'ignore'
[0.303s] Level 1:colcon.colcon_core.package_identification:_identify(src/plot_sensor_data) by extension 'ignore_ament_install'
[0.303s] Level 1:colcon.colcon_core.package_identification:_identify(src/plot_sensor_data) by extensions ['colcon_pkg']
[0.303s] Level 1:colcon.colcon_core.package_identification:_identify(src/plot_sensor_data) by extension 'colcon_pkg'
[0.303s] Level 1:colcon.colcon_core.package_identification:_identify(src/plot_sensor_data) by extensions ['colcon_meta']
[0.303s] Level 1:colcon.colcon_core.package_identification:_identify(src/plot_sensor_data) by extension 'colcon_meta'
[0.303s] Level 1:colcon.colcon_core.package_identification:_identify(src/plot_sensor_data) by extensions ['ros']
[0.303s] Level 1:colcon.colcon_core.package_identification:_identify(src/plot_sensor_data) by extension 'ros'
[0.304s] DEBUG:colcon.colcon_core.package_identification:Package 'src/plot_sensor_data' with type 'ros.ament_python' and name 'plot_sensor_data'
[0.304s] Level 1:colcon.colcon_core.package_identification:_identify(src/rosbridge_server_launch) by extensions ['ignore', 'ignore_ament_install']
[0.304s] Level 1:colcon.colcon_core.package_identification:_identify(src/rosbridge_server_launch) by extension 'ignore'
[0.304s] Level 1:colcon.colcon_core.package_identification:_identify(src/rosbridge_server_launch) by extension 'ignore_ament_install'
[0.304s] Level 1:colcon.colcon_core.package_identification:_identify(src/rosbridge_server_launch) by extensions ['colcon_pkg']
[0.304s] Level 1:colcon.colcon_core.package_identification:_identify(src/rosbridge_server_launch) by extension 'colcon_pkg'
[0.305s] Level 1:colcon.colcon_core.package_identification:_identify(src/rosbridge_server_launch) by extensions ['colcon_meta']
[0.305s] Level 1:colcon.colcon_core.package_identification:_identify(src/rosbridge_server_launch) by extension 'colcon_meta'
[0.305s] Level 1:colcon.colcon_core.package_identification:_identify(src/rosbridge_server_launch) by extensions ['ros']
[0.305s] Level 1:colcon.colcon_core.package_identification:_identify(src/rosbridge_server_launch) by extension 'ros'
[0.305s] DEBUG:colcon.colcon_core.package_identification:Package 'src/rosbridge_server_launch' with type 'ros.ament_cmake' and name 'rosbridge_server_launch'
[0.306s] Level 1:colcon.colcon_core.package_identification:_identify(src/sensor_package) by extensions ['ignore', 'ignore_ament_install']
[0.306s] Level 1:colcon.colcon_core.package_identification:_identify(src/sensor_package) by extension 'ignore'
[0.306s] Level 1:colcon.colcon_core.package_identification:_identify(src/sensor_package) by extension 'ignore_ament_install'
[0.306s] Level 1:colcon.colcon_core.package_identification:_identify(src/sensor_package) by extensions ['colcon_pkg']
[0.306s] Level 1:colcon.colcon_core.package_identification:_identify(src/sensor_package) by extension 'colcon_pkg'
[0.306s] Level 1:colcon.colcon_core.package_identification:_identify(src/sensor_package) by extensions ['colcon_meta']
[0.306s] Level 1:colcon.colcon_core.package_identification:_identify(src/sensor_package) by extension 'colcon_meta'
[0.306s] Level 1:colcon.colcon_core.package_identification:_identify(src/sensor_package) by extensions ['ros']
[0.306s] Level 1:colcon.colcon_core.package_identification:_identify(src/sensor_package) by extension 'ros'
[0.307s] DEBUG:colcon.colcon_core.package_identification:Package 'src/sensor_package' with type 'ros.ament_cmake' and name 'sensor_package'
[0.307s] Level 1:colcon.colcon_core.package_discovery:discover_packages(recursive) using defaults
[0.307s] Level 1:colcon.colcon_core.package_discovery:discover_packages(ignore) discover
[0.307s] Level 1:colcon.colcon_core.package_discovery:discover_packages(ignore) using defaults
[0.307s] Level 1:colcon.colcon_core.package_discovery:discover_packages(path) discover
[0.307s] Level 1:colcon.colcon_core.package_discovery:discover_packages(path) using defaults
[0.338s] Level 1:colcon.colcon_core.package_discovery:discover_packages(prefix_path) check parameters
[0.338s] Level 1:colcon.colcon_core.package_discovery:discover_packages(prefix_path) discover
[0.340s] DEBUG:colcon.colcon_installed_package_information.package_discovery:Found 4 installed packages in /home/cyber/ros2_ws/install
[0.342s] DEBUG:colcon.colcon_installed_package_information.package_discovery:Found 280 installed packages in /opt/ros/humble
[0.344s] Level 1:colcon.colcon_core.package_discovery:discover_packages(prefix_path) using defaults
[0.397s] Level 5:colcon.colcon_core.verb:set package 'data_processor' build argument 'cmake_args' from command line to 'None'
[0.398s] Level 5:colcon.colcon_core.verb:set package 'data_processor' build argument 'cmake_target' from command line to 'None'
[0.398s] Level 5:colcon.colcon_core.verb:set package 'data_processor' build argument 'cmake_target_skip_unavailable' from command line to 'False'
[0.398s] Level 5:colcon.colcon_core.verb:set package 'data_processor' build argument 'cmake_clean_cache' from command line to 'False'
[0.398s] Level 5:colcon.colcon_core.verb:set package 'data_processor' build argument 'cmake_clean_first' from command line to 'False'
[0.398s] Level 5:colcon.colcon_core.verb:set package 'data_processor' build argument 'cmake_force_configure' from command line to 'False'
[0.398s] Level 5:colcon.colcon_core.verb:set package 'data_processor' build argument 'ament_cmake_args' from command line to 'None'
[0.398s] Level 5:colcon.colcon_core.verb:set package 'data_processor' build argument 'catkin_cmake_args' from command line to 'None'
[0.398s] Level 5:colcon.colcon_core.verb:set package 'data_processor' build argument 'catkin_skip_building_tests' from command line to 'False'
[0.398s] DEBUG:colcon.colcon_core.verb:Building package 'data_processor' with the following arguments: {'ament_cmake_args': None, 'build_base': '/home/cyber/ros2_ws/build/data_processor', 'catkin_cmake_args': None, 'catkin_skip_building_tests': False, 'cmake_args': None, 'cmake_clean_cache': False, 'cmake_clean_first': False, 'cmake_force_configure': False, 'cmake_target': None, 'cmake_target_skip_unavailable': False, 'install_base': '/home/cyber/ros2_ws/install/data_processor', 'merge_install': False, 'path': '/home/cyber/ros2_ws/src/data_processor', 'symlink_install': False, 'test_result_base': None}
[0.398s] Level 5:colcon.colcon_core.verb:set package 'plot_sensor_data' build argument 'cmake_args' from command line to 'None'
[0.398s] Level 5:colcon.colcon_core.verb:set package 'plot_sensor_data' build argument 'cmake_target' from command line to 'None'
[0.399s] Level 5:colcon.colcon_core.verb:set package 'plot_sensor_data' build argument 'cmake_target_skip_unavailable' from command line to 'False'
[0.399s] Level 5:colcon.colcon_core.verb:set package 'plot_sensor_data' build argument 'cmake_clean_cache' from command line to 'False'
[0.399s] Level 5:colcon.colcon_core.verb:set package 'plot_sensor_data' build argument 'cmake_clean_first' from command line to 'False'
[0.399s] Level 5:colcon.colcon_core.verb:set package 'plot_sensor_data' build argument 'cmake_force_configure' from command line to 'False'
[0.399s] Level 5:colcon.colcon_core.verb:set package 'plot_sensor_data' build argument 'ament_cmake_args' from command line to 'None'
[0.399s] Level 5:colcon.colcon_core.verb:set package 'plot_sensor_data' build argument 'catkin_cmake_args' from command line to 'None'
[0.399s] Level 5:colcon.colcon_core.verb:set package 'plot_sensor_data' build argument 'catkin_skip_building_tests' from command line to 'False'
[0.399s] DEBUG:colcon.colcon_core.verb:Building package 'plot_sensor_data' with the following arguments: {'ament_cmake_args': None, 'build_base': '/home/cyber/ros2_ws/build/plot_sensor_data', 'catkin_cmake_args': None, 'catkin_skip_building_tests': False, 'cmake_args': None, 'cmake_clean_cache': False, 'cmake_clean_first': False, 'cmake_force_configure': False, 'cmake_target': None, 'cmake_target_skip_unavailable': False, 'install_base': '/home/cyber/ros2_ws/install/plot_sensor_data', 'merge_install': False, 'path': '/home/cyber/ros2_ws/src/plot_sensor_data', 'symlink_install': False, 'test_result_base': None}
[0.399s] Level 5:colcon.colcon_core.verb:set package 'rosbridge_server_launch' build argument 'cmake_args' from command line to 'None'
[0.399s] Level 5:colcon.colcon_core.verb:set package 'rosbridge_server_launch' build argument 'cmake_target' from command line to 'None'
[0.399s] Level 5:colcon.colcon_core.verb:set package 'rosbridge_server_launch' build argument 'cmake_target_skip_unavailable' from command line to 'False'
[0.399s] Level 5:colcon.colcon_core.verb:set package 'rosbridge_server_launch' build argument 'cmake_clean_cache' from command line to 'False'
[0.399s] Level 5:colcon.colcon_core.verb:set package 'rosbridge_server_launch' build argument 'cmake_clean_first' from command line to 'False'
[0.399s] Level 5:colcon.colcon_core.verb:set package 'rosbridge_server_launch' build argument 'cmake_force_configure' from command line to 'False'
[0.399s] Level 5:colcon.colcon_core.verb:set package 'rosbridge_server_launch' build argument 'ament_cmake_args' from command line to 'None'
[0.399s] Level 5:colcon.colcon_core.verb:set package 'rosbridge_server_launch' build argument 'catkin_cmake_args' from command line to 'None'
[0.399s] Level 5:colcon.colcon_core.verb:set package 'rosbridge_server_launch' build argument 'catkin_skip_building_tests' from command line to 'False'
[0.400s] DEBUG:colcon.colcon_core.verb:Building package 'rosbridge_server_launch' with the following arguments: {'ament_cmake_args': None, 'build_base': '/home/cyber/ros2_ws/build/rosbridge_server_launch', 'catkin_cmake_args': None, 'catkin_skip_building_tests': False, 'cmake_args': None, 'cmake_clean_cache': False, 'cmake_clean_first': False, 'cmake_force_configure': False, 'cmake_target': None, 'cmake_target_skip_unavailable': False, 'install_base': '/home/cyber/ros2_ws/install/rosbridge_server_launch', 'merge_install': False, 'path': '/home/cyber/ros2_ws/src/rosbridge_server_launch', 'symlink_install': False, 'test_result_base': None}
[0.400s] Level 5:colcon.colcon_core.verb:set package 'sensor_package' build argument 'cmake_args' from command line to 'None'
[0.400s] Level 5:colcon.colcon_core.verb:set package 'sensor_package' build argument 'cmake_target' from command line to 'None'
[0.400s] Level 5:colcon.colcon_core.verb:set package 'sensor_package' build argument 'cmake_target_skip_unavailable' from command line to 'False'
[0.400s] Level 5:colcon.colcon_core.verb:set package 'sensor_package' build argument 'cmake_clean_cache' from command line to 'False'
[0.400s] Level 5:colcon.colcon_core.verb:set package 'sensor_package' build argument 'cmake_clean_first' from command line to 'False'
[0.400s] Level 5:colcon.colcon_core.verb:set package 'sensor_package' build argument 'cmake_force_configure' from command line to 'False'
[0.400s] Level 5:colcon.colcon_core.verb:set package 'sensor_package' build argument 'ament_cmake_args' from command line to 'None'
[0.400s] Level 5:colcon.colcon_core.verb:set package 'sensor_package' build argument 'catkin_cmake_args' from command line to 'None'
[0.400s] Level 5:colcon.colcon_core.verb:set package 'sensor_package' build argument 'catkin_skip_building_tests' from command line to 'False'
[0.400s] DEBUG:colcon.colcon_core.verb:Building package 'sensor_package' with the following arguments: {'ament_cmake_args': None, 'build_base': '/home/cyber/ros2_ws/build/sensor_package', 'catkin_cmake_args': None, 'catkin_skip_building_tests': False, 'cmake_args': None, 'cmake_clean_cache': False, 'cmake_clean_first': False, 'cmake_force_configure': False, 'cmake_target': None, 'cmake_target_skip_unavailable': False, 'install_base': '/home/cyber/ros2_ws/install/sensor_package', 'merge_install': False, 'path': '/home/cyber/ros2_ws/src/sensor_package', 'symlink_install': False, 'test_result_base': None}
[0.400s] INFO:colcon.colcon_core.executor:Executing jobs using 'parallel' executor
[0.402s] DEBUG:colcon.colcon_parallel_executor.executor.parallel:run_until_complete
[0.402s] INFO:colcon.colcon_ros.task.ament_cmake.build:Building ROS package in '/home/cyber/ros2_ws/src/data_processor' with build type 'ament_cmake'
[0.402s] INFO:colcon.colcon_cmake.task.cmake.build:Building CMake package in '/home/cyber/ros2_ws/src/data_processor'
[0.405s] INFO:colcon.colcon_core.plugin_system:Skipping extension 'colcon_core.shell.bat': Not used on non-Windows systems
[0.405s] INFO:colcon.colcon_core.shell:Skip shell extension 'powershell' for command environment: Not usable outside of PowerShell
[0.405s] DEBUG:colcon.colcon_core.shell:Skip shell extension 'dsv' for command environment
[0.410s] INFO:colcon.colcon_ros.task.ament_python.build:Building ROS package in '/home/cyber/ros2_ws/src/plot_sensor_data' with build type 'ament_python'
[0.410s] Level 1:colcon.colcon_core.shell:create_environment_hook('plot_sensor_data', 'ament_prefix_path')
[0.410s] INFO:colcon.colcon_core.shell:Creating environment hook '/home/cyber/ros2_ws/install/plot_sensor_data/share/plot_sensor_data/hook/ament_prefix_path.ps1'
[0.411s] INFO:colcon.colcon_core.shell:Creating environment descriptor '/home/cyber/ros2_ws/install/plot_sensor_data/share/plot_sensor_data/hook/ament_prefix_path.dsv'
[0.412s] INFO:colcon.colcon_core.shell:Creating environment hook '/home/cyber/ros2_ws/install/plot_sensor_data/share/plot_sensor_data/hook/ament_prefix_path.sh'
[0.413s] INFO:colcon.colcon_core.shell:Skip shell extension 'powershell' for command environment: Not usable outside of PowerShell
[0.413s] DEBUG:colcon.colcon_core.shell:Skip shell extension 'dsv' for command environment
[0.418s] INFO:colcon.colcon_ros.task.ament_cmake.build:Building ROS package in '/home/cyber/ros2_ws/src/rosbridge_server_launch' with build type 'ament_cmake'
[0.418s] INFO:colcon.colcon_cmake.task.cmake.build:Building CMake package in '/home/cyber/ros2_ws/src/rosbridge_server_launch'
[0.418s] INFO:colcon.colcon_core.shell:Skip shell extension 'powershell' for command environment: Not usable outside of PowerShell
[0.418s] DEBUG:colcon.colcon_core.shell:Skip shell extension 'dsv' for command environment
[0.423s] INFO:colcon.colcon_ros.task.ament_cmake.build:Building ROS package in '/home/cyber/ros2_ws/src/sensor_package' with build type 'ament_cmake'
[0.423s] INFO:colcon.colcon_cmake.task.cmake.build:Building CMake package in '/home/cyber/ros2_ws/src/sensor_package'
[0.423s] INFO:colcon.colcon_core.shell:Skip shell extension 'powershell' for command environment: Not usable outside of PowerShell
[0.423s] DEBUG:colcon.colcon_core.shell:Skip shell extension 'dsv' for command environment
[0.439s] DEBUG:colcon.colcon_core.event_handler.log_command:Invoking command in '/home/cyber/ros2_ws/build/data_processor': CMAKE_PREFIX_PATH=${CMAKE_PREFIX_PATH}:/home/cyber/ros2_ws/install/plot_sensor_data:/opt/ros/humble /usr/bin/cmake --build /home/cyber/ros2_ws/build/data_processor -- -j4 -l4
[0.752s] INFO:colcon.colcon_core.task.python.build:Building Python package in '/home/cyber/ros2_ws/src/plot_sensor_data'
[0.753s] INFO:colcon.colcon_core.shell:Skip shell extension 'powershell' for command environment: Not usable outside of PowerShell
[0.753s] DEBUG:colcon.colcon_core.shell:Skip shell extension 'dsv' for command environment
[0.764s] DEBUG:colcon.colcon_core.event_handler.log_command:Invoking command in '/home/cyber/ros2_ws/build/rosbridge_server_launch': CMAKE_PREFIX_PATH=${CMAKE_PREFIX_PATH}:/home/cyber/ros2_ws/install/plot_sensor_data:/opt/ros/humble /usr/bin/cmake --build /home/cyber/ros2_ws/build/rosbridge_server_launch -- -j4 -l4
[0.772s] DEBUG:colcon.colcon_core.event_handler.log_command:Invoking command in '/home/cyber/ros2_ws/build/sensor_package': CMAKE_PREFIX_PATH=${CMAKE_PREFIX_PATH}:/home/cyber/ros2_ws/install/plot_sensor_data:/opt/ros/humble /usr/bin/cmake --build /home/cyber/ros2_ws/build/sensor_package -- -j4 -l4
[0.773s] DEBUG:colcon.colcon_core.event_handler.log_command:Invoked command in '/home/cyber/ros2_ws/build/data_processor' returned '0': CMAKE_PREFIX_PATH=${CMAKE_PREFIX_PATH}:/home/cyber/ros2_ws/install/plot_sensor_data:/opt/ros/humble /usr/bin/cmake --build /home/cyber/ros2_ws/build/data_processor -- -j4 -l4
[0.847s] DEBUG:colcon.colcon_core.event_handler.log_command:Invoking command in '/home/cyber/ros2_ws/build/data_processor': CMAKE_PREFIX_PATH=${CMAKE_PREFIX_PATH}:/home/cyber/ros2_ws/install/plot_sensor_data:/opt/ros/humble /usr/bin/cmake --install /home/cyber/ros2_ws/build/data_processor
[0.855s] DEBUG:colcon.colcon_core.event_handler.log_command:Invoked command in '/home/cyber/ros2_ws/build/rosbridge_server_launch' returned '0': CMAKE_PREFIX_PATH=${CMAKE_PREFIX_PATH}:/home/cyber/ros2_ws/install/plot_sensor_data:/opt/ros/humble /usr/bin/cmake --build /home/cyber/ros2_ws/build/rosbridge_server_launch -- -j4 -l4
[0.871s] Level 1:colcon.colcon_core.environment:create_environment_scripts_only(data_processor)
[0.876s] DEBUG:colcon.colcon_core.event_handler.log_command:Invoked command in '/home/cyber/ros2_ws/build/data_processor' returned '0': CMAKE_PREFIX_PATH=${CMAKE_PREFIX_PATH}:/home/cyber/ros2_ws/install/plot_sensor_data:/opt/ros/humble /usr/bin/cmake --install /home/cyber/ros2_ws/build/data_processor
[0.878s] Level 1:colcon.colcon_core.environment:checking '/home/cyber/ros2_ws/install/data_processor' for CMake module files
[0.879s] Level 1:colcon.colcon_core.environment:checking '/home/cyber/ros2_ws/install/data_processor' for CMake config files
[0.880s] Level 1:colcon.colcon_core.shell:create_environment_hook('data_processor', 'cmake_prefix_path')
[0.880s] INFO:colcon.colcon_core.shell:Creating environment hook '/home/cyber/ros2_ws/install/data_processor/share/data_processor/hook/cmake_prefix_path.ps1'
[0.881s] INFO:colcon.colcon_core.shell:Creating environment descriptor '/home/cyber/ros2_ws/install/data_processor/share/data_processor/hook/cmake_prefix_path.dsv'
[0.885s] INFO:colcon.colcon_core.shell:Creating environment hook '/home/cyber/ros2_ws/install/data_processor/share/data_processor/hook/cmake_prefix_path.sh'
[0.887s] Level 1:colcon.colcon_core.environment:checking '/home/cyber/ros2_ws/install/data_processor/lib'
[0.887s] Level 1:colcon.colcon_core.environment:checking '/home/cyber/ros2_ws/install/data_processor/bin'
[0.887s] Level 1:colcon.colcon_core.environment:checking '/home/cyber/ros2_ws/install/data_processor/lib/pkgconfig/data_processor.pc'
[0.888s] Level 1:colcon.colcon_core.environment:checking '/home/cyber/ros2_ws/install/data_processor/lib/python3.10/site-packages'
[0.888s] Level 1:colcon.colcon_core.environment:checking '/home/cyber/ros2_ws/install/data_processor/bin'
[0.889s] INFO:colcon.colcon_core.shell:Creating package script '/home/cyber/ros2_ws/install/data_processor/share/data_processor/package.ps1'
[0.891s] INFO:colcon.colcon_core.shell:Creating package descriptor '/home/cyber/ros2_ws/install/data_processor/share/data_processor/package.dsv'
[0.892s] INFO:colcon.colcon_core.shell:Creating package script '/home/cyber/ros2_ws/install/data_processor/share/data_processor/package.sh'
[0.894s] INFO:colcon.colcon_core.shell:Creating package script '/home/cyber/ros2_ws/install/data_processor/share/data_processor/package.bash'
[0.896s] INFO:colcon.colcon_core.shell:Creating package script '/home/cyber/ros2_ws/install/data_processor/share/data_processor/package.zsh'
[0.897s] Level 1:colcon.colcon_core.environment:create_file_with_runtime_dependencies(/home/cyber/ros2_ws/install/data_processor/share/colcon-core/packages/data_processor)
[0.936s] DEBUG:colcon.colcon_core.event_handler.log_command:Invoking command in '/home/cyber/ros2_ws/build/rosbridge_server_launch': CMAKE_PREFIX_PATH=${CMAKE_PREFIX_PATH}:/home/cyber/ros2_ws/install/plot_sensor_data:/opt/ros/humble /usr/bin/cmake --install /home/cyber/ros2_ws/build/rosbridge_server_launch
[0.951s] Level 1:colcon.colcon_core.environment:create_environment_scripts_only(data_processor)
[0.951s] Level 1:colcon.colcon_core.environment:checking '/home/cyber/ros2_ws/install/data_processor' for CMake module files
[0.953s] Level 1:colcon.colcon_core.environment:checking '/home/cyber/ros2_ws/install/data_processor' for CMake config files
[0.953s] Level 1:colcon.colcon_core.shell:create_environment_hook('data_processor', 'cmake_prefix_path')
[0.954s] INFO:colcon.colcon_core.shell:Creating environment hook '/home/cyber/ros2_ws/install/data_processor/share/data_processor/hook/cmake_prefix_path.ps1'
[0.958s] INFO:colcon.colcon_core.shell:Creating environment descriptor '/home/cyber/ros2_ws/install/data_processor/share/data_processor/hook/cmake_prefix_path.dsv'
[0.959s] INFO:colcon.colcon_core.shell:Creating environment hook '/home/cyber/ros2_ws/install/data_processor/share/data_processor/hook/cmake_prefix_path.sh'
[0.960s] Level 1:colcon.colcon_core.environment:checking '/home/cyber/ros2_ws/install/data_processor/lib'
[0.960s] Level 1:colcon.colcon_core.environment:checking '/home/cyber/ros2_ws/install/data_processor/bin'
[0.960s] Level 1:colcon.colcon_core.environment:checking '/home/cyber/ros2_ws/install/data_processor/lib/pkgconfig/data_processor.pc'
[0.961s] Level 1:colcon.colcon_core.environment:checking '/home/cyber/ros2_ws/install/data_processor/lib/python3.10/site-packages'
[0.961s] Level 1:colcon.colcon_core.environment:checking '/home/cyber/ros2_ws/install/data_processor/bin'
[0.962s] INFO:colcon.colcon_core.shell:Creating package script '/home/cyber/ros2_ws/install/data_processor/share/data_processor/package.ps1'
[0.964s] INFO:colcon.colcon_core.shell:Creating package descriptor '/home/cyber/ros2_ws/install/data_processor/share/data_processor/package.dsv'
[0.965s] INFO:colcon.colcon_core.shell:Creating package script '/home/cyber/ros2_ws/install/data_processor/share/data_processor/package.sh'
[0.965s] INFO:colcon.colcon_core.shell:Creating package script '/home/cyber/ros2_ws/install/data_processor/share/data_processor/package.bash'
[0.966s] INFO:colcon.colcon_core.shell:Creating package script '/home/cyber/ros2_ws/install/data_processor/share/data_processor/package.zsh'
[0.967s] Level 1:colcon.colcon_core.environment:create_file_with_runtime_dependencies(/home/cyber/ros2_ws/install/data_processor/share/colcon-core/packages/data_processor)
[0.969s] Level 1:colcon.colcon_core.environment:create_environment_scripts_only(rosbridge_server_launch)
[0.969s] Level 1:colcon.colcon_core.environment:checking '/home/cyber/ros2_ws/install/rosbridge_server_launch' for CMake module files
[0.970s] DEBUG:colcon.colcon_core.event_handler.log_command:Invoked command in '/home/cyber/ros2_ws/build/rosbridge_server_launch' returned '0': CMAKE_PREFIX_PATH=${CMAKE_PREFIX_PATH}:/home/cyber/ros2_ws/install/plot_sensor_data:/opt/ros/humble /usr/bin/cmake --install /home/cyber/ros2_ws/build/rosbridge_server_launch
[0.971s] Level 1:colcon.colcon_core.environment:checking '/home/cyber/ros2_ws/install/rosbridge_server_launch' for CMake config files
[0.972s] Level 1:colcon.colcon_core.shell:create_environment_hook('rosbridge_server_launch', 'cmake_prefix_path')
[0.972s] INFO:colcon.colcon_core.shell:Creating environment hook '/home/cyber/ros2_ws/install/rosbridge_server_launch/share/rosbridge_server_launch/hook/cmake_prefix_path.ps1'
[0.973s] INFO:colcon.colcon_core.shell:Creating environment descriptor '/home/cyber/ros2_ws/install/rosbridge_server_launch/share/rosbridge_server_launch/hook/cmake_prefix_path.dsv'
[0.974s] INFO:colcon.colcon_core.shell:Creating environment hook '/home/cyber/ros2_ws/install/rosbridge_server_launch/share/rosbridge_server_launch/hook/cmake_prefix_path.sh'
[0.975s] Level 1:colcon.colcon_core.environment:checking '/home/cyber/ros2_ws/install/rosbridge_server_launch/bin'
[0.975s] Level 1:colcon.colcon_core.environment:checking '/home/cyber/ros2_ws/install/rosbridge_server_launch/lib/pkgconfig/rosbridge_server_launch.pc'
[0.975s] Level 1:colcon.colcon_core.environment:checking '/home/cyber/ros2_ws/install/rosbridge_server_launch/lib/python3.10/site-packages'
[0.976s] Level 1:colcon.colcon_core.environment:checking '/home/cyber/ros2_ws/install/rosbridge_server_launch/bin'
[0.976s] INFO:colcon.colcon_core.shell:Creating package script '/home/cyber/ros2_ws/install/rosbridge_server_launch/share/rosbridge_server_launch/package.ps1'
[0.977s] INFO:colcon.colcon_core.shell:Creating package descriptor '/home/cyber/ros2_ws/install/rosbridge_server_launch/share/rosbridge_server_launch/package.dsv'
[0.978s] INFO:colcon.colcon_core.shell:Creating package script '/home/cyber/ros2_ws/install/rosbridge_server_launch/share/rosbridge_server_launch/package.sh'
[0.979s] INFO:colcon.colcon_core.shell:Creating package script '/home/cyber/ros2_ws/install/rosbridge_server_launch/share/rosbridge_server_launch/package.bash'
[0.980s] INFO:colcon.colcon_core.shell:Creating package script '/home/cyber/ros2_ws/install/rosbridge_server_launch/share/rosbridge_server_launch/package.zsh'
[0.980s] Level 1:colcon.colcon_core.environment:create_file_with_runtime_dependencies(/home/cyber/ros2_ws/install/rosbridge_server_launch/share/colcon-core/packages/rosbridge_server_launch)
[0.983s] DEBUG:colcon.colcon_core.event_handler.log_command:Invoked command in '/home/cyber/ros2_ws/build/sensor_package' returned '2': CMAKE_PREFIX_PATH=${CMAKE_PREFIX_PATH}:/home/cyber/ros2_ws/install/plot_sensor_data:/opt/ros/humble /usr/bin/cmake --build /home/cyber/ros2_ws/build/sensor_package -- -j4 -l4
[1.021s] Level 1:colcon.colcon_core.environment:create_environment_scripts_only(rosbridge_server_launch)
[1.022s] Level 1:colcon.colcon_core.environment:checking '/home/cyber/ros2_ws/install/rosbridge_server_launch' for CMake module files
[1.023s] Level 1:colcon.colcon_core.environment:checking '/home/cyber/ros2_ws/install/rosbridge_server_launch' for CMake config files
[1.023s] Level 1:colcon.colcon_core.shell:create_environment_hook('rosbridge_server_launch', 'cmake_prefix_path')
[1.023s] INFO:colcon.colcon_core.shell:Creating environment hook '/home/cyber/ros2_ws/install/rosbridge_server_launch/share/rosbridge_server_launch/hook/cmake_prefix_path.ps1'
[1.024s] INFO:colcon.colcon_core.shell:Creating environment descriptor '/home/cyber/ros2_ws/install/rosbridge_server_launch/share/rosbridge_server_launch/hook/cmake_prefix_path.dsv'
[1.024s] INFO:colcon.colcon_core.shell:Creating environment hook '/home/cyber/ros2_ws/install/rosbridge_server_launch/share/rosbridge_server_launch/hook/cmake_prefix_path.sh'
[1.025s] Level 1:colcon.colcon_core.environment:checking '/home/cyber/ros2_ws/install/rosbridge_server_launch/bin'
[1.026s] Level 1:colcon.colcon_core.environment:checking '/home/cyber/ros2_ws/install/rosbridge_server_launch/lib/pkgconfig/rosbridge_server_launch.pc'
[1.026s] Level 1:colcon.colcon_core.environment:checking '/home/cyber/ros2_ws/install/rosbridge_server_launch/lib/python3.10/site-packages'
[1.027s] Level 1:colcon.colcon_core.environment:checking '/home/cyber/ros2_ws/install/rosbridge_server_launch/bin'
[1.027s] INFO:colcon.colcon_core.shell:Creating package script '/home/cyber/ros2_ws/install/rosbridge_server_launch/share/rosbridge_server_launch/package.ps1'
[1.029s] INFO:colcon.colcon_core.shell:Creating package descriptor '/home/cyber/ros2_ws/install/rosbridge_server_launch/share/rosbridge_server_launch/package.dsv'
[1.030s] INFO:colcon.colcon_core.shell:Creating package script '/home/cyber/ros2_ws/install/rosbridge_server_launch/share/rosbridge_server_launch/package.sh'
[1.030s] INFO:colcon.colcon_core.shell:Creating package script '/home/cyber/ros2_ws/install/rosbridge_server_launch/share/rosbridge_server_launch/package.bash'
[1.031s] INFO:colcon.colcon_core.shell:Creating package script '/home/cyber/ros2_ws/install/rosbridge_server_launch/share/rosbridge_server_launch/package.zsh'
[1.032s] Level 1:colcon.colcon_core.environment:create_file_with_runtime_dependencies(/home/cyber/ros2_ws/install/rosbridge_server_launch/share/colcon-core/packages/rosbridge_server_launch)
[1.039s] Level 1:colcon.colcon_core.environment:create_environment_scripts_only(sensor_package)
[1.040s] Level 1:colcon.colcon_core.environment:checking '/home/cyber/ros2_ws/install/sensor_package' for CMake module files
[1.040s] Level 1:colcon.colcon_core.environment:checking '/home/cyber/ros2_ws/install/sensor_package' for CMake config files
[1.040s] Level 1:colcon.colcon_core.shell:create_environment_hook('sensor_package', 'cmake_prefix_path')
[1.041s] INFO:colcon.colcon_core.shell:Creating environment hook '/home/cyber/ros2_ws/install/sensor_package/share/sensor_package/hook/cmake_prefix_path.ps1'
[1.041s] INFO:colcon.colcon_core.shell:Creating environment descriptor '/home/cyber/ros2_ws/install/sensor_package/share/sensor_package/hook/cmake_prefix_path.dsv'
[1.042s] INFO:colcon.colcon_core.shell:Creating environment hook '/home/cyber/ros2_ws/install/sensor_package/share/sensor_package/hook/cmake_prefix_path.sh'
[1.043s] Level 1:colcon.colcon_core.environment:checking '/home/cyber/ros2_ws/install/sensor_package/lib'
[1.043s] Level 1:colcon.colcon_core.environment:checking '/home/cyber/ros2_ws/install/sensor_package/bin'
[1.043s] Level 1:colcon.colcon_core.environment:checking '/home/cyber/ros2_ws/install/sensor_package/lib/pkgconfig/sensor_package.pc'
[1.043s] Level 1:colcon.colcon_core.environment:checking '/home/cyber/ros2_ws/install/sensor_package/lib/python3.10/site-packages'
[1.044s] Level 1:colcon.colcon_core.environment:checking '/home/cyber/ros2_ws/install/sensor_package/bin'
[1.044s] INFO:colcon.colcon_core.shell:Creating package script '/home/cyber/ros2_ws/install/sensor_package/share/sensor_package/package.ps1'
[1.045s] INFO:colcon.colcon_core.shell:Creating package descriptor '/home/cyber/ros2_ws/install/sensor_package/share/sensor_package/package.dsv'
[1.045s] INFO:colcon.colcon_core.shell:Creating package script '/home/cyber/ros2_ws/install/sensor_package/share/sensor_package/package.sh'
[1.046s] INFO:colcon.colcon_core.shell:Creating package script '/home/cyber/ros2_ws/install/sensor_package/share/sensor_package/package.bash'
[1.046s] INFO:colcon.colcon_core.shell:Creating package script '/home/cyber/ros2_ws/install/sensor_package/share/sensor_package/package.zsh'
[1.047s] Level 1:colcon.colcon_core.environment:create_file_with_runtime_dependencies(/home/cyber/ros2_ws/install/sensor_package/share/colcon-core/packages/sensor_package)
[1.814s] DEBUG:colcon.colcon_parallel_executor.executor.parallel:closing loop
[1.814s] DEBUG:colcon.colcon_parallel_executor.executor.parallel:loop closed
[1.814s] DEBUG:colcon.colcon_parallel_executor.executor.parallel:run_until_complete finished with '2'
[1.815s] DEBUG:colcon.colcon_core.event_reactor:joining thread
[1.825s] INFO:colcon.colcon_core.plugin_system:Skipping extension 'colcon_notification.desktop_notification.terminal_notifier': Not used on non-Darwin systems
[1.825s] INFO:colcon.colcon_core.plugin_system:Skipping extension 'colcon_notification.desktop_notification.win32': Not used on non-Windows systems
[1.825s] INFO:colcon.colcon_notification.desktop_notification:Sending desktop notification using 'notify2'
[1.840s] DEBUG:colcon.colcon_core.event_reactor:joined thread
[1.841s] INFO:colcon.colcon_core.shell:Creating prefix script '/home/cyber/ros2_ws/install/local_setup.ps1'
[1.843s] INFO:colcon.colcon_core.shell:Creating prefix util module '/home/cyber/ros2_ws/install/_local_setup_util_ps1.py'
[1.845s] INFO:colcon.colcon_core.shell:Creating prefix chain script '/home/cyber/ros2_ws/install/setup.ps1'
[1.847s] INFO:colcon.colcon_core.shell:Creating prefix script '/home/cyber/ros2_ws/install/local_setup.sh'
[1.848s] INFO:colcon.colcon_core.shell:Creating prefix util module '/home/cyber/ros2_ws/install/_local_setup_util_sh.py'
[1.848s] INFO:colcon.colcon_core.shell:Creating prefix chain script '/home/cyber/ros2_ws/install/setup.sh'
[1.850s] INFO:colcon.colcon_core.shell:Creating prefix script '/home/cyber/ros2_ws/install/local_setup.bash'
[1.851s] INFO:colcon.colcon_core.shell:Creating prefix chain script '/home/cyber/ros2_ws/install/setup.bash'
[1.852s] INFO:colcon.colcon_core.shell:Creating prefix script '/home/cyber/ros2_ws/install/local_setup.zsh'
[1.853s] INFO:colcon.colcon_core.shell:Creating prefix chain script '/home/cyber/ros2_ws/install/setup.zsh'
