[0.111s] DEBUG:colcon:Command line arguments: ['/usr/bin/colcon', 'build']
[0.111s] DEBUG:colcon:Parsed command line arguments: Namespace(log_base=None, log_level=None, verb_name='build', build_base='build', install_base='install', merge_install=False, symlink_install=False, test_result_base=None, continue_on_error=False, executor='parallel', parallel_workers=4, event_handlers=None, ignore_user_meta=False, metas=['./colcon.meta'], base_paths=['.'], packages_ignore=None, packages_ignore_regex=None, paths=None, packages_up_to=None, packages_up_to_regex=None, packages_above=None, packages_above_and_dependencies=None, packages_above_depth=None, packages_select_by_dep=None, packages_skip_by_dep=None, packages_skip_up_to=None, packages_select_build_failed=False, packages_skip_build_finished=False, packages_select_test_failures=False, packages_skip_test_passed=False, packages_select=None, packages_skip=None, packages_select_regex=None, packages_skip_regex=None, packages_start=None, packages_end=None, allow_overriding=[], cmake_args=None, cmake_target=None, cmake_target_skip_unavailable=False, cmake_clean_cache=False, cmake_clean_first=False, cmake_force_configure=False, ament_cmake_args=None, catkin_cmake_args=None, catkin_skip_building_tests=False, mixin_files=None, mixin=None, verb_parser=<colcon_mixin.mixin.mixin_argument.MixinArgumentDecorator object at 0x7e7bc33afa60>, verb_extension=<colcon_core.verb.build.BuildVerb object at 0x7e7bc33af040>, main=<bound method BuildVerb.main of <colcon_core.verb.build.BuildVerb object at 0x7e7bc33af040>>, mixin_verb=('build',))
[0.163s] Level 1:colcon.colcon_core.package_discovery:discover_packages(colcon_meta) check parameters
[0.163s] Level 1:colcon.colcon_core.package_discovery:discover_packages(recursive) check parameters
[0.163s] Level 1:colcon.colcon_core.package_discovery:discover_packages(ignore) check parameters
[0.163s] Level 1:colcon.colcon_core.package_discovery:discover_packages(path) check parameters
[0.163s] Level 1:colcon.colcon_core.package_discovery:discover_packages(colcon_meta) discover
[0.163s] Level 1:colcon.colcon_core.package_discovery:discover_packages(recursive) discover
[0.164s] INFO:colcon.colcon_core.package_discovery:Crawling recursively for packages in '/home/cyber/ros2_ws'
[0.164s] Level 1:colcon.colcon_core.package_identification:_identify(.) by extensions ['ignore', 'ignore_ament_install']
[0.164s] Level 1:colcon.colcon_core.package_identification:_identify(.) by extension 'ignore'
[0.164s] Level 1:colcon.colcon_core.package_identification:_identify(.) by extension 'ignore_ament_install'
[0.164s] Level 1:colcon.colcon_core.package_identification:_identify(.) by extensions ['colcon_pkg']
[0.164s] Level 1:colcon.colcon_core.package_identification:_identify(.) by extension 'colcon_pkg'
[0.164s] Level 1:colcon.colcon_core.package_identification:_identify(.) by extensions ['colcon_meta']
[0.164s] Level 1:colcon.colcon_core.package_identification:_identify(.) by extension 'colcon_meta'
[0.164s] Level 1:colcon.colcon_core.package_identification:_identify(.) by extensions ['ros']
[0.164s] Level 1:colcon.colcon_core.package_identification:_identify(.) by extension 'ros'
[0.175s] Level 1:colcon.colcon_core.package_identification:_identify(.) by extensions ['cmake', 'python']
[0.175s] Level 1:colcon.colcon_core.package_identification:_identify(.) by extension 'cmake'
[0.175s] Level 1:colcon.colcon_core.package_identification:_identify(.) by extension 'python'
[0.175s] Level 1:colcon.colcon_core.package_identification:_identify(.) by extensions ['python_setup_py']
[0.175s] Level 1:colcon.colcon_core.package_identification:_identify(.) by extension 'python_setup_py'
[0.175s] Level 1:colcon.colcon_core.package_identification:_identify(build) by extensions ['ignore', 'ignore_ament_install']
[0.175s] Level 1:colcon.colcon_core.package_identification:_identify(build) by extension 'ignore'
[0.175s] Level 1:colcon.colcon_core.package_identification:_identify(build) ignored
[0.176s] Level 1:colcon.colcon_core.package_identification:_identify(install) by extensions ['ignore', 'ignore_ament_install']
[0.176s] Level 1:colcon.colcon_core.package_identification:_identify(install) by extension 'ignore'
[0.176s] Level 1:colcon.colcon_core.package_identification:_identify(install) ignored
[0.176s] Level 1:colcon.colcon_core.package_identification:_identify(log) by extensions ['ignore', 'ignore_ament_install']
[0.176s] Level 1:colcon.colcon_core.package_identification:_identify(log) by extension 'ignore'
[0.176s] Level 1:colcon.colcon_core.package_identification:_identify(log) ignored
[0.176s] Level 1:colcon.colcon_core.package_identification:_identify(src) by extensions ['ignore', 'ignore_ament_install']
[0.176s] Level 1:colcon.colcon_core.package_identification:_identify(src) by extension 'ignore'
[0.176s] Level 1:colcon.colcon_core.package_identification:_identify(src) by extension 'ignore_ament_install'
[0.176s] Level 1:colcon.colcon_core.package_identification:_identify(src) by extensions ['colcon_pkg']
[0.176s] Level 1:colcon.colcon_core.package_identification:_identify(src) by extension 'colcon_pkg'
[0.176s] Level 1:colcon.colcon_core.package_identification:_identify(src) by extensions ['colcon_meta']
[0.176s] Level 1:colcon.colcon_core.package_identification:_identify(src) by extension 'colcon_meta'
[0.176s] Level 1:colcon.colcon_core.package_identification:_identify(src) by extensions ['ros']
[0.176s] Level 1:colcon.colcon_core.package_identification:_identify(src) by extension 'ros'
[0.176s] Level 1:colcon.colcon_core.package_identification:_identify(src) by extensions ['cmake', 'python']
[0.176s] Level 1:colcon.colcon_core.package_identification:_identify(src) by extension 'cmake'
[0.176s] Level 1:colcon.colcon_core.package_identification:_identify(src) by extension 'python'
[0.176s] Level 1:colcon.colcon_core.package_identification:_identify(src) by extensions ['python_setup_py']
[0.176s] Level 1:colcon.colcon_core.package_identification:_identify(src) by extension 'python_setup_py'
[0.176s] Level 1:colcon.colcon_core.package_identification:_identify(src/temperature_plotter) by extensions ['ignore', 'ignore_ament_install']
[0.176s] Level 1:colcon.colcon_core.package_identification:_identify(src/temperature_plotter) by extension 'ignore'
[0.176s] Level 1:colcon.colcon_core.package_identification:_identify(src/temperature_plotter) by extension 'ignore_ament_install'
[0.176s] Level 1:colcon.colcon_core.package_identification:_identify(src/temperature_plotter) by extensions ['colcon_pkg']
[0.176s] Level 1:colcon.colcon_core.package_identification:_identify(src/temperature_plotter) by extension 'colcon_pkg'
[0.176s] Level 1:colcon.colcon_core.package_identification:_identify(src/temperature_plotter) by extensions ['colcon_meta']
[0.177s] Level 1:colcon.colcon_core.package_identification:_identify(src/temperature_plotter) by extension 'colcon_meta'
[0.177s] Level 1:colcon.colcon_core.package_identification:_identify(src/temperature_plotter) by extensions ['ros']
[0.177s] Level 1:colcon.colcon_core.package_identification:_identify(src/temperature_plotter) by extension 'ros'
[0.178s] DEBUG:colcon.colcon_core.package_identification:Found ROS schema reference in package manifest in 'src/temperature_plotter'
[0.178s] WARNING:colcon.colcon_core.package_identification:Failed to parse ROS package manifest in 'src/temperature_plotter': Error(s) in package 'src/temperature_plotter/package.xml':
Error(s):
- The generic dependency on 'std_msgs' is redundant with: exec_depend
[0.178s] Level 1:colcon.colcon_core.package_identification:_identify(src/temperature_plotter) by extensions ['cmake', 'python']
[0.178s] Level 1:colcon.colcon_core.package_identification:_identify(src/temperature_plotter) by extension 'cmake'
[0.178s] Level 1:colcon.colcon_core.package_identification:_identify(src/temperature_plotter) by extension 'python'
[0.178s] DEBUG:colcon.colcon_core.package_identification:Python package in 'src/temperature_plotter' passes arguments to the setup() function which requires a different identification extension than 'python'
[0.178s] Level 1:colcon.colcon_core.package_identification:_identify(src/temperature_plotter) by extensions ['python_setup_py']
[0.178s] Level 1:colcon.colcon_core.package_identification:_identify(src/temperature_plotter) by extension 'python_setup_py'
[0.346s] DEBUG:colcon.colcon_core.package_identification:Package 'src/temperature_plotter' with type 'python' and name 'temperature_plotter'
[0.346s] Level 1:colcon.colcon_core.package_identification:_identify(src/temperature_sensor) by extensions ['ignore', 'ignore_ament_install']
[0.346s] Level 1:colcon.colcon_core.package_identification:_identify(src/temperature_sensor) by extension 'ignore'
[0.346s] Level 1:colcon.colcon_core.package_identification:_identify(src/temperature_sensor) by extension 'ignore_ament_install'
[0.346s] Level 1:colcon.colcon_core.package_identification:_identify(src/temperature_sensor) by extensions ['colcon_pkg']
[0.346s] Level 1:colcon.colcon_core.package_identification:_identify(src/temperature_sensor) by extension 'colcon_pkg'
[0.346s] Level 1:colcon.colcon_core.package_identification:_identify(src/temperature_sensor) by extensions ['colcon_meta']
[0.346s] Level 1:colcon.colcon_core.package_identification:_identify(src/temperature_sensor) by extension 'colcon_meta'
[0.346s] Level 1:colcon.colcon_core.package_identification:_identify(src/temperature_sensor) by extensions ['ros']
[0.346s] Level 1:colcon.colcon_core.package_identification:_identify(src/temperature_sensor) by extension 'ros'
[0.347s] DEBUG:colcon.colcon_core.package_identification:Package 'src/temperature_sensor' with type 'ros.ament_cmake' and name 'temperature_sensor'
[0.347s] Level 1:colcon.colcon_core.package_discovery:discover_packages(recursive) using defaults
[0.348s] Level 1:colcon.colcon_core.package_discovery:discover_packages(ignore) discover
[0.348s] Level 1:colcon.colcon_core.package_discovery:discover_packages(ignore) using defaults
[0.348s] Level 1:colcon.colcon_core.package_discovery:discover_packages(path) discover
[0.348s] Level 1:colcon.colcon_core.package_discovery:discover_packages(path) using defaults
[0.362s] Level 1:colcon.colcon_core.package_discovery:discover_packages(prefix_path) check parameters
[0.362s] Level 1:colcon.colcon_core.package_discovery:discover_packages(prefix_path) discover
[0.363s] WARNING:colcon.colcon_ros.prefix_path.ament:The path '/home/cyber/ros2_ws/install/temperature_plotter' in the environment variable AMENT_PREFIX_PATH doesn't exist
[0.377s] DEBUG:colcon.colcon_installed_package_information.package_discovery:Found 0 installed packages in /home/cyber/ros2_ws/install
[0.397s] DEBUG:colcon.colcon_installed_package_information.package_discovery:Found 275 installed packages in /opt/ros/humble
[0.400s] Level 1:colcon.colcon_core.package_discovery:discover_packages(prefix_path) using defaults
[1.531s] Level 5:colcon.colcon_core.verb:set package 'temperature_plotter' build argument 'cmake_args' from command line to 'None'
[1.531s] Level 5:colcon.colcon_core.verb:set package 'temperature_plotter' build argument 'cmake_target' from command line to 'None'
[1.531s] Level 5:colcon.colcon_core.verb:set package 'temperature_plotter' build argument 'cmake_target_skip_unavailable' from command line to 'False'
[1.531s] Level 5:colcon.colcon_core.verb:set package 'temperature_plotter' build argument 'cmake_clean_cache' from command line to 'False'
[1.531s] Level 5:colcon.colcon_core.verb:set package 'temperature_plotter' build argument 'cmake_clean_first' from command line to 'False'
[1.531s] Level 5:colcon.colcon_core.verb:set package 'temperature_plotter' build argument 'cmake_force_configure' from command line to 'False'
[1.531s] Level 5:colcon.colcon_core.verb:set package 'temperature_plotter' build argument 'ament_cmake_args' from command line to 'None'
[1.531s] Level 5:colcon.colcon_core.verb:set package 'temperature_plotter' build argument 'catkin_cmake_args' from command line to 'None'
[1.531s] Level 5:colcon.colcon_core.verb:set package 'temperature_plotter' build argument 'catkin_skip_building_tests' from command line to 'False'
[1.531s] DEBUG:colcon.colcon_core.verb:Building package 'temperature_plotter' with the following arguments: {'ament_cmake_args': None, 'build_base': '/home/cyber/ros2_ws/build/temperature_plotter', 'catkin_cmake_args': None, 'catkin_skip_building_tests': False, 'cmake_args': None, 'cmake_clean_cache': False, 'cmake_clean_first': False, 'cmake_force_configure': False, 'cmake_target': None, 'cmake_target_skip_unavailable': False, 'install_base': '/home/cyber/ros2_ws/install/temperature_plotter', 'merge_install': False, 'path': '/home/cyber/ros2_ws/src/temperature_plotter', 'symlink_install': False, 'test_result_base': None}
[1.531s] Level 5:colcon.colcon_core.verb:set package 'temperature_sensor' build argument 'cmake_args' from command line to 'None'
[1.531s] Level 5:colcon.colcon_core.verb:set package 'temperature_sensor' build argument 'cmake_target' from command line to 'None'
[1.532s] Level 5:colcon.colcon_core.verb:set package 'temperature_sensor' build argument 'cmake_target_skip_unavailable' from command line to 'False'
[1.532s] Level 5:colcon.colcon_core.verb:set package 'temperature_sensor' build argument 'cmake_clean_cache' from command line to 'False'
[1.532s] Level 5:colcon.colcon_core.verb:set package 'temperature_sensor' build argument 'cmake_clean_first' from command line to 'False'
[1.532s] Level 5:colcon.colcon_core.verb:set package 'temperature_sensor' build argument 'cmake_force_configure' from command line to 'False'
[1.532s] Level 5:colcon.colcon_core.verb:set package 'temperature_sensor' build argument 'ament_cmake_args' from command line to 'None'
[1.532s] Level 5:colcon.colcon_core.verb:set package 'temperature_sensor' build argument 'catkin_cmake_args' from command line to 'None'
[1.532s] Level 5:colcon.colcon_core.verb:set package 'temperature_sensor' build argument 'catkin_skip_building_tests' from command line to 'False'
[1.532s] DEBUG:colcon.colcon_core.verb:Building package 'temperature_sensor' with the following arguments: {'ament_cmake_args': None, 'build_base': '/home/cyber/ros2_ws/build/temperature_sensor', 'catkin_cmake_args': None, 'catkin_skip_building_tests': False, 'cmake_args': None, 'cmake_clean_cache': False, 'cmake_clean_first': False, 'cmake_force_configure': False, 'cmake_target': None, 'cmake_target_skip_unavailable': False, 'install_base': '/home/cyber/ros2_ws/install/temperature_sensor', 'merge_install': False, 'path': '/home/cyber/ros2_ws/src/temperature_sensor', 'symlink_install': False, 'test_result_base': None}
[1.532s] INFO:colcon.colcon_core.executor:Executing jobs using 'parallel' executor
[1.533s] DEBUG:colcon.colcon_parallel_executor.executor.parallel:run_until_complete
[1.533s] INFO:colcon.colcon_core.task.python.build:Building Python package in '/home/cyber/ros2_ws/src/temperature_plotter'
[1.534s] INFO:colcon.colcon_core.plugin_system:Skipping extension 'colcon_core.shell.bat': Not used on non-Windows systems
[1.534s] INFO:colcon.colcon_core.shell:Skip shell extension 'powershell' for command environment: Not usable outside of PowerShell
[1.534s] DEBUG:colcon.colcon_core.shell:Skip shell extension 'dsv' for command environment
[1.545s] INFO:colcon.colcon_ros.task.ament_cmake.build:Building ROS package in '/home/cyber/ros2_ws/src/temperature_sensor' with build type 'ament_cmake'
[1.546s] INFO:colcon.colcon_cmake.task.cmake.build:Building CMake package in '/home/cyber/ros2_ws/src/temperature_sensor'
[1.546s] INFO:colcon.colcon_core.shell:Skip shell extension 'powershell' for command environment: Not usable outside of PowerShell
[1.546s] DEBUG:colcon.colcon_core.shell:Skip shell extension 'dsv' for command environment
[1.711s] DEBUG:colcon.colcon_core.event_handler.log_command:Invoking command in '/home/cyber/ros2_ws/build/temperature_sensor': CMAKE_PREFIX_PATH=/home/cyber/ros2_ws/install/temperature_plotter:/opt/ros/humble /usr/bin/cmake /home/cyber/ros2_ws/src/temperature_sensor -DCMAKE_INSTALL_PREFIX=/home/cyber/ros2_ws/install/temperature_sensor
[3.222s] DEBUG:colcon.colcon_core.event_handler.log_command:Invoking command in '/home/cyber/ros2_ws/src/temperature_plotter': PYTHONPATH=/home/cyber/ros2_ws/build/temperature_plotter/prefix_override:/home/cyber/ros2_ws/install/temperature_plotter/lib/python3.10/site-packages:${PYTHONPATH} /usr/bin/python3 -W ignore:setup.py install is deprecated setup.py egg_info --egg-base ../../build/temperature_plotter build --build-base /home/cyber/ros2_ws/build/temperature_plotter/build install --record /home/cyber/ros2_ws/build/temperature_plotter/install.log --single-version-externally-managed install_data
[3.598s] DEBUG:colcon.colcon_core.event_handler.log_command:Invoked command in '/home/cyber/ros2_ws/src/temperature_plotter' returned '0': PYTHONPATH=/home/cyber/ros2_ws/build/temperature_plotter/prefix_override:/home/cyber/ros2_ws/install/temperature_plotter/lib/python3.10/site-packages:${PYTHONPATH} /usr/bin/python3 -W ignore:setup.py install is deprecated setup.py egg_info --egg-base ../../build/temperature_plotter build --build-base /home/cyber/ros2_ws/build/temperature_plotter/build install --record /home/cyber/ros2_ws/build/temperature_plotter/install.log --single-version-externally-managed install_data
[3.792s] Level 1:colcon.colcon_core.environment:checking '/home/cyber/ros2_ws/install/temperature_plotter' for CMake module files
[3.793s] Level 1:colcon.colcon_core.environment:checking '/home/cyber/ros2_ws/install/temperature_plotter' for CMake config files
[3.794s] Level 1:colcon.colcon_core.environment:checking '/home/cyber/ros2_ws/install/temperature_plotter/lib'
[3.794s] Level 1:colcon.colcon_core.environment:checking '/home/cyber/ros2_ws/install/temperature_plotter/bin'
[3.794s] Level 1:colcon.colcon_core.environment:checking '/home/cyber/ros2_ws/install/temperature_plotter/lib/pkgconfig/temperature_plotter.pc'
[3.794s] Level 1:colcon.colcon_core.environment:checking '/home/cyber/ros2_ws/install/temperature_plotter/lib/python3.10/site-packages'
[3.794s] Level 1:colcon.colcon_core.shell:create_environment_hook('temperature_plotter', 'pythonpath')
[3.795s] INFO:colcon.colcon_core.shell:Creating environment hook '/home/cyber/ros2_ws/install/temperature_plotter/share/temperature_plotter/hook/pythonpath.ps1'
[3.845s] INFO:colcon.colcon_core.shell:Creating environment descriptor '/home/cyber/ros2_ws/install/temperature_plotter/share/temperature_plotter/hook/pythonpath.dsv'
[3.892s] INFO:colcon.colcon_core.shell:Creating environment hook '/home/cyber/ros2_ws/install/temperature_plotter/share/temperature_plotter/hook/pythonpath.sh'
[3.915s] Level 1:colcon.colcon_core.environment:checking '/home/cyber/ros2_ws/install/temperature_plotter/bin'
[3.915s] Level 1:colcon.colcon_core.environment:create_environment_scripts_only(temperature_plotter)
[3.916s] INFO:colcon.colcon_core.shell:Creating package script '/home/cyber/ros2_ws/install/temperature_plotter/share/temperature_plotter/package.ps1'
[3.979s] INFO:colcon.colcon_core.shell:Creating package descriptor '/home/cyber/ros2_ws/install/temperature_plotter/share/temperature_plotter/package.dsv'
[3.993s] INFO:colcon.colcon_core.shell:Creating package script '/home/cyber/ros2_ws/install/temperature_plotter/share/temperature_plotter/package.sh'
[3.994s] INFO:colcon.colcon_core.shell:Creating package script '/home/cyber/ros2_ws/install/temperature_plotter/share/temperature_plotter/package.bash'
[3.996s] INFO:colcon.colcon_core.shell:Creating package script '/home/cyber/ros2_ws/install/temperature_plotter/share/temperature_plotter/package.zsh'
[3.997s] Level 1:colcon.colcon_core.environment:create_file_with_runtime_dependencies(/home/cyber/ros2_ws/install/temperature_plotter/share/colcon-core/packages/temperature_plotter)
[7.016s] DEBUG:colcon.colcon_core.event_handler.log_command:Invoked command in '/home/cyber/ros2_ws/build/temperature_sensor' returned '0': CMAKE_PREFIX_PATH=/home/cyber/ros2_ws/install/temperature_plotter:/opt/ros/humble /usr/bin/cmake /home/cyber/ros2_ws/src/temperature_sensor -DCMAKE_INSTALL_PREFIX=/home/cyber/ros2_ws/install/temperature_sensor
[7.016s] DEBUG:colcon.colcon_core.event_handler.log_command:Invoking command in '/home/cyber/ros2_ws/build/temperature_sensor': CMAKE_PREFIX_PATH=/home/cyber/ros2_ws/install/temperature_plotter:/opt/ros/humble /usr/bin/cmake --build /home/cyber/ros2_ws/build/temperature_sensor -- -j4 -l4
[7.053s] DEBUG:colcon.colcon_core.event_handler.log_command:Invoked command in '/home/cyber/ros2_ws/build/temperature_sensor' returned '0': CMAKE_PREFIX_PATH=/home/cyber/ros2_ws/install/temperature_plotter:/opt/ros/humble /usr/bin/cmake --build /home/cyber/ros2_ws/build/temperature_sensor -- -j4 -l4
[7.075s] DEBUG:colcon.colcon_core.event_handler.log_command:Invoking command in '/home/cyber/ros2_ws/build/temperature_sensor': CMAKE_PREFIX_PATH=/home/cyber/ros2_ws/install/temperature_plotter:/opt/ros/humble /usr/bin/cmake --install /home/cyber/ros2_ws/build/temperature_sensor
[7.086s] Level 1:colcon.colcon_core.environment:create_environment_scripts_only(temperature_sensor)
[7.087s] Level 1:colcon.colcon_core.environment:checking '/home/cyber/ros2_ws/install/temperature_sensor' for CMake module files
[7.087s] Level 1:colcon.colcon_core.environment:checking '/home/cyber/ros2_ws/install/temperature_sensor' for CMake config files
[7.087s] Level 1:colcon.colcon_core.shell:create_environment_hook('temperature_sensor', 'cmake_prefix_path')
[7.088s] INFO:colcon.colcon_core.shell:Creating environment hook '/home/cyber/ros2_ws/install/temperature_sensor/share/temperature_sensor/hook/cmake_prefix_path.ps1'
[7.088s] INFO:colcon.colcon_core.shell:Creating environment descriptor '/home/cyber/ros2_ws/install/temperature_sensor/share/temperature_sensor/hook/cmake_prefix_path.dsv'
[7.088s] INFO:colcon.colcon_core.shell:Creating environment hook '/home/cyber/ros2_ws/install/temperature_sensor/share/temperature_sensor/hook/cmake_prefix_path.sh'
[7.089s] Level 1:colcon.colcon_core.environment:checking '/home/cyber/ros2_ws/install/temperature_sensor/bin'
[7.089s] Level 1:colcon.colcon_core.environment:checking '/home/cyber/ros2_ws/install/temperature_sensor/lib/pkgconfig/temperature_sensor.pc'
[7.089s] Level 1:colcon.colcon_core.environment:checking '/home/cyber/ros2_ws/install/temperature_sensor/lib/python3.10/site-packages'
[7.089s] Level 1:colcon.colcon_core.environment:checking '/home/cyber/ros2_ws/install/temperature_sensor/bin'
[7.090s] DEBUG:colcon.colcon_core.event_handler.log_command:Invoked command in '/home/cyber/ros2_ws/build/temperature_sensor' returned '0': CMAKE_PREFIX_PATH=/home/cyber/ros2_ws/install/temperature_plotter:/opt/ros/humble /usr/bin/cmake --install /home/cyber/ros2_ws/build/temperature_sensor
[7.090s] INFO:colcon.colcon_core.shell:Creating package script '/home/cyber/ros2_ws/install/temperature_sensor/share/temperature_sensor/package.ps1'
[7.090s] INFO:colcon.colcon_core.shell:Creating package descriptor '/home/cyber/ros2_ws/install/temperature_sensor/share/temperature_sensor/package.dsv'
[7.091s] INFO:colcon.colcon_core.shell:Creating package script '/home/cyber/ros2_ws/install/temperature_sensor/share/temperature_sensor/package.sh'
[7.091s] INFO:colcon.colcon_core.shell:Creating package script '/home/cyber/ros2_ws/install/temperature_sensor/share/temperature_sensor/package.bash'
[7.091s] INFO:colcon.colcon_core.shell:Creating package script '/home/cyber/ros2_ws/install/temperature_sensor/share/temperature_sensor/package.zsh'
[7.091s] Level 1:colcon.colcon_core.environment:create_file_with_runtime_dependencies(/home/cyber/ros2_ws/install/temperature_sensor/share/colcon-core/packages/temperature_sensor)
[7.107s] Level 1:colcon.colcon_core.environment:create_environment_scripts_only(temperature_sensor)
[7.107s] Level 1:colcon.colcon_core.environment:checking '/home/cyber/ros2_ws/install/temperature_sensor' for CMake module files
[7.107s] Level 1:colcon.colcon_core.environment:checking '/home/cyber/ros2_ws/install/temperature_sensor' for CMake config files
[7.107s] Level 1:colcon.colcon_core.shell:create_environment_hook('temperature_sensor', 'cmake_prefix_path')
[7.107s] INFO:colcon.colcon_core.shell:Creating environment hook '/home/cyber/ros2_ws/install/temperature_sensor/share/temperature_sensor/hook/cmake_prefix_path.ps1'
[7.108s] INFO:colcon.colcon_core.shell:Creating environment descriptor '/home/cyber/ros2_ws/install/temperature_sensor/share/temperature_sensor/hook/cmake_prefix_path.dsv'
[7.108s] INFO:colcon.colcon_core.shell:Creating environment hook '/home/cyber/ros2_ws/install/temperature_sensor/share/temperature_sensor/hook/cmake_prefix_path.sh'
[7.108s] Level 1:colcon.colcon_core.environment:checking '/home/cyber/ros2_ws/install/temperature_sensor/bin'
[7.108s] Level 1:colcon.colcon_core.environment:checking '/home/cyber/ros2_ws/install/temperature_sensor/lib/pkgconfig/temperature_sensor.pc'
[7.109s] Level 1:colcon.colcon_core.environment:checking '/home/cyber/ros2_ws/install/temperature_sensor/lib/python3.10/site-packages'
[7.109s] Level 1:colcon.colcon_core.environment:checking '/home/cyber/ros2_ws/install/temperature_sensor/bin'
[7.109s] INFO:colcon.colcon_core.shell:Creating package script '/home/cyber/ros2_ws/install/temperature_sensor/share/temperature_sensor/package.ps1'
[7.109s] INFO:colcon.colcon_core.shell:Creating package descriptor '/home/cyber/ros2_ws/install/temperature_sensor/share/temperature_sensor/package.dsv'
[7.110s] INFO:colcon.colcon_core.shell:Creating package script '/home/cyber/ros2_ws/install/temperature_sensor/share/temperature_sensor/package.sh'
[7.110s] INFO:colcon.colcon_core.shell:Creating package script '/home/cyber/ros2_ws/install/temperature_sensor/share/temperature_sensor/package.bash'
[7.110s] INFO:colcon.colcon_core.shell:Creating package script '/home/cyber/ros2_ws/install/temperature_sensor/share/temperature_sensor/package.zsh'
[7.110s] Level 1:colcon.colcon_core.environment:create_file_with_runtime_dependencies(/home/cyber/ros2_ws/install/temperature_sensor/share/colcon-core/packages/temperature_sensor)
[7.111s] DEBUG:colcon.colcon_parallel_executor.executor.parallel:closing loop
[7.111s] DEBUG:colcon.colcon_parallel_executor.executor.parallel:loop closed
[7.111s] DEBUG:colcon.colcon_parallel_executor.executor.parallel:run_until_complete finished with '0'
[7.111s] DEBUG:colcon.colcon_core.event_reactor:joining thread
[7.114s] INFO:colcon.colcon_core.plugin_system:Skipping extension 'colcon_notification.desktop_notification.terminal_notifier': Not used on non-Darwin systems
[7.114s] INFO:colcon.colcon_core.plugin_system:Skipping extension 'colcon_notification.desktop_notification.win32': Not used on non-Windows systems
[7.114s] INFO:colcon.colcon_notification.desktop_notification:Sending desktop notification using 'notify2'
[7.136s] DEBUG:colcon.colcon_core.event_reactor:joined thread
[7.136s] INFO:colcon.colcon_core.shell:Creating prefix script '/home/cyber/ros2_ws/install/local_setup.ps1'
[7.137s] INFO:colcon.colcon_core.shell:Creating prefix util module '/home/cyber/ros2_ws/install/_local_setup_util_ps1.py'
[7.138s] INFO:colcon.colcon_core.shell:Creating prefix chain script '/home/cyber/ros2_ws/install/setup.ps1'
[7.139s] INFO:colcon.colcon_core.shell:Creating prefix script '/home/cyber/ros2_ws/install/local_setup.sh'
[7.140s] INFO:colcon.colcon_core.shell:Creating prefix util module '/home/cyber/ros2_ws/install/_local_setup_util_sh.py'
[7.140s] INFO:colcon.colcon_core.shell:Creating prefix chain script '/home/cyber/ros2_ws/install/setup.sh'
[7.141s] INFO:colcon.colcon_core.shell:Creating prefix script '/home/cyber/ros2_ws/install/local_setup.bash'
[7.141s] INFO:colcon.colcon_core.shell:Creating prefix chain script '/home/cyber/ros2_ws/install/setup.bash'
[7.142s] INFO:colcon.colcon_core.shell:Creating prefix script '/home/cyber/ros2_ws/install/local_setup.zsh'
[7.142s] INFO:colcon.colcon_core.shell:Creating prefix chain script '/home/cyber/ros2_ws/install/setup.zsh'
