-- Found ament_cmake: 1.3.9 (/opt/ros/humble/share/ament_cmake/cmake)
-- Found rclcpp: 16.0.9 (/opt/ros/humble/share/rclcpp/cmake)
-- Found rosidl_generator_c: 3.1.5 (/opt/ros/humble/share/rosidl_generator_c/cmake)
-- Found rosidl_adapter: 3.1.5 (/opt/ros/humble/share/rosidl_adapter/cmake)
-- Found rosidl_generator_cpp: 3.1.5 (/opt/ros/humble/share/rosidl_generator_cpp/cmake)
-- Using all available rosidl_typesupport_c: rosidl_typesupport_fastrtps_c;rosidl_typesupport_introspection_c
-- Using all available rosidl_typesupport_cpp: rosidl_typesupport_fastrtps_cpp;rosidl_typesupport_introspection_cpp
-- Found rmw_implementation_cmake: 6.1.2 (/opt/ros/humble/share/rmw_implementation_cmake/cmake)
-- Found rmw_fastrtps_cpp: 6.2.6 (/opt/ros/humble/share/rmw_fastrtps_cpp/cmake)
-- Using RMW implementation 'rmw_fastrtps_cpp' as default
-- Found ament_lint_auto: 0.12.11 (/opt/ros/humble/share/ament_lint_auto/cmake)
-- Added test 'cppcheck' to perform static code analysis on C / C++ code
-- Configured cppcheck include dirs: 
-- Configured cppcheck exclude dirs and/or files: 
-- Added test 'lint_cmake' to check CMake code style
-- Added test 'uncrustify' to check C / C++ code style
-- Configured uncrustify additional arguments: 
-- Added test 'xmllint' to check XML markup files
-- Configuring done
-- Generating done
-- Build files have been written to: /home/cyber/ros2_ws/build/temperature_sensor
[35m[1mConsolidate compiler generated dependencies of target temperature_publisher[0m
[ 50%] [32mBuilding CXX object CMakeFiles/temperature_publisher.dir/src/temperature_publisher.cpp.o[0m
[100%] [32m[1mLinking CXX executable temperature_publisher[0m
[100%] Built target temperature_publisher
-- Install configuration: ""
-- Installing: /home/cyber/ros2_ws/install/temperature_sensor/lib/temperature_sensor/temperature_publisher
-- Set runtime path of "/home/cyber/ros2_ws/install/temperature_sensor/lib/temperature_sensor/temperature_publisher" to ""
-- Up-to-date: /home/cyber/ros2_ws/install/temperature_sensor/share/ament_index/resource_index/package_run_dependencies/temperature_sensor
-- Up-to-date: /home/cyber/ros2_ws/install/temperature_sensor/share/ament_index/resource_index/parent_prefix_path/temperature_sensor
-- Installing: /home/cyber/ros2_ws/install/temperature_sensor/share/temperature_sensor/environment/ament_prefix_path.sh
-- Installing: /home/cyber/ros2_ws/install/temperature_sensor/share/temperature_sensor/environment/ament_prefix_path.dsv
-- Installing: /home/cyber/ros2_ws/install/temperature_sensor/share/temperature_sensor/environment/path.sh
-- Installing: /home/cyber/ros2_ws/install/temperature_sensor/share/temperature_sensor/environment/path.dsv
-- Up-to-date: /home/cyber/ros2_ws/install/temperature_sensor/share/temperature_sensor/local_setup.bash
-- Up-to-date: /home/cyber/ros2_ws/install/temperature_sensor/share/temperature_sensor/local_setup.sh
-- Up-to-date: /home/cyber/ros2_ws/install/temperature_sensor/share/temperature_sensor/local_setup.zsh
-- Installing: /home/cyber/ros2_ws/install/temperature_sensor/share/temperature_sensor/local_setup.dsv
-- Installing: /home/cyber/ros2_ws/install/temperature_sensor/share/temperature_sensor/package.dsv
-- Up-to-date: /home/cyber/ros2_ws/install/temperature_sensor/share/ament_index/resource_index/packages/temperature_sensor
-- Up-to-date: /home/cyber/ros2_ws/install/temperature_sensor/share/temperature_sensor/cmake/temperature_sensorConfig.cmake
-- Up-to-date: /home/cyber/ros2_ws/install/temperature_sensor/share/temperature_sensor/cmake/temperature_sensorConfig-version.cmake
-- Up-to-date: /home/cyber/ros2_ws/install/temperature_sensor/share/temperature_sensor/package.xml
