[0.395s] Invoking command in '/home/cyber/ros2_ws/build/rosbridge_server_launch': CMAKE_PREFIX_PATH=${CMAKE_PREFIX_PATH}:/home/cyber/ros2_ws/install/plot_sensor_data:/opt/ros/humble /usr/bin/cmake /home/cyber/ros2_ws/src/rosbridge_server_launch -DCMAKE_INSTALL_PREFIX=/home/cyber/ros2_ws/install/rosbridge_server_launch
[0.530s] -- The C compiler identification is GNU 11.4.0
[0.662s] -- The CXX compiler identification is GNU 11.4.0
[0.681s] -- Detecting C compiler ABI info
[0.830s] -- Detecting C compiler ABI info - done
[0.855s] -- Check for working C compiler: /usr/bin/cc - skipped
[0.856s] -- Detecting C compile features
[0.858s] -- Detecting C compile features - done
[0.867s] -- Detecting CXX compiler ABI info
[1.055s] -- Detecting CXX compiler ABI info - done
[1.074s] -- Check for working CXX compiler: /usr/bin/c++ - skipped
[1.075s] -- Detecting CXX compile features
[1.076s] -- Detecting CXX compile features - done
[1.082s] -- Found ament_cmake: 1.3.9 (/opt/ros/humble/share/ament_cmake/cmake)
[2.002s] -- Found Python3: /usr/bin/python3 (found version "3.10.12") found components: Interpreter 
[2.275s] -- Found rclcpp: 16.0.9 (/opt/ros/humble/share/rclcpp/cmake)
[2.379s] -- Found rosidl_generator_c: 3.1.5 (/opt/ros/humble/share/rosidl_generator_c/cmake)
[2.391s] -- Found rosidl_adapter: 3.1.5 (/opt/ros/humble/share/rosidl_adapter/cmake)
[2.412s] -- Found rosidl_generator_cpp: 3.1.5 (/opt/ros/humble/share/rosidl_generator_cpp/cmake)
[2.453s] -- Using all available rosidl_typesupport_c: rosidl_typesupport_fastrtps_c;rosidl_typesupport_introspection_c
[2.505s] -- Using all available rosidl_typesupport_cpp: rosidl_typesupport_fastrtps_cpp;rosidl_typesupport_introspection_cpp
[2.720s] -- Found rmw_implementation_cmake: 6.1.2 (/opt/ros/humble/share/rmw_implementation_cmake/cmake)
[2.728s] -- Found rmw_fastrtps_cpp: 6.2.6 (/opt/ros/humble/share/rmw_fastrtps_cpp/cmake)
[3.001s] -- Found OpenSSL: /usr/lib/x86_64-linux-gnu/libcrypto.so (found version "3.0.2")  
[3.066s] -- Found FastRTPS: /opt/ros/humble/include  
[3.180s] -- Using RMW implementation 'rmw_fastrtps_cpp' as default
[3.201s] -- Looking for pthread.h
[3.360s] -- Looking for pthread.h - found
[3.361s] -- Performing Test CMAKE_HAVE_LIBC_PTHREAD
[3.525s] -- Performing Test CMAKE_HAVE_LIBC_PTHREAD - Success
[3.526s] -- Found Threads: TRUE  
[3.971s] -- Found ament_lint_auto: 0.12.11 (/opt/ros/humble/share/ament_lint_auto/cmake)
[4.144s] -- Added test 'flake8' to check Python code syntax and style conventions
[4.144s] -- Added test 'lint_cmake' to check CMake code style
[4.145s] -- Added test 'pep257' to check Python code against some of the docstring style conventions in PEP 257
[4.147s] -- Added test 'xmllint' to check XML markup files
[4.150s] -- Configuring done
[4.158s] -- Generating done
[4.161s] -- Build files have been written to: /home/cyber/ros2_ws/build/rosbridge_server_launch
[4.178s] Invoked command in '/home/cyber/ros2_ws/build/rosbridge_server_launch' returned '0': CMAKE_PREFIX_PATH=${CMAKE_PREFIX_PATH}:/home/cyber/ros2_ws/install/plot_sensor_data:/opt/ros/humble /usr/bin/cmake /home/cyber/ros2_ws/src/rosbridge_server_launch -DCMAKE_INSTALL_PREFIX=/home/cyber/ros2_ws/install/rosbridge_server_launch
[4.181s] Invoking command in '/home/cyber/ros2_ws/build/rosbridge_server_launch': CMAKE_PREFIX_PATH=${CMAKE_PREFIX_PATH}:/home/cyber/ros2_ws/install/plot_sensor_data:/opt/ros/humble /usr/bin/cmake --build /home/cyber/ros2_ws/build/rosbridge_server_launch -- -j4 -l4
[4.263s] Invoked command in '/home/cyber/ros2_ws/build/rosbridge_server_launch' returned '0': CMAKE_PREFIX_PATH=${CMAKE_PREFIX_PATH}:/home/cyber/ros2_ws/install/plot_sensor_data:/opt/ros/humble /usr/bin/cmake --build /home/cyber/ros2_ws/build/rosbridge_server_launch -- -j4 -l4
[4.322s] Invoking command in '/home/cyber/ros2_ws/build/rosbridge_server_launch': CMAKE_PREFIX_PATH=${CMAKE_PREFIX_PATH}:/home/cyber/ros2_ws/install/plot_sensor_data:/opt/ros/humble /usr/bin/cmake --install /home/cyber/ros2_ws/build/rosbridge_server_launch
[4.339s] -- Install configuration: ""
[4.340s] -- Installing: /home/cyber/ros2_ws/install/rosbridge_server_launch/share/rosbridge_server_launch//launch
[4.340s] -- Installing: /home/cyber/ros2_ws/install/rosbridge_server_launch/share/rosbridge_server_launch//launch/rosbridge_server_launch.py
[4.340s] -- Installing: /home/cyber/ros2_ws/install/rosbridge_server_launch/share/ament_index/resource_index/package_run_dependencies/rosbridge_server_launch
[4.341s] -- Installing: /home/cyber/ros2_ws/install/rosbridge_server_launch/share/ament_index/resource_index/parent_prefix_path/rosbridge_server_launch
[4.341s] -- Installing: /home/cyber/ros2_ws/install/rosbridge_server_launch/share/rosbridge_server_launch/environment/ament_prefix_path.sh
[4.341s] -- Installing: /home/cyber/ros2_ws/install/rosbridge_server_launch/share/rosbridge_server_launch/environment/ament_prefix_path.dsv
[4.342s] -- Installing: /home/cyber/ros2_ws/install/rosbridge_server_launch/share/rosbridge_server_launch/environment/path.sh
[4.342s] -- Installing: /home/cyber/ros2_ws/install/rosbridge_server_launch/share/rosbridge_server_launch/environment/path.dsv
[4.342s] -- Installing: /home/cyber/ros2_ws/install/rosbridge_server_launch/share/rosbridge_server_launch/local_setup.bash
[4.343s] -- Installing: /home/cyber/ros2_ws/install/rosbridge_server_launch/share/rosbridge_server_launch/local_setup.sh
[4.343s] -- Installing: /home/cyber/ros2_ws/install/rosbridge_server_launch/share/rosbridge_server_launch/local_setup.zsh
[4.344s] -- Installing: /home/cyber/ros2_ws/install/rosbridge_server_launch/share/rosbridge_server_launch/local_setup.dsv
[4.344s] -- Installing: /home/cyber/ros2_ws/install/rosbridge_server_launch/share/rosbridge_server_launch/package.dsv
[4.344s] -- Installing: /home/cyber/ros2_ws/install/rosbridge_server_launch/share/ament_index/resource_index/packages/rosbridge_server_launch
[4.345s] -- Installing: /home/cyber/ros2_ws/install/rosbridge_server_launch/share/rosbridge_server_launch/cmake/rosbridge_server_launchConfig.cmake
[4.345s] -- Installing: /home/cyber/ros2_ws/install/rosbridge_server_launch/share/rosbridge_server_launch/cmake/rosbridge_server_launchConfig-version.cmake
[4.345s] -- Installing: /home/cyber/ros2_ws/install/rosbridge_server_launch/share/rosbridge_server_launch/package.xml
[4.350s] Invoked command in '/home/cyber/ros2_ws/build/rosbridge_server_launch' returned '0': CMAKE_PREFIX_PATH=${CMAKE_PREFIX_PATH}:/home/cyber/ros2_ws/install/plot_sensor_data:/opt/ros/humble /usr/bin/cmake --install /home/cyber/ros2_ws/build/rosbridge_server_launch
