[0.815s] DEBUG:colcon:Command line arguments: ['/usr/bin/colcon', 'build']
[0.815s] DEBUG:colcon:Parsed command line arguments: Namespace(log_base=None, log_level=None, verb_name='build', build_base='build', install_base='install', merge_install=False, symlink_install=False, test_result_base=None, continue_on_error=False, executor='parallel', parallel_workers=4, event_handlers=None, ignore_user_meta=False, metas=['./colcon.meta'], base_paths=['.'], packages_ignore=None, packages_ignore_regex=None, paths=None, packages_up_to=None, packages_up_to_regex=None, packages_above=None, packages_above_and_dependencies=None, packages_above_depth=None, packages_select_by_dep=None, packages_skip_by_dep=None, packages_skip_up_to=None, packages_select_build_failed=False, packages_skip_build_finished=False, packages_select_test_failures=False, packages_skip_test_passed=False, packages_select=None, packages_skip=None, packages_select_regex=None, packages_skip_regex=None, packages_start=None, packages_end=None, allow_overriding=[], cmake_args=None, cmake_target=None, cmake_target_skip_unavailable=False, cmake_clean_cache=False, cmake_clean_first=False, cmake_force_configure=False, ament_cmake_args=None, catkin_cmake_args=None, catkin_skip_building_tests=False, mixin_files=None, mixin=None, verb_parser=<colcon_mixin.mixin.mixin_argument.MixinArgumentDecorator object at 0x7bfc047ab790>, verb_extension=<colcon_core.verb.build.BuildVerb object at 0x7bfc047aad70>, main=<bound method BuildVerb.main of <colcon_core.verb.build.BuildVerb object at 0x7bfc047aad70>>, mixin_verb=('build',))
[0.842s] Level 1:colcon.colcon_core.package_discovery:discover_packages(colcon_meta) check parameters
[0.842s] Level 1:colcon.colcon_core.package_discovery:discover_packages(recursive) check parameters
[0.842s] Level 1:colcon.colcon_core.package_discovery:discover_packages(ignore) check parameters
[0.842s] Level 1:colcon.colcon_core.package_discovery:discover_packages(path) check parameters
[0.842s] Level 1:colcon.colcon_core.package_discovery:discover_packages(colcon_meta) discover
[0.843s] Level 1:colcon.colcon_core.package_discovery:discover_packages(recursive) discover
[0.843s] INFO:colcon.colcon_core.package_discovery:Crawling recursively for packages in '/home/cyber/ros2_ws'
[0.843s] Level 1:colcon.colcon_core.package_identification:_identify(.) by extensions ['ignore', 'ignore_ament_install']
[0.843s] Level 1:colcon.colcon_core.package_identification:_identify(.) by extension 'ignore'
[0.843s] Level 1:colcon.colcon_core.package_identification:_identify(.) by extension 'ignore_ament_install'
[0.843s] Level 1:colcon.colcon_core.package_identification:_identify(.) by extensions ['colcon_pkg']
[0.843s] Level 1:colcon.colcon_core.package_identification:_identify(.) by extension 'colcon_pkg'
[0.843s] Level 1:colcon.colcon_core.package_identification:_identify(.) by extensions ['colcon_meta']
[0.843s] Level 1:colcon.colcon_core.package_identification:_identify(.) by extension 'colcon_meta'
[0.843s] Level 1:colcon.colcon_core.package_identification:_identify(.) by extensions ['ros']
[0.843s] Level 1:colcon.colcon_core.package_identification:_identify(.) by extension 'ros'
[0.854s] Level 1:colcon.colcon_core.package_identification:_identify(.) by extensions ['cmake', 'python']
[0.854s] Level 1:colcon.colcon_core.package_identification:_identify(.) by extension 'cmake'
[0.854s] Level 1:colcon.colcon_core.package_identification:_identify(.) by extension 'python'
[0.854s] Level 1:colcon.colcon_core.package_identification:_identify(.) by extensions ['python_setup_py']
[0.854s] Level 1:colcon.colcon_core.package_identification:_identify(.) by extension 'python_setup_py'
[0.854s] Level 1:colcon.colcon_core.package_identification:_identify(build) by extensions ['ignore', 'ignore_ament_install']
[0.854s] Level 1:colcon.colcon_core.package_identification:_identify(build) by extension 'ignore'
[0.854s] Level 1:colcon.colcon_core.package_identification:_identify(build) ignored
[0.854s] Level 1:colcon.colcon_core.package_identification:_identify(install) by extensions ['ignore', 'ignore_ament_install']
[0.854s] Level 1:colcon.colcon_core.package_identification:_identify(install) by extension 'ignore'
[0.854s] Level 1:colcon.colcon_core.package_identification:_identify(install) ignored
[0.854s] Level 1:colcon.colcon_core.package_identification:_identify(launch) by extensions ['ignore', 'ignore_ament_install']
[0.854s] Level 1:colcon.colcon_core.package_identification:_identify(launch) by extension 'ignore'
[0.855s] Level 1:colcon.colcon_core.package_identification:_identify(launch) by extension 'ignore_ament_install'
[0.855s] Level 1:colcon.colcon_core.package_identification:_identify(launch) by extensions ['colcon_pkg']
[0.855s] Level 1:colcon.colcon_core.package_identification:_identify(launch) by extension 'colcon_pkg'
[0.855s] Level 1:colcon.colcon_core.package_identification:_identify(launch) by extensions ['colcon_meta']
[0.855s] Level 1:colcon.colcon_core.package_identification:_identify(launch) by extension 'colcon_meta'
[0.855s] Level 1:colcon.colcon_core.package_identification:_identify(launch) by extensions ['ros']
[0.855s] Level 1:colcon.colcon_core.package_identification:_identify(launch) by extension 'ros'
[0.855s] Level 1:colcon.colcon_core.package_identification:_identify(launch) by extensions ['cmake', 'python']
[0.855s] Level 1:colcon.colcon_core.package_identification:_identify(launch) by extension 'cmake'
[0.855s] Level 1:colcon.colcon_core.package_identification:_identify(launch) by extension 'python'
[0.855s] Level 1:colcon.colcon_core.package_identification:_identify(launch) by extensions ['python_setup_py']
[0.855s] Level 1:colcon.colcon_core.package_identification:_identify(launch) by extension 'python_setup_py'
[0.855s] Level 1:colcon.colcon_core.package_identification:_identify(log) by extensions ['ignore', 'ignore_ament_install']
[0.855s] Level 1:colcon.colcon_core.package_identification:_identify(log) by extension 'ignore'
[0.855s] Level 1:colcon.colcon_core.package_identification:_identify(log) ignored
[0.855s] Level 1:colcon.colcon_core.package_identification:_identify(src) by extensions ['ignore', 'ignore_ament_install']
[0.855s] Level 1:colcon.colcon_core.package_identification:_identify(src) by extension 'ignore'
[0.855s] Level 1:colcon.colcon_core.package_identification:_identify(src) by extension 'ignore_ament_install'
[0.855s] Level 1:colcon.colcon_core.package_identification:_identify(src) by extensions ['colcon_pkg']
[0.855s] Level 1:colcon.colcon_core.package_identification:_identify(src) by extension 'colcon_pkg'
[0.855s] Level 1:colcon.colcon_core.package_identification:_identify(src) by extensions ['colcon_meta']
[0.855s] Level 1:colcon.colcon_core.package_identification:_identify(src) by extension 'colcon_meta'
[0.855s] Level 1:colcon.colcon_core.package_identification:_identify(src) by extensions ['ros']
[0.855s] Level 1:colcon.colcon_core.package_identification:_identify(src) by extension 'ros'
[0.855s] Level 1:colcon.colcon_core.package_identification:_identify(src) by extensions ['cmake', 'python']
[0.855s] Level 1:colcon.colcon_core.package_identification:_identify(src) by extension 'cmake'
[0.855s] Level 1:colcon.colcon_core.package_identification:_identify(src) by extension 'python'
[0.855s] Level 1:colcon.colcon_core.package_identification:_identify(src) by extensions ['python_setup_py']
[0.855s] Level 1:colcon.colcon_core.package_identification:_identify(src) by extension 'python_setup_py'
[0.855s] Level 1:colcon.colcon_core.package_identification:_identify(src/data_processor) by extensions ['ignore', 'ignore_ament_install']
[0.855s] Level 1:colcon.colcon_core.package_identification:_identify(src/data_processor) by extension 'ignore'
[0.855s] Level 1:colcon.colcon_core.package_identification:_identify(src/data_processor) by extension 'ignore_ament_install'
[0.856s] Level 1:colcon.colcon_core.package_identification:_identify(src/data_processor) by extensions ['colcon_pkg']
[0.856s] Level 1:colcon.colcon_core.package_identification:_identify(src/data_processor) by extension 'colcon_pkg'
[0.856s] Level 1:colcon.colcon_core.package_identification:_identify(src/data_processor) by extensions ['colcon_meta']
[0.856s] Level 1:colcon.colcon_core.package_identification:_identify(src/data_processor) by extension 'colcon_meta'
[0.856s] Level 1:colcon.colcon_core.package_identification:_identify(src/data_processor) by extensions ['ros']
[0.856s] Level 1:colcon.colcon_core.package_identification:_identify(src/data_processor) by extension 'ros'
[0.857s] DEBUG:colcon.colcon_core.package_identification:Package 'src/data_processor' with type 'ros.ament_cmake' and name 'data_processor'
[0.858s] Level 1:colcon.colcon_core.package_identification:_identify(src/sensor_package) by extensions ['ignore', 'ignore_ament_install']
[0.858s] Level 1:colcon.colcon_core.package_identification:_identify(src/sensor_package) by extension 'ignore'
[0.858s] Level 1:colcon.colcon_core.package_identification:_identify(src/sensor_package) by extension 'ignore_ament_install'
[0.858s] Level 1:colcon.colcon_core.package_identification:_identify(src/sensor_package) by extensions ['colcon_pkg']
[0.858s] Level 1:colcon.colcon_core.package_identification:_identify(src/sensor_package) by extension 'colcon_pkg'
[0.858s] Level 1:colcon.colcon_core.package_identification:_identify(src/sensor_package) by extensions ['colcon_meta']
[0.858s] Level 1:colcon.colcon_core.package_identification:_identify(src/sensor_package) by extension 'colcon_meta'
[0.858s] Level 1:colcon.colcon_core.package_identification:_identify(src/sensor_package) by extensions ['ros']
[0.858s] Level 1:colcon.colcon_core.package_identification:_identify(src/sensor_package) by extension 'ros'
[0.858s] DEBUG:colcon.colcon_core.package_identification:Package 'src/sensor_package' with type 'ros.ament_cmake' and name 'sensor_package'
[0.858s] Level 1:colcon.colcon_core.package_discovery:discover_packages(recursive) using defaults
[0.858s] Level 1:colcon.colcon_core.package_discovery:discover_packages(ignore) discover
[0.858s] Level 1:colcon.colcon_core.package_discovery:discover_packages(ignore) using defaults
[0.858s] Level 1:colcon.colcon_core.package_discovery:discover_packages(path) discover
[0.858s] Level 1:colcon.colcon_core.package_discovery:discover_packages(path) using defaults
[0.886s] Level 1:colcon.colcon_core.package_discovery:discover_packages(prefix_path) check parameters
[0.886s] Level 1:colcon.colcon_core.package_discovery:discover_packages(prefix_path) discover
[0.887s] DEBUG:colcon.colcon_installed_package_information.package_discovery:Found 2 installed packages in /home/cyber/ros2_ws/install
[0.888s] DEBUG:colcon.colcon_installed_package_information.package_discovery:Found 275 installed packages in /opt/ros/humble
[0.889s] Level 1:colcon.colcon_core.package_discovery:discover_packages(prefix_path) using defaults
[0.913s] Level 5:colcon.colcon_core.verb:set package 'data_processor' build argument 'cmake_args' from command line to 'None'
[0.913s] Level 5:colcon.colcon_core.verb:set package 'data_processor' build argument 'cmake_target' from command line to 'None'
[0.913s] Level 5:colcon.colcon_core.verb:set package 'data_processor' build argument 'cmake_target_skip_unavailable' from command line to 'False'
[0.913s] Level 5:colcon.colcon_core.verb:set package 'data_processor' build argument 'cmake_clean_cache' from command line to 'False'
[0.913s] Level 5:colcon.colcon_core.verb:set package 'data_processor' build argument 'cmake_clean_first' from command line to 'False'
[0.913s] Level 5:colcon.colcon_core.verb:set package 'data_processor' build argument 'cmake_force_configure' from command line to 'False'
[0.913s] Level 5:colcon.colcon_core.verb:set package 'data_processor' build argument 'ament_cmake_args' from command line to 'None'
[0.913s] Level 5:colcon.colcon_core.verb:set package 'data_processor' build argument 'catkin_cmake_args' from command line to 'None'
[0.913s] Level 5:colcon.colcon_core.verb:set package 'data_processor' build argument 'catkin_skip_building_tests' from command line to 'False'
[0.913s] DEBUG:colcon.colcon_core.verb:Building package 'data_processor' with the following arguments: {'ament_cmake_args': None, 'build_base': '/home/cyber/ros2_ws/build/data_processor', 'catkin_cmake_args': None, 'catkin_skip_building_tests': False, 'cmake_args': None, 'cmake_clean_cache': False, 'cmake_clean_first': False, 'cmake_force_configure': False, 'cmake_target': None, 'cmake_target_skip_unavailable': False, 'install_base': '/home/cyber/ros2_ws/install/data_processor', 'merge_install': False, 'path': '/home/cyber/ros2_ws/src/data_processor', 'symlink_install': False, 'test_result_base': None}
[0.913s] Level 5:colcon.colcon_core.verb:set package 'sensor_package' build argument 'cmake_args' from command line to 'None'
[0.913s] Level 5:colcon.colcon_core.verb:set package 'sensor_package' build argument 'cmake_target' from command line to 'None'
[0.913s] Level 5:colcon.colcon_core.verb:set package 'sensor_package' build argument 'cmake_target_skip_unavailable' from command line to 'False'
[0.914s] Level 5:colcon.colcon_core.verb:set package 'sensor_package' build argument 'cmake_clean_cache' from command line to 'False'
[0.914s] Level 5:colcon.colcon_core.verb:set package 'sensor_package' build argument 'cmake_clean_first' from command line to 'False'
[0.914s] Level 5:colcon.colcon_core.verb:set package 'sensor_package' build argument 'cmake_force_configure' from command line to 'False'
[0.914s] Level 5:colcon.colcon_core.verb:set package 'sensor_package' build argument 'ament_cmake_args' from command line to 'None'
[0.914s] Level 5:colcon.colcon_core.verb:set package 'sensor_package' build argument 'catkin_cmake_args' from command line to 'None'
[0.914s] Level 5:colcon.colcon_core.verb:set package 'sensor_package' build argument 'catkin_skip_building_tests' from command line to 'False'
[0.914s] DEBUG:colcon.colcon_core.verb:Building package 'sensor_package' with the following arguments: {'ament_cmake_args': None, 'build_base': '/home/cyber/ros2_ws/build/sensor_package', 'catkin_cmake_args': None, 'catkin_skip_building_tests': False, 'cmake_args': None, 'cmake_clean_cache': False, 'cmake_clean_first': False, 'cmake_force_configure': False, 'cmake_target': None, 'cmake_target_skip_unavailable': False, 'install_base': '/home/cyber/ros2_ws/install/sensor_package', 'merge_install': False, 'path': '/home/cyber/ros2_ws/src/sensor_package', 'symlink_install': False, 'test_result_base': None}
[0.914s] INFO:colcon.colcon_core.executor:Executing jobs using 'parallel' executor
[0.914s] DEBUG:colcon.colcon_parallel_executor.executor.parallel:run_until_complete
[0.915s] INFO:colcon.colcon_ros.task.ament_cmake.build:Building ROS package in '/home/cyber/ros2_ws/src/data_processor' with build type 'ament_cmake'
[0.915s] INFO:colcon.colcon_cmake.task.cmake.build:Building CMake package in '/home/cyber/ros2_ws/src/data_processor'
[0.916s] INFO:colcon.colcon_core.plugin_system:Skipping extension 'colcon_core.shell.bat': Not used on non-Windows systems
[0.916s] INFO:colcon.colcon_core.shell:Skip shell extension 'powershell' for command environment: Not usable outside of PowerShell
[0.916s] DEBUG:colcon.colcon_core.shell:Skip shell extension 'dsv' for command environment
[0.919s] INFO:colcon.colcon_ros.task.ament_cmake.build:Building ROS package in '/home/cyber/ros2_ws/src/sensor_package' with build type 'ament_cmake'
[0.919s] INFO:colcon.colcon_cmake.task.cmake.build:Building CMake package in '/home/cyber/ros2_ws/src/sensor_package'
[0.919s] INFO:colcon.colcon_core.shell:Skip shell extension 'powershell' for command environment: Not usable outside of PowerShell
[0.919s] DEBUG:colcon.colcon_core.shell:Skip shell extension 'dsv' for command environment
[0.924s] DEBUG:colcon.colcon_core.event_handler.log_command:Invoking command in '/home/cyber/ros2_ws/build/data_processor': CMAKE_PREFIX_PATH=${CMAKE_PREFIX_PATH}:/opt/ros/humble /usr/bin/cmake --build /home/cyber/ros2_ws/build/data_processor -- -j4 -l4
[0.928s] DEBUG:colcon.colcon_core.event_handler.log_command:Invoking command in '/home/cyber/ros2_ws/build/sensor_package': CMAKE_PREFIX_PATH=${CMAKE_PREFIX_PATH}:/opt/ros/humble /usr/bin/cmake --build /home/cyber/ros2_ws/build/sensor_package -- -j4 -l4
[1.247s] DEBUG:colcon.colcon_core.event_handler.log_command:Invoked command in '/home/cyber/ros2_ws/build/data_processor' returned '0': CMAKE_PREFIX_PATH=${CMAKE_PREFIX_PATH}:/opt/ros/humble /usr/bin/cmake --build /home/cyber/ros2_ws/build/data_processor -- -j4 -l4
[1.274s] DEBUG:colcon.colcon_core.event_handler.log_command:Invoking command in '/home/cyber/ros2_ws/build/data_processor': CMAKE_PREFIX_PATH=${CMAKE_PREFIX_PATH}:/opt/ros/humble /usr/bin/cmake --install /home/cyber/ros2_ws/build/data_processor
[1.283s] Level 1:colcon.colcon_core.environment:create_environment_scripts_only(data_processor)
[1.284s] DEBUG:colcon.colcon_core.event_handler.log_command:Invoked command in '/home/cyber/ros2_ws/build/data_processor' returned '0': CMAKE_PREFIX_PATH=${CMAKE_PREFIX_PATH}:/opt/ros/humble /usr/bin/cmake --install /home/cyber/ros2_ws/build/data_processor
[1.285s] Level 1:colcon.colcon_core.environment:checking '/home/cyber/ros2_ws/install/data_processor' for CMake module files
[1.286s] Level 1:colcon.colcon_core.environment:checking '/home/cyber/ros2_ws/install/data_processor' for CMake config files
[1.286s] Level 1:colcon.colcon_core.shell:create_environment_hook('data_processor', 'cmake_prefix_path')
[1.286s] INFO:colcon.colcon_core.shell:Creating environment hook '/home/cyber/ros2_ws/install/data_processor/share/data_processor/hook/cmake_prefix_path.ps1'
[1.286s] INFO:colcon.colcon_core.shell:Creating environment descriptor '/home/cyber/ros2_ws/install/data_processor/share/data_processor/hook/cmake_prefix_path.dsv'
[1.287s] INFO:colcon.colcon_core.shell:Creating environment hook '/home/cyber/ros2_ws/install/data_processor/share/data_processor/hook/cmake_prefix_path.sh'
[1.287s] Level 1:colcon.colcon_core.environment:checking '/home/cyber/ros2_ws/install/data_processor/lib'
[1.287s] Level 1:colcon.colcon_core.environment:checking '/home/cyber/ros2_ws/install/data_processor/bin'
[1.287s] Level 1:colcon.colcon_core.environment:checking '/home/cyber/ros2_ws/install/data_processor/lib/pkgconfig/data_processor.pc'
[1.287s] Level 1:colcon.colcon_core.environment:checking '/home/cyber/ros2_ws/install/data_processor/lib/python3.10/site-packages'
[1.288s] Level 1:colcon.colcon_core.environment:checking '/home/cyber/ros2_ws/install/data_processor/bin'
[1.288s] INFO:colcon.colcon_core.shell:Creating package script '/home/cyber/ros2_ws/install/data_processor/share/data_processor/package.ps1'
[1.288s] INFO:colcon.colcon_core.shell:Creating package descriptor '/home/cyber/ros2_ws/install/data_processor/share/data_processor/package.dsv'
[1.289s] INFO:colcon.colcon_core.shell:Creating package script '/home/cyber/ros2_ws/install/data_processor/share/data_processor/package.sh'
[1.289s] INFO:colcon.colcon_core.shell:Creating package script '/home/cyber/ros2_ws/install/data_processor/share/data_processor/package.bash'
[1.289s] INFO:colcon.colcon_core.shell:Creating package script '/home/cyber/ros2_ws/install/data_processor/share/data_processor/package.zsh'
[1.290s] Level 1:colcon.colcon_core.environment:create_file_with_runtime_dependencies(/home/cyber/ros2_ws/install/data_processor/share/colcon-core/packages/data_processor)
[1.306s] Level 1:colcon.colcon_core.environment:create_environment_scripts_only(data_processor)
[1.307s] Level 1:colcon.colcon_core.environment:checking '/home/cyber/ros2_ws/install/data_processor' for CMake module files
[1.307s] Level 1:colcon.colcon_core.environment:checking '/home/cyber/ros2_ws/install/data_processor' for CMake config files
[1.307s] Level 1:colcon.colcon_core.shell:create_environment_hook('data_processor', 'cmake_prefix_path')
[1.307s] INFO:colcon.colcon_core.shell:Creating environment hook '/home/cyber/ros2_ws/install/data_processor/share/data_processor/hook/cmake_prefix_path.ps1'
[1.308s] INFO:colcon.colcon_core.shell:Creating environment descriptor '/home/cyber/ros2_ws/install/data_processor/share/data_processor/hook/cmake_prefix_path.dsv'
[1.308s] INFO:colcon.colcon_core.shell:Creating environment hook '/home/cyber/ros2_ws/install/data_processor/share/data_processor/hook/cmake_prefix_path.sh'
[1.309s] Level 1:colcon.colcon_core.environment:checking '/home/cyber/ros2_ws/install/data_processor/lib'
[1.309s] Level 1:colcon.colcon_core.environment:checking '/home/cyber/ros2_ws/install/data_processor/bin'
[1.309s] Level 1:colcon.colcon_core.environment:checking '/home/cyber/ros2_ws/install/data_processor/lib/pkgconfig/data_processor.pc'
[1.309s] Level 1:colcon.colcon_core.environment:checking '/home/cyber/ros2_ws/install/data_processor/lib/python3.10/site-packages'
[1.309s] Level 1:colcon.colcon_core.environment:checking '/home/cyber/ros2_ws/install/data_processor/bin'
[1.309s] INFO:colcon.colcon_core.shell:Creating package script '/home/cyber/ros2_ws/install/data_processor/share/data_processor/package.ps1'
[1.310s] INFO:colcon.colcon_core.shell:Creating package descriptor '/home/cyber/ros2_ws/install/data_processor/share/data_processor/package.dsv'
[1.310s] INFO:colcon.colcon_core.shell:Creating package script '/home/cyber/ros2_ws/install/data_processor/share/data_processor/package.sh'
[1.311s] INFO:colcon.colcon_core.shell:Creating package script '/home/cyber/ros2_ws/install/data_processor/share/data_processor/package.bash'
[1.311s] INFO:colcon.colcon_core.shell:Creating package script '/home/cyber/ros2_ws/install/data_processor/share/data_processor/package.zsh'
[1.311s] Level 1:colcon.colcon_core.environment:create_file_with_runtime_dependencies(/home/cyber/ros2_ws/install/data_processor/share/colcon-core/packages/data_processor)
[4.798s] DEBUG:colcon.colcon_core.event_handler.log_command:Invoked command in '/home/cyber/ros2_ws/build/sensor_package' returned '2': CMAKE_PREFIX_PATH=${CMAKE_PREFIX_PATH}:/opt/ros/humble /usr/bin/cmake --build /home/cyber/ros2_ws/build/sensor_package -- -j4 -l4
[4.817s] Level 1:colcon.colcon_core.environment:create_environment_scripts_only(sensor_package)
[4.817s] Level 1:colcon.colcon_core.environment:checking '/home/cyber/ros2_ws/install/sensor_package' for CMake module files
[4.817s] Level 1:colcon.colcon_core.environment:checking '/home/cyber/ros2_ws/install/sensor_package' for CMake config files
[4.817s] Level 1:colcon.colcon_core.shell:create_environment_hook('sensor_package', 'cmake_prefix_path')
[4.818s] INFO:colcon.colcon_core.shell:Creating environment hook '/home/cyber/ros2_ws/install/sensor_package/share/sensor_package/hook/cmake_prefix_path.ps1'
[4.818s] INFO:colcon.colcon_core.shell:Creating environment descriptor '/home/cyber/ros2_ws/install/sensor_package/share/sensor_package/hook/cmake_prefix_path.dsv'
[4.818s] INFO:colcon.colcon_core.shell:Creating environment hook '/home/cyber/ros2_ws/install/sensor_package/share/sensor_package/hook/cmake_prefix_path.sh'
[4.819s] Level 1:colcon.colcon_core.environment:checking '/home/cyber/ros2_ws/install/sensor_package/bin'
[4.819s] Level 1:colcon.colcon_core.environment:checking '/home/cyber/ros2_ws/install/sensor_package/lib/pkgconfig/sensor_package.pc'
[4.819s] Level 1:colcon.colcon_core.environment:checking '/home/cyber/ros2_ws/install/sensor_package/lib/python3.10/site-packages'
[4.819s] Level 1:colcon.colcon_core.environment:checking '/home/cyber/ros2_ws/install/sensor_package/bin'
[4.819s] INFO:colcon.colcon_core.shell:Creating package script '/home/cyber/ros2_ws/install/sensor_package/share/sensor_package/package.ps1'
[4.819s] INFO:colcon.colcon_core.shell:Creating package descriptor '/home/cyber/ros2_ws/install/sensor_package/share/sensor_package/package.dsv'
[4.820s] INFO:colcon.colcon_core.shell:Creating package script '/home/cyber/ros2_ws/install/sensor_package/share/sensor_package/package.sh'
[4.820s] INFO:colcon.colcon_core.shell:Creating package script '/home/cyber/ros2_ws/install/sensor_package/share/sensor_package/package.bash'
[4.820s] INFO:colcon.colcon_core.shell:Creating package script '/home/cyber/ros2_ws/install/sensor_package/share/sensor_package/package.zsh'
[4.821s] Level 1:colcon.colcon_core.environment:create_file_with_runtime_dependencies(/home/cyber/ros2_ws/install/sensor_package/share/colcon-core/packages/sensor_package)
[4.831s] DEBUG:colcon.colcon_parallel_executor.executor.parallel:closing loop
[4.831s] DEBUG:colcon.colcon_parallel_executor.executor.parallel:loop closed
[4.831s] DEBUG:colcon.colcon_parallel_executor.executor.parallel:run_until_complete finished with '2'
[4.831s] DEBUG:colcon.colcon_core.event_reactor:joining thread
[4.898s] INFO:colcon.colcon_core.plugin_system:Skipping extension 'colcon_notification.desktop_notification.terminal_notifier': Not used on non-Darwin systems
[4.898s] INFO:colcon.colcon_core.plugin_system:Skipping extension 'colcon_notification.desktop_notification.win32': Not used on non-Windows systems
[4.898s] INFO:colcon.colcon_notification.desktop_notification:Sending desktop notification using 'notify2'
[4.915s] DEBUG:colcon.colcon_core.event_reactor:joined thread
[4.915s] INFO:colcon.colcon_core.shell:Creating prefix script '/home/cyber/ros2_ws/install/local_setup.ps1'
[4.916s] INFO:colcon.colcon_core.shell:Creating prefix util module '/home/cyber/ros2_ws/install/_local_setup_util_ps1.py'
[4.917s] INFO:colcon.colcon_core.shell:Creating prefix chain script '/home/cyber/ros2_ws/install/setup.ps1'
[4.918s] INFO:colcon.colcon_core.shell:Creating prefix script '/home/cyber/ros2_ws/install/local_setup.sh'
[4.918s] INFO:colcon.colcon_core.shell:Creating prefix util module '/home/cyber/ros2_ws/install/_local_setup_util_sh.py'
[4.918s] INFO:colcon.colcon_core.shell:Creating prefix chain script '/home/cyber/ros2_ws/install/setup.sh'
[4.919s] INFO:colcon.colcon_core.shell:Creating prefix script '/home/cyber/ros2_ws/install/local_setup.bash'
[4.919s] INFO:colcon.colcon_core.shell:Creating prefix chain script '/home/cyber/ros2_ws/install/setup.bash'
[4.920s] INFO:colcon.colcon_core.shell:Creating prefix script '/home/cyber/ros2_ws/install/local_setup.zsh'
[4.920s] INFO:colcon.colcon_core.shell:Creating prefix chain script '/home/cyber/ros2_ws/install/setup.zsh'
