running egg_info
writing ../../build/temperature_plotter/temperature_plotter.egg-info/PKG-INFO
writing dependency_links to ../../build/temperature_plotter/temperature_plotter.egg-info/dependency_links.txt
writing entry points to ../../build/temperature_plotter/temperature_plotter.egg-info/entry_points.txt
writing requirements to ../../build/temperature_plotter/temperature_plotter.egg-info/requires.txt
writing top-level names to ../../build/temperature_plotter/temperature_plotter.egg-info/top_level.txt
reading manifest file '../../build/temperature_plotter/temperature_plotter.egg-info/SOURCES.txt'
writing manifest file '../../build/temperature_plotter/temperature_plotter.egg-info/SOURCES.txt'
running build
running build_py
copying temperature_plotter/__init__.py -> /home/cyber/ros2_ws/build/temperature_plotter/build/lib/temperature_plotter
copying temperature_plotter/plot_temperature.py -> /home/cyber/ros2_ws/build/temperature_plotter/build/lib/temperature_plotter
running install
running install_lib
running install_data
copying resource/temperature_plotter -> /home/cyber/ros2_ws/install/temperature_plotter/share/ament_index/resource_index/packages
copying package.xml -> /home/cyber/ros2_ws/install/temperature_plotter/share/temperature_plotter
running install_egg_info
removing '/home/cyber/ros2_ws/install/temperature_plotter/lib/python3.10/site-packages/temperature_plotter-0.0.0-py3.10.egg-info' (and everything under it)
Copying ../../build/temperature_plotter/temperature_plotter.egg-info to /home/cyber/ros2_ws/install/temperature_plotter/lib/python3.10/site-packages/temperature_plotter-0.0.0-py3.10.egg-info
running install_scripts
Installing plot_temperature script to /home/cyber/ros2_ws/install/temperature_plotter/lib/temperature_plotter
writing list of installed files to '/home/cyber/ros2_ws/build/temperature_plotter/install.log'
