[0.009s] Invoking command in '/home/cyber/ros2_ws/build/data_processor': CMAKE_PREFIX_PATH=/opt/ros/humble /usr/bin/cmake /home/cyber/ros2_ws/src/data_processor -DCMAKE_INSTALL_PREFIX=/home/cyber/ros2_ws/install/data_processor
[1.514s] -- The C compiler identification is GNU 11.4.0
[2.075s] -- The CXX compiler identification is GNU 11.4.0
[2.086s] -- Detecting C compiler ABI info
[2.299s] -- Detecting C compiler ABI info - done
[2.307s] -- Check for working C compiler: /usr/bin/cc - skipped
[2.307s] -- Detecting C compile features
[2.320s] -- Detecting C compile features - done
[2.325s] -- Detecting CXX compiler ABI info
[2.453s] -- Detecting CXX compiler ABI info - done
[2.460s] -- Check for working CXX compiler: /usr/bin/c++ - skipped
[2.460s] -- Detecting CXX compile features
[2.461s] -- Detecting CXX compile features - done
[2.513s] -- Found ament_cmake: 1.3.9 (/opt/ros/humble/share/ament_cmake/cmake)
[3.009s] -- Found Python3: /usr/bin/python3 (found version "3.10.12") found components: Interpreter 
[3.214s] -- Found ament_lint_auto: 0.12.11 (/opt/ros/humble/share/ament_lint_auto/cmake)
[3.417s] -- Added test 'cppcheck' to perform static code analysis on C / C++ code
[3.417s] -- Configured cppcheck include dirs: 
[3.417s] -- Configured cppcheck exclude dirs and/or files: 
[3.418s] -- Added test 'flake8' to check Python code syntax and style conventions
[3.419s] -- Added test 'lint_cmake' to check CMake code style
[3.420s] -- Added test 'pep257' to check Python code against some of the docstring style conventions in PEP 257
[3.421s] -- Added test 'uncrustify' to check C / C++ code style
[3.421s] -- Configured uncrustify additional arguments: 
[3.422s] -- Added test 'xmllint' to check XML markup files
[3.436s] -- Configuring done
[3.455s] -- Generating done
[3.456s] -- Build files have been written to: /home/cyber/ros2_ws/build/data_processor
[3.463s] Invoked command in '/home/cyber/ros2_ws/build/data_processor' returned '0': CMAKE_PREFIX_PATH=/opt/ros/humble /usr/bin/cmake /home/cyber/ros2_ws/src/data_processor -DCMAKE_INSTALL_PREFIX=/home/cyber/ros2_ws/install/data_processor
[3.466s] Invoking command in '/home/cyber/ros2_ws/build/data_processor': CMAKE_PREFIX_PATH=/opt/ros/humble /usr/bin/cmake --build /home/cyber/ros2_ws/build/data_processor -- -j4 -l4
[3.521s] Invoked command in '/home/cyber/ros2_ws/build/data_processor' returned '0': CMAKE_PREFIX_PATH=/opt/ros/humble /usr/bin/cmake --build /home/cyber/ros2_ws/build/data_processor -- -j4 -l4
[3.550s] Invoking command in '/home/cyber/ros2_ws/build/data_processor': CMAKE_PREFIX_PATH=/opt/ros/humble /usr/bin/cmake --install /home/cyber/ros2_ws/build/data_processor
[3.556s] -- Install configuration: ""
[3.556s] -- Installing: /home/cyber/ros2_ws/install/data_processor/share/ament_index/resource_index/package_run_dependencies/data_processor
[3.556s] -- Installing: /home/cyber/ros2_ws/install/data_processor/share/ament_index/resource_index/parent_prefix_path/data_processor
[3.556s] -- Installing: /home/cyber/ros2_ws/install/data_processor/share/data_processor/environment/ament_prefix_path.sh
[3.557s] -- Installing: /home/cyber/ros2_ws/install/data_processor/share/data_processor/environment/ament_prefix_path.dsv
[3.557s] -- Installing: /home/cyber/ros2_ws/install/data_processor/share/data_processor/environment/path.sh
[3.557s] -- Installing: /home/cyber/ros2_ws/install/data_processor/share/data_processor/environment/path.dsv
[3.557s] -- Installing: /home/cyber/ros2_ws/install/data_processor/share/data_processor/local_setup.bash
[3.557s] -- Installing: /home/cyber/ros2_ws/install/data_processor/share/data_processor/local_setup.sh
[3.557s] -- Installing: /home/cyber/ros2_ws/install/data_processor/share/data_processor/local_setup.zsh
[3.557s] -- Installing: /home/cyber/ros2_ws/install/data_processor/share/data_processor/local_setup.dsv
[3.557s] -- Installing: /home/cyber/ros2_ws/install/data_processor/share/data_processor/package.dsv
[3.557s] -- Installing: /home/cyber/ros2_ws/install/data_processor/share/ament_index/resource_index/packages/data_processor
[3.557s] -- Installing: /home/cyber/ros2_ws/install/data_processor/share/data_processor/cmake/data_processorConfig.cmake
[3.558s] -- Installing: /home/cyber/ros2_ws/install/data_processor/share/data_processor/cmake/data_processorConfig-version.cmake
[3.558s] -- Installing: /home/cyber/ros2_ws/install/data_processor/share/data_processor/package.xml
[3.560s] Invoked command in '/home/cyber/ros2_ws/build/data_processor' returned '0': CMAKE_PREFIX_PATH=/opt/ros/humble /usr/bin/cmake --install /home/cyber/ros2_ws/build/data_processor
