running egg_info
writing ../../build/plot_sensor_data/plot_sensor_data.egg-info/PKG-INFO
writing dependency_links to ../../build/plot_sensor_data/plot_sensor_data.egg-info/dependency_links.txt
writing entry points to ../../build/plot_sensor_data/plot_sensor_data.egg-info/entry_points.txt
writing requirements to ../../build/plot_sensor_data/plot_sensor_data.egg-info/requires.txt
writing top-level names to ../../build/plot_sensor_data/plot_sensor_data.egg-info/top_level.txt
reading manifest file '../../build/plot_sensor_data/plot_sensor_data.egg-info/SOURCES.txt'
writing manifest file '../../build/plot_sensor_data/plot_sensor_data.egg-info/SOURCES.txt'
running build
running build_py
copying plot_sensor_data/__init__.py -> /home/cyber/ros2_ws/build/plot_sensor_data/build/lib/plot_sensor_data
copying plot_sensor_data/plot_node.py -> /home/cyber/ros2_ws/build/plot_sensor_data/build/lib/plot_sensor_data
running install
running install_lib
running install_data
copying resource/plot_sensor_data -> /home/cyber/ros2_ws/install/plot_sensor_data/share/ament_index/resource_index/packages
copying package.xml -> /home/cyber/ros2_ws/install/plot_sensor_data/share/plot_sensor_data
copying launch/plot_launch.py -> /home/cyber/ros2_ws/install/plot_sensor_data/share/plot_sensor_data/launch
running install_egg_info
removing '/home/cyber/ros2_ws/install/plot_sensor_data/lib/python3.10/site-packages/plot_sensor_data-0.0.0-py3.10.egg-info' (and everything under it)
Copying ../../build/plot_sensor_data/plot_sensor_data.egg-info to /home/cyber/ros2_ws/install/plot_sensor_data/lib/python3.10/site-packages/plot_sensor_data-0.0.0-py3.10.egg-info
running install_scripts
Installing plot_node script to /home/cyber/ros2_ws/install/plot_sensor_data/lib/plot_sensor_data
writing list of installed files to '/home/cyber/ros2_ws/build/plot_sensor_data/install.log'
