[1.525s] Invoking command in '/home/cyber/ros2_ws/src/plot_sensor_data': PYTHONPATH=/home/cyber/ros2_ws/build/plot_sensor_data/prefix_override:/home/cyber/ros2_ws/install/plot_sensor_data/lib/python3.10/site-packages:${PYTHONPATH} /usr/bin/python3 -W ignore:setup.py install is deprecated setup.py egg_info --egg-base ../../build/plot_sensor_data build --build-base /home/cyber/ros2_ws/build/plot_sensor_data/build install --record /home/cyber/ros2_ws/build/plot_sensor_data/install.log --single-version-externally-managed install_data
[1.960s] running egg_info
[1.990s] writing ../../build/plot_sensor_data/plot_sensor_data.egg-info/PKG-INFO
[2.017s] writing dependency_links to ../../build/plot_sensor_data/plot_sensor_data.egg-info/dependency_links.txt
[2.017s] writing entry points to ../../build/plot_sensor_data/plot_sensor_data.egg-info/entry_points.txt
[2.018s] writing requirements to ../../build/plot_sensor_data/plot_sensor_data.egg-info/requires.txt
[2.018s] writing top-level names to ../../build/plot_sensor_data/plot_sensor_data.egg-info/top_level.txt
[2.418s] reading manifest file '../../build/plot_sensor_data/plot_sensor_data.egg-info/SOURCES.txt'
[2.420s] writing manifest file '../../build/plot_sensor_data/plot_sensor_data.egg-info/SOURCES.txt'
[2.464s] running build
[2.464s] running build_py
[2.464s] copying plot_sensor_data/__init__.py -> /home/cyber/ros2_ws/build/plot_sensor_data/build/lib/plot_sensor_data
[2.465s] copying plot_sensor_data/plot_node.py -> /home/cyber/ros2_ws/build/plot_sensor_data/build/lib/plot_sensor_data
[2.465s] running install
[2.475s] running install_lib
[2.505s] running install_data
[2.505s] copying resource/plot_sensor_data -> /home/cyber/ros2_ws/install/plot_sensor_data/share/ament_index/resource_index/packages
[2.505s] copying package.xml -> /home/cyber/ros2_ws/install/plot_sensor_data/share/plot_sensor_data
[2.506s] copying launch/plot_launch.py -> /home/cyber/ros2_ws/install/plot_sensor_data/share/plot_sensor_data/launch
[2.506s] running install_egg_info
[2.536s] removing '/home/cyber/ros2_ws/install/plot_sensor_data/lib/python3.10/site-packages/plot_sensor_data-0.0.0-py3.10.egg-info' (and everything under it)
[2.536s] Copying ../../build/plot_sensor_data/plot_sensor_data.egg-info to /home/cyber/ros2_ws/install/plot_sensor_data/lib/python3.10/site-packages/plot_sensor_data-0.0.0-py3.10.egg-info
[2.538s] running install_scripts
[2.629s] Installing plot_node script to /home/cyber/ros2_ws/install/plot_sensor_data/lib/plot_sensor_data
[2.669s] writing list of installed files to '/home/cyber/ros2_ws/build/plot_sensor_data/install.log'
[2.715s] Invoked command in '/home/cyber/ros2_ws/src/plot_sensor_data' returned '0': PYTHONPATH=/home/cyber/ros2_ws/build/plot_sensor_data/prefix_override:/home/cyber/ros2_ws/install/plot_sensor_data/lib/python3.10/site-packages:${PYTHONPATH} /usr/bin/python3 -W ignore:setup.py install is deprecated setup.py egg_info --egg-base ../../build/plot_sensor_data build --build-base /home/cyber/ros2_ws/build/plot_sensor_data/build install --record /home/cyber/ros2_ws/build/plot_sensor_data/install.log --single-version-externally-managed install_data
