[0.414s] Invoking command in '/home/cyber/ros2_ws/build/rosbridge_server_launch': CMAKE_PREFIX_PATH=${CMAKE_PREFIX_PATH}:/home/cyber/ros2_ws/install/plot_sensor_data:/opt/ros/humble /usr/bin/cmake /home/cyber/ros2_ws/src/rosbridge_server_launch -DCMAKE_INSTALL_PREFIX=/home/cyber/ros2_ws/install/rosbridge_server_launch
[0.532s] -- The C compiler identification is GNU 11.4.0
[0.658s] -- The CXX compiler identification is GNU 11.4.0
[0.674s] -- Detecting C compiler ABI info
[0.811s] -- Detecting C compiler ABI info - done
[0.835s] -- Check for working C compiler: /usr/bin/cc - skipped
[0.836s] -- Detecting C compile features
[0.838s] -- Detecting C compile features - done
[0.847s] -- Detecting CXX compiler ABI info
[1.034s] -- Detecting CXX compiler ABI info - done
[1.060s] -- Check for working CXX compiler: /usr/bin/c++ - skipped
[1.061s] -- Detecting CXX compile features
[1.062s] -- Detecting CXX compile features - done
[1.066s] -- Found ament_cmake: 1.3.9 (/opt/ros/humble/share/ament_cmake/cmake)
[1.848s] -- Found Python3: /usr/bin/python3 (found version "3.10.12") found components: Interpreter 
[2.021s] -- Found rclcpp: 16.0.9 (/opt/ros/humble/share/rclcpp/cmake)
[2.107s] -- Found rosidl_generator_c: 3.1.5 (/opt/ros/humble/share/rosidl_generator_c/cmake)
[2.118s] -- Found rosidl_adapter: 3.1.5 (/opt/ros/humble/share/rosidl_adapter/cmake)
[2.137s] -- Found rosidl_generator_cpp: 3.1.5 (/opt/ros/humble/share/rosidl_generator_cpp/cmake)
[2.174s] -- Using all available rosidl_typesupport_c: rosidl_typesupport_fastrtps_c;rosidl_typesupport_introspection_c
[2.217s] -- Using all available rosidl_typesupport_cpp: rosidl_typesupport_fastrtps_cpp;rosidl_typesupport_introspection_cpp
[2.500s] -- Found rmw_implementation_cmake: 6.1.2 (/opt/ros/humble/share/rmw_implementation_cmake/cmake)
[2.506s] -- Found rmw_fastrtps_cpp: 6.2.6 (/opt/ros/humble/share/rmw_fastrtps_cpp/cmake)
[2.796s] -- Found OpenSSL: /usr/lib/x86_64-linux-gnu/libcrypto.so (found version "3.0.2")  
[2.860s] -- Found FastRTPS: /opt/ros/humble/include  
[2.970s] -- Using RMW implementation 'rmw_fastrtps_cpp' as default
[3.041s] -- Looking for pthread.h
[3.414s] -- Looking for pthread.h - found
[3.418s] -- Performing Test CMAKE_HAVE_LIBC_PTHREAD
[3.548s] -- Performing Test CMAKE_HAVE_LIBC_PTHREAD - Success
[3.551s] -- Found Threads: TRUE  
[4.038s] -- Found ament_lint_auto: 0.12.11 (/opt/ros/humble/share/ament_lint_auto/cmake)
[4.316s] -- Added test 'flake8' to check Python code syntax and style conventions
[4.318s] -- Added test 'lint_cmake' to check CMake code style
[4.319s] -- Added test 'pep257' to check Python code against some of the docstring style conventions in PEP 257
[4.321s] -- Added test 'xmllint' to check XML markup files
[4.323s] -- Configuring done
[4.329s] -- Generating done
[4.331s] -- Build files have been written to: /home/cyber/ros2_ws/build/rosbridge_server_launch
[4.347s] Invoked command in '/home/cyber/ros2_ws/build/rosbridge_server_launch' returned '0': CMAKE_PREFIX_PATH=${CMAKE_PREFIX_PATH}:/home/cyber/ros2_ws/install/plot_sensor_data:/opt/ros/humble /usr/bin/cmake /home/cyber/ros2_ws/src/rosbridge_server_launch -DCMAKE_INSTALL_PREFIX=/home/cyber/ros2_ws/install/rosbridge_server_launch
[4.348s] Invoking command in '/home/cyber/ros2_ws/build/rosbridge_server_launch': CMAKE_PREFIX_PATH=${CMAKE_PREFIX_PATH}:/home/cyber/ros2_ws/install/plot_sensor_data:/opt/ros/humble /usr/bin/cmake --build /home/cyber/ros2_ws/build/rosbridge_server_launch -- -j4 -l4
[4.404s] Invoked command in '/home/cyber/ros2_ws/build/rosbridge_server_launch' returned '0': CMAKE_PREFIX_PATH=${CMAKE_PREFIX_PATH}:/home/cyber/ros2_ws/install/plot_sensor_data:/opt/ros/humble /usr/bin/cmake --build /home/cyber/ros2_ws/build/rosbridge_server_launch -- -j4 -l4
[4.465s] Invoking command in '/home/cyber/ros2_ws/build/rosbridge_server_launch': CMAKE_PREFIX_PATH=${CMAKE_PREFIX_PATH}:/home/cyber/ros2_ws/install/plot_sensor_data:/opt/ros/humble /usr/bin/cmake --install /home/cyber/ros2_ws/build/rosbridge_server_launch
[4.479s] -- Install configuration: ""
[4.480s] -- Installing: /home/cyber/ros2_ws/install/rosbridge_server_launch/share/rosbridge_server_launch//launch
[4.481s] -- Installing: /home/cyber/ros2_ws/install/rosbridge_server_launch/share/rosbridge_server_launch//launch/rosbridge_server_launch.py
[4.481s] -- Installing: /home/cyber/ros2_ws/install/rosbridge_server_launch/share/ament_index/resource_index/package_run_dependencies/rosbridge_server_launch
[4.482s] -- Installing: /home/cyber/ros2_ws/install/rosbridge_server_launch/share/ament_index/resource_index/parent_prefix_path/rosbridge_server_launch
[4.483s] -- Installing: /home/cyber/ros2_ws/install/rosbridge_server_launch/share/rosbridge_server_launch/environment/ament_prefix_path.sh
[4.483s] -- Installing: /home/cyber/ros2_ws/install/rosbridge_server_launch/share/rosbridge_server_launch/environment/ament_prefix_path.dsv
[4.484s] -- Installing: /home/cyber/ros2_ws/install/rosbridge_server_launch/share/rosbridge_server_launch/environment/path.sh
[4.484s] -- Installing: /home/cyber/ros2_ws/install/rosbridge_server_launch/share/rosbridge_server_launch/environment/path.dsv
[4.485s] -- Installing: /home/cyber/ros2_ws/install/rosbridge_server_launch/share/rosbridge_server_launch/local_setup.bash
[4.485s] -- Installing: /home/cyber/ros2_ws/install/rosbridge_server_launch/share/rosbridge_server_launch/local_setup.sh
[4.486s] -- Installing: /home/cyber/ros2_ws/install/rosbridge_server_launch/share/rosbridge_server_launch/local_setup.zsh
[4.487s] -- Installing: /home/cyber/ros2_ws/install/rosbridge_server_launch/share/rosbridge_server_launch/local_setup.dsv
[4.487s] -- Installing: /home/cyber/ros2_ws/install/rosbridge_server_launch/share/rosbridge_server_launch/package.dsv
[4.488s] -- Installing: /home/cyber/ros2_ws/install/rosbridge_server_launch/share/ament_index/resource_index/packages/rosbridge_server_launch
[4.488s] -- Installing: /home/cyber/ros2_ws/install/rosbridge_server_launch/share/rosbridge_server_launch/cmake/rosbridge_server_launchConfig.cmake
[4.489s] -- Installing: /home/cyber/ros2_ws/install/rosbridge_server_launch/share/rosbridge_server_launch/cmake/rosbridge_server_launchConfig-version.cmake
[4.489s] -- Installing: /home/cyber/ros2_ws/install/rosbridge_server_launch/share/rosbridge_server_launch/package.xml
[4.503s] Invoked command in '/home/cyber/ros2_ws/build/rosbridge_server_launch' returned '0': CMAKE_PREFIX_PATH=${CMAKE_PREFIX_PATH}:/home/cyber/ros2_ws/install/plot_sensor_data:/opt/ros/humble /usr/bin/cmake --install /home/cyber/ros2_ws/build/rosbridge_server_launch
