[2.155s] Invoking command in '/home/cyber/ros2_ws/src/plot_sensor_data': PYTHONPATH=/home/cyber/ros2_ws/build/plot_sensor_data/prefix_override:/home/cyber/ros2_ws/install/plot_sensor_data/lib/python3.10/site-packages:${PYTHONPATH} /usr/bin/python3 -W ignore:setup.py install is deprecated setup.py egg_info --egg-base ../../build/plot_sensor_data build --build-base /home/cyber/ros2_ws/build/plot_sensor_data/build install --record /home/cyber/ros2_ws/build/plot_sensor_data/install.log --single-version-externally-managed install_data
[2.841s] running egg_info
[2.842s] creating ../../build/plot_sensor_data/plot_sensor_data.egg-info
[2.885s] writing ../../build/plot_sensor_data/plot_sensor_data.egg-info/PKG-INFO
[2.886s] writing dependency_links to ../../build/plot_sensor_data/plot_sensor_data.egg-info/dependency_links.txt
[2.886s] writing entry points to ../../build/plot_sensor_data/plot_sensor_data.egg-info/entry_points.txt
[2.886s] writing requirements to ../../build/plot_sensor_data/plot_sensor_data.egg-info/requires.txt
[2.886s] writing top-level names to ../../build/plot_sensor_data/plot_sensor_data.egg-info/top_level.txt
[3.161s] writing manifest file '../../build/plot_sensor_data/plot_sensor_data.egg-info/SOURCES.txt'
[3.261s] reading manifest file '../../build/plot_sensor_data/plot_sensor_data.egg-info/SOURCES.txt'
[3.263s] writing manifest file '../../build/plot_sensor_data/plot_sensor_data.egg-info/SOURCES.txt'
[3.264s] running build
[3.264s] running build_py
[3.264s] creating /home/cyber/ros2_ws/build/plot_sensor_data/build
[3.264s] creating /home/cyber/ros2_ws/build/plot_sensor_data/build/lib
[3.264s] creating /home/cyber/ros2_ws/build/plot_sensor_data/build/lib/plot_sensor_data
[3.265s] copying plot_sensor_data/__init__.py -> /home/cyber/ros2_ws/build/plot_sensor_data/build/lib/plot_sensor_data
[3.265s] copying plot_sensor_data/plot_node.py -> /home/cyber/ros2_ws/build/plot_sensor_data/build/lib/plot_sensor_data
[3.265s] running install
[3.283s] running install_lib
[3.339s] creating /home/cyber/ros2_ws/install/plot_sensor_data/lib/python3.10/site-packages/plot_sensor_data
[3.340s] copying /home/cyber/ros2_ws/build/plot_sensor_data/build/lib/plot_sensor_data/__init__.py -> /home/cyber/ros2_ws/install/plot_sensor_data/lib/python3.10/site-packages/plot_sensor_data
[3.340s] copying /home/cyber/ros2_ws/build/plot_sensor_data/build/lib/plot_sensor_data/plot_node.py -> /home/cyber/ros2_ws/install/plot_sensor_data/lib/python3.10/site-packages/plot_sensor_data
[3.341s] byte-compiling /home/cyber/ros2_ws/install/plot_sensor_data/lib/python3.10/site-packages/plot_sensor_data/__init__.py to __init__.cpython-310.pyc
[3.342s] byte-compiling /home/cyber/ros2_ws/install/plot_sensor_data/lib/python3.10/site-packages/plot_sensor_data/plot_node.py to plot_node.cpython-310.pyc
[3.344s] running install_data
[3.344s] creating /home/cyber/ros2_ws/install/plot_sensor_data/share/ament_index
[3.345s] creating /home/cyber/ros2_ws/install/plot_sensor_data/share/ament_index/resource_index
[3.345s] creating /home/cyber/ros2_ws/install/plot_sensor_data/share/ament_index/resource_index/packages
[3.345s] copying resource/plot_sensor_data -> /home/cyber/ros2_ws/install/plot_sensor_data/share/ament_index/resource_index/packages
[3.345s] copying package.xml -> /home/cyber/ros2_ws/install/plot_sensor_data/share/plot_sensor_data
[3.345s] creating /home/cyber/ros2_ws/install/plot_sensor_data/share/plot_sensor_data/launch
[3.346s] copying launch/plot_launch.py -> /home/cyber/ros2_ws/install/plot_sensor_data/share/plot_sensor_data/launch
[3.346s] running install_egg_info
[3.404s] Copying ../../build/plot_sensor_data/plot_sensor_data.egg-info to /home/cyber/ros2_ws/install/plot_sensor_data/lib/python3.10/site-packages/plot_sensor_data-0.0.0-py3.10.egg-info
[3.406s] running install_scripts
[3.549s] Installing plot_node script to /home/cyber/ros2_ws/install/plot_sensor_data/lib/plot_sensor_data
[3.549s] writing list of installed files to '/home/cyber/ros2_ws/build/plot_sensor_data/install.log'
[3.612s] Invoked command in '/home/cyber/ros2_ws/src/plot_sensor_data' returned '0': PYTHONPATH=/home/cyber/ros2_ws/build/plot_sensor_data/prefix_override:/home/cyber/ros2_ws/install/plot_sensor_data/lib/python3.10/site-packages:${PYTHONPATH} /usr/bin/python3 -W ignore:setup.py install is deprecated setup.py egg_info --egg-base ../../build/plot_sensor_data build --build-base /home/cyber/ros2_ws/build/plot_sensor_data/build install --record /home/cyber/ros2_ws/build/plot_sensor_data/install.log --single-version-externally-managed install_data
