[0.018s] Invoking command in '/home/cyber/ros2_ws/build/data_processor': CMAKE_PREFIX_PATH=${CMAKE_PREFIX_PATH}:/home/cyber/ros2_ws/install/plot_sensor_data:/opt/ros/humble /usr/bin/cmake --build /home/cyber/ros2_ws/build/data_processor -- -j4 -l4
[0.203s] -- Found ament_cmake: 1.3.9 (/opt/ros/humble/share/ament_cmake/cmake)
[0.679s] -- Found rclcpp: 16.0.9 (/opt/ros/humble/share/rclcpp/cmake)
[0.948s] -- Found rosidl_generator_c: 3.1.5 (/opt/ros/humble/share/rosidl_generator_c/cmake)
[0.980s] -- Found rosidl_adapter: 3.1.5 (/opt/ros/humble/share/rosidl_adapter/cmake)
[0.991s] -- Found rosidl_generator_cpp: 3.1.5 (/opt/ros/humble/share/rosidl_generator_cpp/cmake)
[1.033s] -- Using all available rosidl_typesupport_c: rosidl_typesupport_fastrtps_c;rosidl_typesupport_introspection_c
[1.115s] -- Using all available rosidl_typesupport_cpp: rosidl_typesupport_fastrtps_cpp;rosidl_typesupport_introspection_cpp
[1.277s] -- Found rmw_implementation_cmake: 6.1.2 (/opt/ros/humble/share/rmw_implementation_cmake/cmake)
[1.292s] -- Found rmw_fastrtps_cpp: 6.2.6 (/opt/ros/humble/share/rmw_fastrtps_cpp/cmake)
[1.522s] -- Using RMW implementation 'rmw_fastrtps_cpp' as default
[1.729s] -- Found sensor_msgs: 4.2.4 (/opt/ros/humble/share/sensor_msgs/cmake)
[1.865s] -- Found rclpy: 3.3.13 (/opt/ros/humble/share/rclpy/cmake)
[1.874s] -- Found ament_lint_auto: 0.12.11 (/opt/ros/humble/share/ament_lint_auto/cmake)
[2.015s] -- Added test 'cppcheck' to perform static code analysis on C / C++ code
[2.015s] -- Configured cppcheck include dirs: 
[2.016s] -- Configured cppcheck exclude dirs and/or files: 
[2.016s] -- Added test 'flake8' to check Python code syntax and style conventions
[2.017s] -- Added test 'lint_cmake' to check CMake code style
[2.018s] -- Added test 'pep257' to check Python code against some of the docstring style conventions in PEP 257
[2.019s] -- Added test 'uncrustify' to check C / C++ code style
[2.019s] -- Configured uncrustify additional arguments: 
[2.019s] -- Added test 'xmllint' to check XML markup files
[2.021s] -- Configuring done
[2.143s] -- Generating done
[2.215s] -- Build files have been written to: /home/cyber/ros2_ws/build/data_processor
[2.271s] [35m[1mConsolidate compiler generated dependencies of target sensor_subscriber[0m
[2.292s] [100%] Built target sensor_subscriber
[2.304s] Invoked command in '/home/cyber/ros2_ws/build/data_processor' returned '0': CMAKE_PREFIX_PATH=${CMAKE_PREFIX_PATH}:/home/cyber/ros2_ws/install/plot_sensor_data:/opt/ros/humble /usr/bin/cmake --build /home/cyber/ros2_ws/build/data_processor -- -j4 -l4
[2.322s] Invoking command in '/home/cyber/ros2_ws/build/data_processor': CMAKE_PREFIX_PATH=${CMAKE_PREFIX_PATH}:/home/cyber/ros2_ws/install/plot_sensor_data:/opt/ros/humble /usr/bin/cmake --install /home/cyber/ros2_ws/build/data_processor
[2.327s] -- Install configuration: ""
[2.327s] -- Up-to-date: /home/cyber/ros2_ws/install/data_processor/lib/data_processor/sensor_subscriber
[2.327s] -- Up-to-date: /home/cyber/ros2_ws/install/data_processor/share/data_processor/launch
[2.327s] -- Up-to-date: /home/cyber/ros2_ws/install/data_processor/share/data_processor/launch/data_launch.py
[2.327s] -- Installing: /home/cyber/ros2_ws/install/data_processor/share/data_processor/package.xml
[2.328s] -- Up-to-date: /home/cyber/ros2_ws/install/data_processor/share/ament_index/resource_index/package_run_dependencies/data_processor
[2.328s] -- Installing: /home/cyber/ros2_ws/install/data_processor/share/ament_index/resource_index/parent_prefix_path/data_processor
[2.328s] -- Up-to-date: /home/cyber/ros2_ws/install/data_processor/share/data_processor/environment/ament_prefix_path.sh
[2.328s] -- Installing: /home/cyber/ros2_ws/install/data_processor/share/data_processor/environment/ament_prefix_path.dsv
[2.328s] -- Up-to-date: /home/cyber/ros2_ws/install/data_processor/share/data_processor/environment/path.sh
[2.328s] -- Installing: /home/cyber/ros2_ws/install/data_processor/share/data_processor/environment/path.dsv
[2.328s] -- Up-to-date: /home/cyber/ros2_ws/install/data_processor/share/data_processor/local_setup.bash
[2.328s] -- Up-to-date: /home/cyber/ros2_ws/install/data_processor/share/data_processor/local_setup.sh
[2.328s] -- Up-to-date: /home/cyber/ros2_ws/install/data_processor/share/data_processor/local_setup.zsh
[2.328s] -- Installing: /home/cyber/ros2_ws/install/data_processor/share/data_processor/local_setup.dsv
[2.328s] -- Installing: /home/cyber/ros2_ws/install/data_processor/share/data_processor/package.dsv
[2.328s] -- Up-to-date: /home/cyber/ros2_ws/install/data_processor/share/ament_index/resource_index/packages/data_processor
[2.328s] -- Up-to-date: /home/cyber/ros2_ws/install/data_processor/share/data_processor/cmake/data_processorConfig.cmake
[2.328s] -- Up-to-date: /home/cyber/ros2_ws/install/data_processor/share/data_processor/cmake/data_processorConfig-version.cmake
[2.328s] -- Up-to-date: /home/cyber/ros2_ws/install/data_processor/share/data_processor/package.xml
[2.330s] Invoked command in '/home/cyber/ros2_ws/build/data_processor' returned '0': CMAKE_PREFIX_PATH=${CMAKE_PREFIX_PATH}:/home/cyber/ros2_ws/install/plot_sensor_data:/opt/ros/humble /usr/bin/cmake --install /home/cyber/ros2_ws/build/data_processor
