[0.035s] Invoking command in '/home/cyber/ros2_ws/build/data_processor': CMAKE_PREFIX_PATH=${CMAKE_PREFIX_PATH}:/home/cyber/ros2_ws/install/plot_sensor_data:/opt/ros/humble /usr/bin/cmake --build /home/cyber/ros2_ws/build/data_processor -- -j4 -l4
[0.374s] [ 50%] [32mBuilding CXX object CMakeFiles/sensor_subscriber.dir/src/sensor_subscriber.cpp.o[0m
[12.357s] [100%] [32m[1mLinking CXX executable sensor_subscriber[0m
[12.962s] [100%] Built target sensor_subscriber
[12.979s] Invoked command in '/home/cyber/ros2_ws/build/data_processor' returned '0': CMAKE_PREFIX_PATH=${CMAKE_PREFIX_PATH}:/home/cyber/ros2_ws/install/plot_sensor_data:/opt/ros/humble /usr/bin/cmake --build /home/cyber/ros2_ws/build/data_processor -- -j4 -l4
[13.015s] Invoking command in '/home/cyber/ros2_ws/build/data_processor': CMAKE_PREFIX_PATH=${CMAKE_PREFIX_PATH}:/home/cyber/ros2_ws/install/plot_sensor_data:/opt/ros/humble /usr/bin/cmake --install /home/cyber/ros2_ws/build/data_processor
[13.027s] -- Install configuration: ""
[13.027s] -- Installing: /home/cyber/ros2_ws/install/data_processor/lib/data_processor/sensor_subscriber
[13.032s] -- Set runtime path of "/home/cyber/ros2_ws/install/data_processor/lib/data_processor/sensor_subscriber" to ""
[13.032s] -- Up-to-date: /home/cyber/ros2_ws/install/data_processor/share/data_processor/launch
[13.032s] -- Up-to-date: /home/cyber/ros2_ws/install/data_processor/share/data_processor/launch/data_launch.py
[13.033s] -- Up-to-date: /home/cyber/ros2_ws/install/data_processor/share/data_processor/package.xml
[13.033s] -- Up-to-date: /home/cyber/ros2_ws/install/data_processor/share/ament_index/resource_index/package_run_dependencies/data_processor
[13.033s] -- Up-to-date: /home/cyber/ros2_ws/install/data_processor/share/ament_index/resource_index/parent_prefix_path/data_processor
[13.033s] -- Up-to-date: /home/cyber/ros2_ws/install/data_processor/share/data_processor/environment/ament_prefix_path.sh
[13.033s] -- Up-to-date: /home/cyber/ros2_ws/install/data_processor/share/data_processor/environment/ament_prefix_path.dsv
[13.034s] -- Up-to-date: /home/cyber/ros2_ws/install/data_processor/share/data_processor/environment/path.sh
[13.034s] -- Up-to-date: /home/cyber/ros2_ws/install/data_processor/share/data_processor/environment/path.dsv
[13.034s] -- Up-to-date: /home/cyber/ros2_ws/install/data_processor/share/data_processor/local_setup.bash
[13.034s] -- Up-to-date: /home/cyber/ros2_ws/install/data_processor/share/data_processor/local_setup.sh
[13.034s] -- Up-to-date: /home/cyber/ros2_ws/install/data_processor/share/data_processor/local_setup.zsh
[13.034s] -- Up-to-date: /home/cyber/ros2_ws/install/data_processor/share/data_processor/local_setup.dsv
[13.034s] -- Installing: /home/cyber/ros2_ws/install/data_processor/share/data_processor/package.dsv
[13.034s] -- Up-to-date: /home/cyber/ros2_ws/install/data_processor/share/ament_index/resource_index/packages/data_processor
[13.035s] -- Up-to-date: /home/cyber/ros2_ws/install/data_processor/share/data_processor/cmake/data_processorConfig.cmake
[13.035s] -- Up-to-date: /home/cyber/ros2_ws/install/data_processor/share/data_processor/cmake/data_processorConfig-version.cmake
[13.035s] -- Up-to-date: /home/cyber/ros2_ws/install/data_processor/share/data_processor/package.xml
[13.037s] Invoked command in '/home/cyber/ros2_ws/build/data_processor' returned '0': CMAKE_PREFIX_PATH=${CMAKE_PREFIX_PATH}:/home/cyber/ros2_ws/install/plot_sensor_data:/opt/ros/humble /usr/bin/cmake --install /home/cyber/ros2_ws/build/data_processor
