[0.149s] Invoking command in '/home/cyber/ros2_ws/build/temperature_sensor': CMAKE_PREFIX_PATH=/opt/ros/humble /usr/bin/cmake --build /home/cyber/ros2_ws/build/temperature_sensor -- -j4 -l4
[0.177s] -- Found ament_cmake: 1.3.9 (/opt/ros/humble/share/ament_cmake/cmake)
[0.273s] -- Found rclcpp: 16.0.9 (/opt/ros/humble/share/rclcpp/cmake)
[0.292s] -- Found rosidl_generator_c: 3.1.5 (/opt/ros/humble/share/rosidl_generator_c/cmake)
[0.294s] -- Found rosidl_adapter: 3.1.5 (/opt/ros/humble/share/rosidl_adapter/cmake)
[0.298s] -- Found rosidl_generator_cpp: 3.1.5 (/opt/ros/humble/share/rosidl_generator_cpp/cmake)
[0.305s] -- Using all available rosidl_typesupport_c: rosidl_typesupport_fastrtps_c;rosidl_typesupport_introspection_c
[0.316s] -- Using all available rosidl_typesupport_cpp: rosidl_typesupport_fastrtps_cpp;rosidl_typesupport_introspection_cpp
[0.365s] -- Found rmw_implementation_cmake: 6.1.2 (/opt/ros/humble/share/rmw_implementation_cmake/cmake)
[0.366s] -- Found rmw_fastrtps_cpp: 6.2.6 (/opt/ros/humble/share/rmw_fastrtps_cpp/cmake)
[0.454s] -- Using RMW implementation 'rmw_fastrtps_cpp' as default
[0.563s] -- Found ament_lint_auto: 0.12.11 (/opt/ros/humble/share/ament_lint_auto/cmake)
[0.614s] -- Added test 'cppcheck' to perform static code analysis on C / C++ code
[0.614s] -- Configured cppcheck include dirs: 
[0.614s] -- Configured cppcheck exclude dirs and/or files: 
[0.615s] -- Added test 'lint_cmake' to check CMake code style
[0.616s] -- Added test 'uncrustify' to check C / C++ code style
[0.617s] -- Configured uncrustify additional arguments: 
[0.617s] -- Added test 'xmllint' to check XML markup files
[0.617s] -- Configuring done
[0.626s] -- Generating done
[0.627s] -- Build files have been written to: /home/cyber/ros2_ws/build/temperature_sensor
[0.654s] [ 50%] [32mBuilding CXX object CMakeFiles/temperature_publisher.dir/src/temperature_publisher.cpp.o[0m
[4.534s] [100%] [32m[1mLinking CXX executable temperature_publisher[0m
[4.876s] [100%] Built target temperature_publisher
[4.884s] Invoked command in '/home/cyber/ros2_ws/build/temperature_sensor' returned '0': CMAKE_PREFIX_PATH=/opt/ros/humble /usr/bin/cmake --build /home/cyber/ros2_ws/build/temperature_sensor -- -j4 -l4
[4.905s] Invoking command in '/home/cyber/ros2_ws/build/temperature_sensor': CMAKE_PREFIX_PATH=/opt/ros/humble /usr/bin/cmake --install /home/cyber/ros2_ws/build/temperature_sensor
[4.910s] -- Install configuration: ""
[4.910s] -- Installing: /home/cyber/ros2_ws/install/temperature_sensor/lib/temperature_sensor/temperature_publisher
[4.911s] -- Set runtime path of "/home/cyber/ros2_ws/install/temperature_sensor/lib/temperature_sensor/temperature_publisher" to ""
[4.911s] -- Up-to-date: /home/cyber/ros2_ws/install/temperature_sensor/share/ament_index/resource_index/package_run_dependencies/temperature_sensor
[4.911s] -- Installing: /home/cyber/ros2_ws/install/temperature_sensor/share/ament_index/resource_index/parent_prefix_path/temperature_sensor
[4.911s] -- Up-to-date: /home/cyber/ros2_ws/install/temperature_sensor/share/temperature_sensor/environment/ament_prefix_path.sh
[4.911s] -- Installing: /home/cyber/ros2_ws/install/temperature_sensor/share/temperature_sensor/environment/ament_prefix_path.dsv
[4.911s] -- Up-to-date: /home/cyber/ros2_ws/install/temperature_sensor/share/temperature_sensor/environment/path.sh
[4.912s] -- Installing: /home/cyber/ros2_ws/install/temperature_sensor/share/temperature_sensor/environment/path.dsv
[4.912s] -- Up-to-date: /home/cyber/ros2_ws/install/temperature_sensor/share/temperature_sensor/local_setup.bash
[4.912s] -- Up-to-date: /home/cyber/ros2_ws/install/temperature_sensor/share/temperature_sensor/local_setup.sh
[4.912s] -- Up-to-date: /home/cyber/ros2_ws/install/temperature_sensor/share/temperature_sensor/local_setup.zsh
[4.912s] -- Installing: /home/cyber/ros2_ws/install/temperature_sensor/share/temperature_sensor/local_setup.dsv
[4.912s] -- Installing: /home/cyber/ros2_ws/install/temperature_sensor/share/temperature_sensor/package.dsv
[4.912s] -- Up-to-date: /home/cyber/ros2_ws/install/temperature_sensor/share/ament_index/resource_index/packages/temperature_sensor
[4.912s] -- Up-to-date: /home/cyber/ros2_ws/install/temperature_sensor/share/temperature_sensor/cmake/temperature_sensorConfig.cmake
[4.912s] -- Up-to-date: /home/cyber/ros2_ws/install/temperature_sensor/share/temperature_sensor/cmake/temperature_sensorConfig-version.cmake
[4.912s] -- Up-to-date: /home/cyber/ros2_ws/install/temperature_sensor/share/temperature_sensor/package.xml
[4.914s] Invoked command in '/home/cyber/ros2_ws/build/temperature_sensor' returned '0': CMAKE_PREFIX_PATH=/opt/ros/humble /usr/bin/cmake --install /home/cyber/ros2_ws/build/temperature_sensor
