[0.360s] Invoking command in '/home/cyber/ros2_ws/build/sensor_package': CMAKE_PREFIX_PATH=${CMAKE_PREFIX_PATH}:/home/cyber/ros2_ws/install/plot_sensor_data:/opt/ros/humble /usr/bin/cmake /home/cyber/ros2_ws/src/sensor_package -DCMAKE_INSTALL_PREFIX=/home/cyber/ros2_ws/install/sensor_package
[0.585s] -- The C compiler identification is GNU 11.4.0
[0.768s] -- The CXX compiler identification is GNU 11.4.0
[0.785s] -- Detecting C compiler ABI info
[0.988s] -- Detecting C compiler ABI info - done
[1.010s] -- Check for working C compiler: /usr/bin/cc - skipped
[1.011s] -- Detecting C compile features
[1.027s] -- Detecting C compile features - done
[1.034s] -- Detecting CXX compiler ABI info
[1.225s] -- Detecting CXX compiler ABI info - done
[1.283s] -- Check for working CXX compiler: /usr/bin/c++ - skipped
[1.284s] -- Detecting CXX compile features
[1.285s] -- Detecting CXX compile features - done
[1.288s] -- Found ament_cmake: 1.3.9 (/opt/ros/humble/share/ament_cmake/cmake)
[2.196s] -- Found Python3: /usr/bin/python3 (found version "3.10.12") found components: Interpreter 
[2.457s] -- Found rclcpp: 16.0.9 (/opt/ros/humble/share/rclcpp/cmake)
[2.624s] -- Found rosidl_generator_c: 3.1.5 (/opt/ros/humble/share/rosidl_generator_c/cmake)
[2.636s] -- Found rosidl_adapter: 3.1.5 (/opt/ros/humble/share/rosidl_adapter/cmake)
[2.655s] -- Found rosidl_generator_cpp: 3.1.5 (/opt/ros/humble/share/rosidl_generator_cpp/cmake)
[2.689s] -- Using all available rosidl_typesupport_c: rosidl_typesupport_fastrtps_c;rosidl_typesupport_introspection_c
[2.739s] -- Using all available rosidl_typesupport_cpp: rosidl_typesupport_fastrtps_cpp;rosidl_typesupport_introspection_cpp
[2.919s] -- Found rmw_implementation_cmake: 6.1.2 (/opt/ros/humble/share/rmw_implementation_cmake/cmake)
[2.927s] -- Found rmw_fastrtps_cpp: 6.2.6 (/opt/ros/humble/share/rmw_fastrtps_cpp/cmake)
[3.279s] -- Found OpenSSL: /usr/lib/x86_64-linux-gnu/libcrypto.so (found version "3.0.2")  
[3.330s] -- Found FastRTPS: /opt/ros/humble/include  
[3.436s] -- Using RMW implementation 'rmw_fastrtps_cpp' as default
[3.451s] -- Looking for pthread.h
[3.599s] -- Looking for pthread.h - found
[3.600s] -- Performing Test CMAKE_HAVE_LIBC_PTHREAD
[3.714s] -- Performing Test CMAKE_HAVE_LIBC_PTHREAD - Success
[3.716s] -- Found Threads: TRUE  
[3.992s] -- Found sensor_msgs: 4.2.4 (/opt/ros/humble/share/sensor_msgs/cmake)
[4.203s] -- Found ament_lint_auto: 0.12.11 (/opt/ros/humble/share/ament_lint_auto/cmake)
[4.323s] -- Added test 'cppcheck' to perform static code analysis on C / C++ code
[4.324s] -- Configured cppcheck include dirs: /home/cyber/ros2_ws/src/sensor_package/include
[4.324s] -- Configured cppcheck exclude dirs and/or files: 
[4.345s] -- Added test 'flake8' to check Python code syntax and style conventions
[4.347s] -- Added test 'lint_cmake' to check CMake code style
[4.348s] -- Added test 'pep257' to check Python code against some of the docstring style conventions in PEP 257
[4.350s] -- Added test 'uncrustify' to check C / C++ code style
[4.350s] -- Configured uncrustify additional arguments: 
[4.351s] -- Added test 'xmllint' to check XML markup files
[4.359s] -- Configuring done
[4.391s] -- Generating done
[4.394s] -- Build files have been written to: /home/cyber/ros2_ws/build/sensor_package
[4.408s] Invoked command in '/home/cyber/ros2_ws/build/sensor_package' returned '0': CMAKE_PREFIX_PATH=${CMAKE_PREFIX_PATH}:/home/cyber/ros2_ws/install/plot_sensor_data:/opt/ros/humble /usr/bin/cmake /home/cyber/ros2_ws/src/sensor_package -DCMAKE_INSTALL_PREFIX=/home/cyber/ros2_ws/install/sensor_package
[4.411s] Invoking command in '/home/cyber/ros2_ws/build/sensor_package': CMAKE_PREFIX_PATH=${CMAKE_PREFIX_PATH}:/home/cyber/ros2_ws/install/plot_sensor_data:/opt/ros/humble /usr/bin/cmake --build /home/cyber/ros2_ws/build/sensor_package -- -j4 -l4
[4.503s] [ 16%] [32mBuilding CXX object CMakeFiles/temperature_publisher.dir/src/temperature_publisher.cpp.o[0m
[4.506s] [ 33%] [32mBuilding CXX object CMakeFiles/humidity_publisher.dir/src/humidity_publisher.cpp.o[0m
[4.508s] [ 50%] [32mBuilding CXX object CMakeFiles/pressure_publisher.dir/src/pressure_publisher.cpp.o[0m
[18.008s] [100%] [32m[1mLinking CXX executable pressure_publisher[0m
[18.008s] [100%] [32m[1mLinking CXX executable humidity_publisher[0m
[18.009s] [100%] [32m[1mLinking CXX executable temperature_publisher[0m
[19.465s] [100%] Built target pressure_publisher
[19.477s] [100%] Built target humidity_publisher
[19.481s] [100%] Built target temperature_publisher
[19.498s] Invoked command in '/home/cyber/ros2_ws/build/sensor_package' returned '0': CMAKE_PREFIX_PATH=${CMAKE_PREFIX_PATH}:/home/cyber/ros2_ws/install/plot_sensor_data:/opt/ros/humble /usr/bin/cmake --build /home/cyber/ros2_ws/build/sensor_package -- -j4 -l4
[19.560s] Invoking command in '/home/cyber/ros2_ws/build/sensor_package': CMAKE_PREFIX_PATH=${CMAKE_PREFIX_PATH}:/home/cyber/ros2_ws/install/plot_sensor_data:/opt/ros/humble /usr/bin/cmake --install /home/cyber/ros2_ws/build/sensor_package
[19.572s] -- Install configuration: ""
[19.572s] -- Installing: /home/cyber/ros2_ws/install/sensor_package/lib/sensor_package/temperature_publisher
[19.574s] -- Set runtime path of "/home/cyber/ros2_ws/install/sensor_package/lib/sensor_package/temperature_publisher" to ""
[19.574s] -- Installing: /home/cyber/ros2_ws/install/sensor_package/lib/sensor_package/pressure_publisher
[19.576s] -- Set runtime path of "/home/cyber/ros2_ws/install/sensor_package/lib/sensor_package/pressure_publisher" to ""
[19.576s] -- Installing: /home/cyber/ros2_ws/install/sensor_package/lib/sensor_package/humidity_publisher
[19.577s] -- Set runtime path of "/home/cyber/ros2_ws/install/sensor_package/lib/sensor_package/humidity_publisher" to ""
[19.578s] -- Installing: /home/cyber/ros2_ws/install/sensor_package/share/sensor_package/launch
[19.578s] -- Installing: /home/cyber/ros2_ws/install/sensor_package/share/sensor_package/launch/sensor_launch.py
[19.578s] -- Installing: /home/cyber/ros2_ws/install/sensor_package/share/ament_index/resource_index/package_run_dependencies/sensor_package
[19.578s] -- Installing: /home/cyber/ros2_ws/install/sensor_package/share/ament_index/resource_index/parent_prefix_path/sensor_package
[19.578s] -- Installing: /home/cyber/ros2_ws/install/sensor_package/share/sensor_package/environment/ament_prefix_path.sh
[19.596s] -- Installing: /home/cyber/ros2_ws/install/sensor_package/share/sensor_package/environment/ament_prefix_path.dsv
[19.596s] -- Installing: /home/cyber/ros2_ws/install/sensor_package/share/sensor_package/environment/path.sh
[19.596s] -- Installing: /home/cyber/ros2_ws/install/sensor_package/share/sensor_package/environment/path.dsv
[19.597s] -- Installing: /home/cyber/ros2_ws/install/sensor_package/share/sensor_package/local_setup.bash
[19.597s] -- Installing: /home/cyber/ros2_ws/install/sensor_package/share/sensor_package/local_setup.sh
[19.597s] -- Installing: /home/cyber/ros2_ws/install/sensor_package/share/sensor_package/local_setup.zsh
[19.597s] -- Installing: /home/cyber/ros2_ws/install/sensor_package/share/sensor_package/local_setup.dsv
[19.597s] -- Installing: /home/cyber/ros2_ws/install/sensor_package/share/sensor_package/package.dsv
[19.598s] -- Installing: /home/cyber/ros2_ws/install/sensor_package/share/ament_index/resource_index/packages/sensor_package
[19.598s] -- Installing: /home/cyber/ros2_ws/install/sensor_package/share/sensor_package/cmake/sensor_packageConfig.cmake
[19.598s] -- Installing: /home/cyber/ros2_ws/install/sensor_package/share/sensor_package/cmake/sensor_packageConfig-version.cmake
[19.598s] -- Installing: /home/cyber/ros2_ws/install/sensor_package/share/sensor_package/package.xml
[19.616s] Invoked command in '/home/cyber/ros2_ws/build/sensor_package' returned '0': CMAKE_PREFIX_PATH=${CMAKE_PREFIX_PATH}:/home/cyber/ros2_ws/install/plot_sensor_data:/opt/ros/humble /usr/bin/cmake --install /home/cyber/ros2_ws/build/sensor_package
