[0.365s] Invoking command in '/home/cyber/ros2_ws/build/rosbridge_server_launch': CMAKE_PREFIX_PATH=${CMAKE_PREFIX_PATH}:/home/cyber/ros2_ws/install/plot_sensor_data:/opt/ros/humble /usr/bin/cmake --build /home/cyber/ros2_ws/build/rosbridge_server_launch -- -j4 -l4
[0.448s] Invoked command in '/home/cyber/ros2_ws/build/rosbridge_server_launch' returned '0': CMAKE_PREFIX_PATH=${CMAKE_PREFIX_PATH}:/home/cyber/ros2_ws/install/plot_sensor_data:/opt/ros/humble /usr/bin/cmake --build /home/cyber/ros2_ws/build/rosbridge_server_launch -- -j4 -l4
[0.561s] Invoking command in '/home/cyber/ros2_ws/build/rosbridge_server_launch': CMAKE_PREFIX_PATH=${CMAKE_PREFIX_PATH}:/home/cyber/ros2_ws/install/plot_sensor_data:/opt/ros/humble /usr/bin/cmake --install /home/cyber/ros2_ws/build/rosbridge_server_launch
[0.576s] -- Install configuration: ""
[0.577s] -- Up-to-date: /home/cyber/ros2_ws/install/rosbridge_server_launch/share/rosbridge_server_launch//launch
[0.577s] -- Up-to-date: /home/cyber/ros2_ws/install/rosbridge_server_launch/share/rosbridge_server_launch//launch/rosbridge_server_launch.py
[0.577s] -- Up-to-date: /home/cyber/ros2_ws/install/rosbridge_server_launch/share/ament_index/resource_index/package_run_dependencies/rosbridge_server_launch
[0.577s] -- Up-to-date: /home/cyber/ros2_ws/install/rosbridge_server_launch/share/ament_index/resource_index/parent_prefix_path/rosbridge_server_launch
[0.577s] -- Up-to-date: /home/cyber/ros2_ws/install/rosbridge_server_launch/share/rosbridge_server_launch/environment/ament_prefix_path.sh
[0.578s] -- Up-to-date: /home/cyber/ros2_ws/install/rosbridge_server_launch/share/rosbridge_server_launch/environment/ament_prefix_path.dsv
[0.578s] -- Up-to-date: /home/cyber/ros2_ws/install/rosbridge_server_launch/share/rosbridge_server_launch/environment/path.sh
[0.578s] -- Up-to-date: /home/cyber/ros2_ws/install/rosbridge_server_launch/share/rosbridge_server_launch/environment/path.dsv
[0.578s] -- Up-to-date: /home/cyber/ros2_ws/install/rosbridge_server_launch/share/rosbridge_server_launch/local_setup.bash
[0.578s] -- Up-to-date: /home/cyber/ros2_ws/install/rosbridge_server_launch/share/rosbridge_server_launch/local_setup.sh
[0.578s] -- Up-to-date: /home/cyber/ros2_ws/install/rosbridge_server_launch/share/rosbridge_server_launch/local_setup.zsh
[0.578s] -- Up-to-date: /home/cyber/ros2_ws/install/rosbridge_server_launch/share/rosbridge_server_launch/local_setup.dsv
[0.579s] -- Installing: /home/cyber/ros2_ws/install/rosbridge_server_launch/share/rosbridge_server_launch/package.dsv
[0.579s] -- Up-to-date: /home/cyber/ros2_ws/install/rosbridge_server_launch/share/ament_index/resource_index/packages/rosbridge_server_launch
[0.579s] -- Up-to-date: /home/cyber/ros2_ws/install/rosbridge_server_launch/share/rosbridge_server_launch/cmake/rosbridge_server_launchConfig.cmake
[0.579s] -- Up-to-date: /home/cyber/ros2_ws/install/rosbridge_server_launch/share/rosbridge_server_launch/cmake/rosbridge_server_launchConfig-version.cmake
[0.579s] -- Up-to-date: /home/cyber/ros2_ws/install/rosbridge_server_launch/share/rosbridge_server_launch/package.xml
[0.588s] Invoked command in '/home/cyber/ros2_ws/build/rosbridge_server_launch' returned '0': CMAKE_PREFIX_PATH=${CMAKE_PREFIX_PATH}:/home/cyber/ros2_ws/install/plot_sensor_data:/opt/ros/humble /usr/bin/cmake --install /home/cyber/ros2_ws/build/rosbridge_server_launch
