[1.800s] Invoking command in '/home/cyber/ros2_ws/src/plot_sensor_data': PYTHONPATH=/home/cyber/ros2_ws/build/plot_sensor_data/prefix_override:/home/cyber/ros2_ws/install/plot_sensor_data/lib/python3.10/site-packages:${PYTHONPATH} /usr/bin/python3 -W ignore:setup.py install is deprecated setup.py egg_info --egg-base ../../build/plot_sensor_data build --build-base /home/cyber/ros2_ws/build/plot_sensor_data/build install --record /home/cyber/ros2_ws/build/plot_sensor_data/install.log --single-version-externally-managed install_data
[2.496s] running egg_info
[2.497s] creating ../../build/plot_sensor_data/plot_sensor_data.egg-info
[2.540s] writing ../../build/plot_sensor_data/plot_sensor_data.egg-info/PKG-INFO
[2.540s] writing dependency_links to ../../build/plot_sensor_data/plot_sensor_data.egg-info/dependency_links.txt
[2.541s] writing entry points to ../../build/plot_sensor_data/plot_sensor_data.egg-info/entry_points.txt
[2.541s] writing requirements to ../../build/plot_sensor_data/plot_sensor_data.egg-info/requires.txt
[2.541s] writing top-level names to ../../build/plot_sensor_data/plot_sensor_data.egg-info/top_level.txt
[2.775s] writing manifest file '../../build/plot_sensor_data/plot_sensor_data.egg-info/SOURCES.txt'
[2.871s] reading manifest file '../../build/plot_sensor_data/plot_sensor_data.egg-info/SOURCES.txt'
[2.872s] writing manifest file '../../build/plot_sensor_data/plot_sensor_data.egg-info/SOURCES.txt'
[2.873s] running build
[2.873s] running build_py
[2.873s] creating /home/cyber/ros2_ws/build/plot_sensor_data/build
[2.873s] creating /home/cyber/ros2_ws/build/plot_sensor_data/build/lib
[2.873s] creating /home/cyber/ros2_ws/build/plot_sensor_data/build/lib/plot_sensor_data
[2.873s] copying plot_sensor_data/__init__.py -> /home/cyber/ros2_ws/build/plot_sensor_data/build/lib/plot_sensor_data
[2.874s] copying plot_sensor_data/plot_node.py -> /home/cyber/ros2_ws/build/plot_sensor_data/build/lib/plot_sensor_data
[2.874s] running install
[2.890s] running install_lib
[2.935s] creating /home/cyber/ros2_ws/install/plot_sensor_data/lib/python3.10/site-packages/plot_sensor_data
[2.935s] copying /home/cyber/ros2_ws/build/plot_sensor_data/build/lib/plot_sensor_data/__init__.py -> /home/cyber/ros2_ws/install/plot_sensor_data/lib/python3.10/site-packages/plot_sensor_data
[2.935s] copying /home/cyber/ros2_ws/build/plot_sensor_data/build/lib/plot_sensor_data/plot_node.py -> /home/cyber/ros2_ws/install/plot_sensor_data/lib/python3.10/site-packages/plot_sensor_data
[2.937s] byte-compiling /home/cyber/ros2_ws/install/plot_sensor_data/lib/python3.10/site-packages/plot_sensor_data/__init__.py to __init__.cpython-310.pyc
[2.937s] byte-compiling /home/cyber/ros2_ws/install/plot_sensor_data/lib/python3.10/site-packages/plot_sensor_data/plot_node.py to plot_node.cpython-310.pyc
[2.940s] running install_data
[2.940s] creating /home/cyber/ros2_ws/install/plot_sensor_data/share/ament_index
[2.940s] creating /home/cyber/ros2_ws/install/plot_sensor_data/share/ament_index/resource_index
[2.941s] creating /home/cyber/ros2_ws/install/plot_sensor_data/share/ament_index/resource_index/packages
[2.941s] copying resource/plot_sensor_data -> /home/cyber/ros2_ws/install/plot_sensor_data/share/ament_index/resource_index/packages
[2.941s] copying package.xml -> /home/cyber/ros2_ws/install/plot_sensor_data/share/plot_sensor_data
[2.942s] creating /home/cyber/ros2_ws/install/plot_sensor_data/share/plot_sensor_data/launch
[2.942s] copying launch/plot_launch.py -> /home/cyber/ros2_ws/install/plot_sensor_data/share/plot_sensor_data/launch
[2.942s] running install_egg_info
[2.995s] Copying ../../build/plot_sensor_data/plot_sensor_data.egg-info to /home/cyber/ros2_ws/install/plot_sensor_data/lib/python3.10/site-packages/plot_sensor_data-0.0.0-py3.10.egg-info
[2.997s] running install_scripts
[3.105s] Installing plot_node script to /home/cyber/ros2_ws/install/plot_sensor_data/lib/plot_sensor_data
[3.106s] writing list of installed files to '/home/cyber/ros2_ws/build/plot_sensor_data/install.log'
[3.152s] Invoked command in '/home/cyber/ros2_ws/src/plot_sensor_data' returned '0': PYTHONPATH=/home/cyber/ros2_ws/build/plot_sensor_data/prefix_override:/home/cyber/ros2_ws/install/plot_sensor_data/lib/python3.10/site-packages:${PYTHONPATH} /usr/bin/python3 -W ignore:setup.py install is deprecated setup.py egg_info --egg-base ../../build/plot_sensor_data build --build-base /home/cyber/ros2_ws/build/plot_sensor_data/build install --record /home/cyber/ros2_ws/build/plot_sensor_data/install.log --single-version-externally-managed install_data
