[100%] Built target sensor_subscriber
-- Install configuration: ""
-- Up-to-date: /home/cyber/ros2_ws/install/data_processor/lib/data_processor/sensor_subscriber
-- Up-to-date: /home/cyber/ros2_ws/install/data_processor/share/data_processor/launch
-- Up-to-date: /home/cyber/ros2_ws/install/data_processor/share/data_processor/launch/data_launch.py
-- Up-to-date: /home/cyber/ros2_ws/install/data_processor/share/data_processor/package.xml
-- Up-to-date: /home/cyber/ros2_ws/install/data_processor/share/ament_index/resource_index/package_run_dependencies/data_processor
-- Up-to-date: /home/cyber/ros2_ws/install/data_processor/share/ament_index/resource_index/parent_prefix_path/data_processor
-- Up-to-date: /home/cyber/ros2_ws/install/data_processor/share/data_processor/environment/ament_prefix_path.sh
-- Up-to-date: /home/cyber/ros2_ws/install/data_processor/share/data_processor/environment/ament_prefix_path.dsv
-- Up-to-date: /home/cyber/ros2_ws/install/data_processor/share/data_processor/environment/path.sh
-- Up-to-date: /home/cyber/ros2_ws/install/data_processor/share/data_processor/environment/path.dsv
-- Up-to-date: /home/cyber/ros2_ws/install/data_processor/share/data_processor/local_setup.bash
-- Up-to-date: /home/cyber/ros2_ws/install/data_processor/share/data_processor/local_setup.sh
-- Up-to-date: /home/cyber/ros2_ws/install/data_processor/share/data_processor/local_setup.zsh
-- Up-to-date: /home/cyber/ros2_ws/install/data_processor/share/data_processor/local_setup.dsv
-- Up-to-date: /home/cyber/ros2_ws/install/data_processor/share/data_processor/package.dsv
-- Up-to-date: /home/cyber/ros2_ws/install/data_processor/share/ament_index/resource_index/packages/data_processor
-- Up-to-date: /home/cyber/ros2_ws/install/data_processor/share/data_processor/cmake/data_processorConfig.cmake
-- Up-to-date: /home/cyber/ros2_ws/install/data_processor/share/data_processor/cmake/data_processorConfig-version.cmake
-- Up-to-date: /home/cyber/ros2_ws/install/data_processor/share/data_processor/package.xml
