[0.181s] DEBUG:colcon:Command line arguments: ['/usr/bin/colcon', 'list', '-p', '--base-paths', '/home/cyber/ros2_ws']
[0.182s] DEBUG:colcon:Parsed command line arguments: Namespace(log_base=None, log_level=None, verb_name='list', build_base='build', ignore_user_meta=False, metas=['./colcon.meta'], base_paths=['/home/cyber/ros2_ws'], packages_ignore=None, packages_ignore_regex=None, paths=None, packages_up_to=None, packages_up_to_regex=None, packages_above=None, packages_above_and_dependencies=None, packages_above_depth=None, packages_select_by_dep=None, packages_skip_by_dep=None, packages_skip_up_to=None, packages_select_build_failed=False, packages_skip_build_finished=False, packages_select_test_failures=False, packages_skip_test_passed=False, packages_select=None, packages_skip=None, packages_select_regex=None, packages_skip_regex=None, packages_start=None, packages_end=None, allow_overriding=[], topological_order=False, names_only=False, paths_only=True, topological_graph=False, topological_graph_dot=False, topological_graph_density=False, topological_graph_legend=False, topological_graph_dot_cluster=False, topological_graph_dot_include_skipped=False, mixin_files=None, mixin=None, verb_parser=<colcon_mixin.mixin.mixin_argument.MixinArgumentDecorator object at 0x727c3680c0a0>, verb_extension=<colcon_package_information.verb.list.ListVerb object at 0x727c367d70d0>, main=<bound method ListVerb.main of <colcon_package_information.verb.list.ListVerb object at 0x727c367d70d0>>, mixin_verb=('list',))
[0.249s] Level 1:colcon.colcon_core.package_discovery:discover_packages(colcon_meta) check parameters
[0.249s] Level 1:colcon.colcon_core.package_discovery:discover_packages(recursive) check parameters
[0.249s] Level 1:colcon.colcon_core.package_discovery:discover_packages(ignore) check parameters
[0.249s] Level 1:colcon.colcon_core.package_discovery:discover_packages(path) check parameters
[0.250s] Level 1:colcon.colcon_core.package_discovery:discover_packages(recursive) discover
[0.250s] INFO:colcon.colcon_core.package_discovery:Crawling recursively for packages in '/home/cyber/ros2_ws'
[0.250s] Level 1:colcon.colcon_core.package_identification:_identify(/home/cyber/ros2_ws) by extensions ['ignore', 'ignore_ament_install']
[0.250s] Level 1:colcon.colcon_core.package_identification:_identify(/home/cyber/ros2_ws) by extension 'ignore'
[0.250s] Level 1:colcon.colcon_core.package_identification:_identify(/home/cyber/ros2_ws) by extension 'ignore_ament_install'
[0.250s] Level 1:colcon.colcon_core.package_identification:_identify(/home/cyber/ros2_ws) by extensions ['colcon_pkg']
[0.250s] Level 1:colcon.colcon_core.package_identification:_identify(/home/cyber/ros2_ws) by extension 'colcon_pkg'
[0.250s] Level 1:colcon.colcon_core.package_identification:_identify(/home/cyber/ros2_ws) by extensions ['colcon_meta']
[0.250s] Level 1:colcon.colcon_core.package_identification:_identify(/home/cyber/ros2_ws) by extension 'colcon_meta'
[0.250s] Level 1:colcon.colcon_core.package_identification:_identify(/home/cyber/ros2_ws) by extensions ['ros']
[0.250s] Level 1:colcon.colcon_core.package_identification:_identify(/home/cyber/ros2_ws) by extension 'ros'
[0.288s] Level 1:colcon.colcon_core.package_identification:_identify(/home/cyber/ros2_ws) by extensions ['cmake', 'python']
[0.288s] Level 1:colcon.colcon_core.package_identification:_identify(/home/cyber/ros2_ws) by extension 'cmake'
[0.289s] Level 1:colcon.colcon_core.package_identification:_identify(/home/cyber/ros2_ws) by extension 'python'
[0.289s] Level 1:colcon.colcon_core.package_identification:_identify(/home/cyber/ros2_ws) by extensions ['python_setup_py']
[0.289s] Level 1:colcon.colcon_core.package_identification:_identify(/home/cyber/ros2_ws) by extension 'python_setup_py'
[0.289s] Level 1:colcon.colcon_core.package_identification:_identify(/home/cyber/ros2_ws/build) by extensions ['ignore', 'ignore_ament_install']
[0.289s] Level 1:colcon.colcon_core.package_identification:_identify(/home/cyber/ros2_ws/build) by extension 'ignore'
[0.289s] Level 1:colcon.colcon_core.package_identification:_identify(/home/cyber/ros2_ws/build) ignored
[0.290s] Level 1:colcon.colcon_core.package_identification:_identify(/home/cyber/ros2_ws/install) by extensions ['ignore', 'ignore_ament_install']
[0.290s] Level 1:colcon.colcon_core.package_identification:_identify(/home/cyber/ros2_ws/install) by extension 'ignore'
[0.290s] Level 1:colcon.colcon_core.package_identification:_identify(/home/cyber/ros2_ws/install) ignored
[0.290s] Level 1:colcon.colcon_core.package_identification:_identify(/home/cyber/ros2_ws/log) by extensions ['ignore', 'ignore_ament_install']
[0.290s] Level 1:colcon.colcon_core.package_identification:_identify(/home/cyber/ros2_ws/log) by extension 'ignore'
[0.291s] Level 1:colcon.colcon_core.package_identification:_identify(/home/cyber/ros2_ws/log) ignored
[0.291s] Level 1:colcon.colcon_core.package_identification:_identify(/home/cyber/ros2_ws/src) by extensions ['ignore', 'ignore_ament_install']
[0.291s] Level 1:colcon.colcon_core.package_identification:_identify(/home/cyber/ros2_ws/src) by extension 'ignore'
[0.291s] Level 1:colcon.colcon_core.package_identification:_identify(/home/cyber/ros2_ws/src) by extension 'ignore_ament_install'
[0.291s] Level 1:colcon.colcon_core.package_identification:_identify(/home/cyber/ros2_ws/src) by extensions ['colcon_pkg']
[0.291s] Level 1:colcon.colcon_core.package_identification:_identify(/home/cyber/ros2_ws/src) by extension 'colcon_pkg'
[0.291s] Level 1:colcon.colcon_core.package_identification:_identify(/home/cyber/ros2_ws/src) by extensions ['colcon_meta']
[0.291s] Level 1:colcon.colcon_core.package_identification:_identify(/home/cyber/ros2_ws/src) by extension 'colcon_meta'
[0.292s] Level 1:colcon.colcon_core.package_identification:_identify(/home/cyber/ros2_ws/src) by extensions ['ros']
[0.292s] Level 1:colcon.colcon_core.package_identification:_identify(/home/cyber/ros2_ws/src) by extension 'ros'
[0.292s] Level 1:colcon.colcon_core.package_identification:_identify(/home/cyber/ros2_ws/src) by extensions ['cmake', 'python']
[0.292s] Level 1:colcon.colcon_core.package_identification:_identify(/home/cyber/ros2_ws/src) by extension 'cmake'
[0.292s] Level 1:colcon.colcon_core.package_identification:_identify(/home/cyber/ros2_ws/src) by extension 'python'
[0.292s] Level 1:colcon.colcon_core.package_identification:_identify(/home/cyber/ros2_ws/src) by extensions ['python_setup_py']
[0.292s] Level 1:colcon.colcon_core.package_identification:_identify(/home/cyber/ros2_ws/src) by extension 'python_setup_py'
[0.292s] Level 1:colcon.colcon_core.package_identification:_identify(/home/cyber/ros2_ws/src/data_processor) by extensions ['ignore', 'ignore_ament_install']
[0.293s] Level 1:colcon.colcon_core.package_identification:_identify(/home/cyber/ros2_ws/src/data_processor) by extension 'ignore'
[0.293s] Level 1:colcon.colcon_core.package_identification:_identify(/home/cyber/ros2_ws/src/data_processor) by extension 'ignore_ament_install'
[0.293s] Level 1:colcon.colcon_core.package_identification:_identify(/home/cyber/ros2_ws/src/data_processor) by extensions ['colcon_pkg']
[0.293s] Level 1:colcon.colcon_core.package_identification:_identify(/home/cyber/ros2_ws/src/data_processor) by extension 'colcon_pkg'
[0.293s] Level 1:colcon.colcon_core.package_identification:_identify(/home/cyber/ros2_ws/src/data_processor) by extensions ['colcon_meta']
[0.293s] Level 1:colcon.colcon_core.package_identification:_identify(/home/cyber/ros2_ws/src/data_processor) by extension 'colcon_meta'
[0.293s] Level 1:colcon.colcon_core.package_identification:_identify(/home/cyber/ros2_ws/src/data_processor) by extensions ['ros']
[0.293s] Level 1:colcon.colcon_core.package_identification:_identify(/home/cyber/ros2_ws/src/data_processor) by extension 'ros'
[0.299s] DEBUG:colcon.colcon_core.package_identification:Package '/home/cyber/ros2_ws/src/data_processor' with type 'ros.ament_cmake' and name 'data_processor'
[0.299s] Level 1:colcon.colcon_core.package_identification:_identify(/home/cyber/ros2_ws/src/sensor_package) by extensions ['ignore', 'ignore_ament_install']
[0.299s] Level 1:colcon.colcon_core.package_identification:_identify(/home/cyber/ros2_ws/src/sensor_package) by extension 'ignore'
[0.299s] Level 1:colcon.colcon_core.package_identification:_identify(/home/cyber/ros2_ws/src/sensor_package) by extension 'ignore_ament_install'
[0.299s] Level 1:colcon.colcon_core.package_identification:_identify(/home/cyber/ros2_ws/src/sensor_package) by extensions ['colcon_pkg']
[0.299s] Level 1:colcon.colcon_core.package_identification:_identify(/home/cyber/ros2_ws/src/sensor_package) by extension 'colcon_pkg'
[0.299s] Level 1:colcon.colcon_core.package_identification:_identify(/home/cyber/ros2_ws/src/sensor_package) by extensions ['colcon_meta']
[0.299s] Level 1:colcon.colcon_core.package_identification:_identify(/home/cyber/ros2_ws/src/sensor_package) by extension 'colcon_meta'
[0.300s] Level 1:colcon.colcon_core.package_identification:_identify(/home/cyber/ros2_ws/src/sensor_package) by extensions ['ros']
[0.300s] Level 1:colcon.colcon_core.package_identification:_identify(/home/cyber/ros2_ws/src/sensor_package) by extension 'ros'
[0.300s] DEBUG:colcon.colcon_core.package_identification:Package '/home/cyber/ros2_ws/src/sensor_package' with type 'ros.ament_cmake' and name 'sensor_package'
[0.301s] Level 1:colcon.colcon_core.package_discovery:discover_packages(recursive) using defaults
