-- Found ament_cmake: 1.3.9 (/opt/ros/humble/share/ament_cmake/cmake)
-- Found ament_lint_auto: 0.12.11 (/opt/ros/humble/share/ament_lint_auto/cmake)
-- Added test 'cppcheck' to perform static code analysis on C / C++ code
-- Configured cppcheck include dirs: 
-- Configured cppcheck exclude dirs and/or files: 
-- Added test 'flake8' to check Python code syntax and style conventions
-- Added test 'lint_cmake' to check CMake code style
-- Added test 'pep257' to check Python code against some of the docstring style conventions in PEP 257
-- Added test 'uncrustify' to check C / C++ code style
-- Configured uncrustify additional arguments: 
-- Added test 'xmllint' to check XML markup files
-- Configuring done
-- Generating done
-- Build files have been written to: /home/cyber/ros2_ws/build/data_processor
-- Install configuration: ""
-- Up-to-date: /home/cyber/ros2_ws/install/data_processor/share/ament_index/resource_index/package_run_dependencies/data_processor
-- Up-to-date: /home/cyber/ros2_ws/install/data_processor/share/ament_index/resource_index/parent_prefix_path/data_processor
-- Installing: /home/cyber/ros2_ws/install/data_processor/share/data_processor/environment/ament_prefix_path.sh
-- Installing: /home/cyber/ros2_ws/install/data_processor/share/data_processor/environment/ament_prefix_path.dsv
-- Installing: /home/cyber/ros2_ws/install/data_processor/share/data_processor/environment/path.sh
-- Installing: /home/cyber/ros2_ws/install/data_processor/share/data_processor/environment/path.dsv
-- Up-to-date: /home/cyber/ros2_ws/install/data_processor/share/data_processor/local_setup.bash
-- Up-to-date: /home/cyber/ros2_ws/install/data_processor/share/data_processor/local_setup.sh
-- Up-to-date: /home/cyber/ros2_ws/install/data_processor/share/data_processor/local_setup.zsh
-- Installing: /home/cyber/ros2_ws/install/data_processor/share/data_processor/local_setup.dsv
-- Installing: /home/cyber/ros2_ws/install/data_processor/share/data_processor/package.dsv
-- Up-to-date: /home/cyber/ros2_ws/install/data_processor/share/ament_index/resource_index/packages/data_processor
-- Up-to-date: /home/cyber/ros2_ws/install/data_processor/share/data_processor/cmake/data_processorConfig.cmake
-- Up-to-date: /home/cyber/ros2_ws/install/data_processor/share/data_processor/cmake/data_processorConfig-version.cmake
-- Up-to-date: /home/cyber/ros2_ws/install/data_processor/share/data_processor/package.xml
