[0.042s] Invoking command in '/home/cyber/ros2_ws/build/data_processor': CMAKE_PREFIX_PATH=/opt/ros/humble /usr/bin/cmake --build /home/cyber/ros2_ws/build/data_processor -- -j4 -l4
[0.227s] -- Found ament_cmake: 1.3.9 (/opt/ros/humble/share/ament_cmake/cmake)
[0.711s] -- Found ament_lint_auto: 0.12.11 (/opt/ros/humble/share/ament_lint_auto/cmake)
[0.866s] -- Added test 'cppcheck' to perform static code analysis on C / C++ code
[0.867s] -- Configured cppcheck include dirs: 
[0.867s] -- Configured cppcheck exclude dirs and/or files: 
[0.868s] -- Added test 'flake8' to check Python code syntax and style conventions
[0.868s] -- Added test 'lint_cmake' to check CMake code style
[0.869s] -- Added test 'pep257' to check Python code against some of the docstring style conventions in PEP 257
[0.870s] -- Added test 'uncrustify' to check C / C++ code style
[0.870s] -- Configured uncrustify additional arguments: 
[0.871s] -- Added test 'xmllint' to check XML markup files
[0.873s] -- Configuring done
[0.876s] -- Generating done
[0.879s] -- Build files have been written to: /home/cyber/ros2_ws/build/data_processor
[0.909s] Invoked command in '/home/cyber/ros2_ws/build/data_processor' returned '0': CMAKE_PREFIX_PATH=/opt/ros/humble /usr/bin/cmake --build /home/cyber/ros2_ws/build/data_processor -- -j4 -l4
[0.943s] Invoking command in '/home/cyber/ros2_ws/build/data_processor': CMAKE_PREFIX_PATH=/opt/ros/humble /usr/bin/cmake --install /home/cyber/ros2_ws/build/data_processor
[0.950s] -- Install configuration: ""
[0.950s] -- Up-to-date: /home/cyber/ros2_ws/install/data_processor/share/ament_index/resource_index/package_run_dependencies/data_processor
[0.950s] -- Up-to-date: /home/cyber/ros2_ws/install/data_processor/share/ament_index/resource_index/parent_prefix_path/data_processor
[0.950s] -- Installing: /home/cyber/ros2_ws/install/data_processor/share/data_processor/environment/ament_prefix_path.sh
[0.950s] -- Installing: /home/cyber/ros2_ws/install/data_processor/share/data_processor/environment/ament_prefix_path.dsv
[0.950s] -- Installing: /home/cyber/ros2_ws/install/data_processor/share/data_processor/environment/path.sh
[0.950s] -- Installing: /home/cyber/ros2_ws/install/data_processor/share/data_processor/environment/path.dsv
[0.951s] -- Up-to-date: /home/cyber/ros2_ws/install/data_processor/share/data_processor/local_setup.bash
[0.951s] -- Up-to-date: /home/cyber/ros2_ws/install/data_processor/share/data_processor/local_setup.sh
[0.951s] -- Up-to-date: /home/cyber/ros2_ws/install/data_processor/share/data_processor/local_setup.zsh
[0.951s] -- Installing: /home/cyber/ros2_ws/install/data_processor/share/data_processor/local_setup.dsv
[0.951s] -- Installing: /home/cyber/ros2_ws/install/data_processor/share/data_processor/package.dsv
[0.951s] -- Up-to-date: /home/cyber/ros2_ws/install/data_processor/share/ament_index/resource_index/packages/data_processor
[0.952s] -- Up-to-date: /home/cyber/ros2_ws/install/data_processor/share/data_processor/cmake/data_processorConfig.cmake
[0.952s] -- Up-to-date: /home/cyber/ros2_ws/install/data_processor/share/data_processor/cmake/data_processorConfig-version.cmake
[0.952s] -- Up-to-date: /home/cyber/ros2_ws/install/data_processor/share/data_processor/package.xml
[0.953s] Invoked command in '/home/cyber/ros2_ws/build/data_processor' returned '0': CMAKE_PREFIX_PATH=/opt/ros/humble /usr/bin/cmake --install /home/cyber/ros2_ws/build/data_processor
