[0.151s] DEBUG:colcon:Command line arguments: ['/usr/bin/colcon', 'build']
[0.151s] DEBUG:colcon:Parsed command line arguments: Namespace(log_base=None, log_level=None, verb_name='build', build_base='build', install_base='install', merge_install=False, symlink_install=False, test_result_base=None, continue_on_error=False, executor='parallel', parallel_workers=4, event_handlers=None, ignore_user_meta=False, metas=['./colcon.meta'], base_paths=['.'], packages_ignore=None, packages_ignore_regex=None, paths=None, packages_up_to=None, packages_up_to_regex=None, packages_above=None, packages_above_and_dependencies=None, packages_above_depth=None, packages_select_by_dep=None, packages_skip_by_dep=None, packages_skip_up_to=None, packages_select_build_failed=False, packages_skip_build_finished=False, packages_select_test_failures=False, packages_skip_test_passed=False, packages_select=None, packages_skip=None, packages_select_regex=None, packages_skip_regex=None, packages_start=None, packages_end=None, allow_overriding=[], cmake_args=None, cmake_target=None, cmake_target_skip_unavailable=False, cmake_clean_cache=False, cmake_clean_first=False, cmake_force_configure=False, ament_cmake_args=None, catkin_cmake_args=None, catkin_skip_building_tests=False, mixin_files=None, mixin=None, verb_parser=<colcon_mixin.mixin.mixin_argument.MixinArgumentDecorator object at 0x739cac733610>, verb_extension=<colcon_core.verb.build.BuildVerb object at 0x739cac732bf0>, main=<bound method BuildVerb.main of <colcon_core.verb.build.BuildVerb object at 0x739cac732bf0>>, mixin_verb=('build',))
[0.180s] Level 1:colcon.colcon_core.package_discovery:discover_packages(colcon_meta) check parameters
[0.180s] Level 1:colcon.colcon_core.package_discovery:discover_packages(recursive) check parameters
[0.180s] Level 1:colcon.colcon_core.package_discovery:discover_packages(ignore) check parameters
[0.180s] Level 1:colcon.colcon_core.package_discovery:discover_packages(path) check parameters
[0.180s] Level 1:colcon.colcon_core.package_discovery:discover_packages(colcon_meta) discover
[0.180s] Level 1:colcon.colcon_core.package_discovery:discover_packages(recursive) discover
[0.180s] INFO:colcon.colcon_core.package_discovery:Crawling recursively for packages in '/home/cyber/ros2_ws'
[0.180s] Level 1:colcon.colcon_core.package_identification:_identify(.) by extensions ['ignore', 'ignore_ament_install']
[0.180s] Level 1:colcon.colcon_core.package_identification:_identify(.) by extension 'ignore'
[0.181s] Level 1:colcon.colcon_core.package_identification:_identify(.) by extension 'ignore_ament_install'
[0.181s] Level 1:colcon.colcon_core.package_identification:_identify(.) by extensions ['colcon_pkg']
[0.181s] Level 1:colcon.colcon_core.package_identification:_identify(.) by extension 'colcon_pkg'
[0.181s] Level 1:colcon.colcon_core.package_identification:_identify(.) by extensions ['colcon_meta']
[0.181s] Level 1:colcon.colcon_core.package_identification:_identify(.) by extension 'colcon_meta'
[0.181s] Level 1:colcon.colcon_core.package_identification:_identify(.) by extensions ['ros']
[0.181s] Level 1:colcon.colcon_core.package_identification:_identify(.) by extension 'ros'
[0.191s] Level 1:colcon.colcon_core.package_identification:_identify(.) by extensions ['cmake', 'python']
[0.191s] Level 1:colcon.colcon_core.package_identification:_identify(.) by extension 'cmake'
[0.191s] Level 1:colcon.colcon_core.package_identification:_identify(.) by extension 'python'
[0.191s] Level 1:colcon.colcon_core.package_identification:_identify(.) by extensions ['python_setup_py']
[0.191s] Level 1:colcon.colcon_core.package_identification:_identify(.) by extension 'python_setup_py'
[0.191s] Level 1:colcon.colcon_core.package_identification:_identify(build) by extensions ['ignore', 'ignore_ament_install']
[0.192s] Level 1:colcon.colcon_core.package_identification:_identify(build) by extension 'ignore'
[0.192s] Level 1:colcon.colcon_core.package_identification:_identify(build) ignored
[0.192s] Level 1:colcon.colcon_core.package_identification:_identify(install) by extensions ['ignore', 'ignore_ament_install']
[0.192s] Level 1:colcon.colcon_core.package_identification:_identify(install) by extension 'ignore'
[0.192s] Level 1:colcon.colcon_core.package_identification:_identify(install) ignored
[0.192s] Level 1:colcon.colcon_core.package_identification:_identify(launch) by extensions ['ignore', 'ignore_ament_install']
[0.192s] Level 1:colcon.colcon_core.package_identification:_identify(launch) by extension 'ignore'
[0.192s] Level 1:colcon.colcon_core.package_identification:_identify(launch) by extension 'ignore_ament_install'
[0.192s] Level 1:colcon.colcon_core.package_identification:_identify(launch) by extensions ['colcon_pkg']
[0.192s] Level 1:colcon.colcon_core.package_identification:_identify(launch) by extension 'colcon_pkg'
[0.192s] Level 1:colcon.colcon_core.package_identification:_identify(launch) by extensions ['colcon_meta']
[0.192s] Level 1:colcon.colcon_core.package_identification:_identify(launch) by extension 'colcon_meta'
[0.192s] Level 1:colcon.colcon_core.package_identification:_identify(launch) by extensions ['ros']
[0.192s] Level 1:colcon.colcon_core.package_identification:_identify(launch) by extension 'ros'
[0.192s] Level 1:colcon.colcon_core.package_identification:_identify(launch) by extensions ['cmake', 'python']
[0.192s] Level 1:colcon.colcon_core.package_identification:_identify(launch) by extension 'cmake'
[0.192s] Level 1:colcon.colcon_core.package_identification:_identify(launch) by extension 'python'
[0.192s] Level 1:colcon.colcon_core.package_identification:_identify(launch) by extensions ['python_setup_py']
[0.192s] Level 1:colcon.colcon_core.package_identification:_identify(launch) by extension 'python_setup_py'
[0.192s] Level 1:colcon.colcon_core.package_identification:_identify(log) by extensions ['ignore', 'ignore_ament_install']
[0.192s] Level 1:colcon.colcon_core.package_identification:_identify(log) by extension 'ignore'
[0.192s] Level 1:colcon.colcon_core.package_identification:_identify(log) ignored
[0.192s] Level 1:colcon.colcon_core.package_identification:_identify(src) by extensions ['ignore', 'ignore_ament_install']
[0.192s] Level 1:colcon.colcon_core.package_identification:_identify(src) by extension 'ignore'
[0.192s] Level 1:colcon.colcon_core.package_identification:_identify(src) by extension 'ignore_ament_install'
[0.192s] Level 1:colcon.colcon_core.package_identification:_identify(src) by extensions ['colcon_pkg']
[0.192s] Level 1:colcon.colcon_core.package_identification:_identify(src) by extension 'colcon_pkg'
[0.192s] Level 1:colcon.colcon_core.package_identification:_identify(src) by extensions ['colcon_meta']
[0.192s] Level 1:colcon.colcon_core.package_identification:_identify(src) by extension 'colcon_meta'
[0.193s] Level 1:colcon.colcon_core.package_identification:_identify(src) by extensions ['ros']
[0.193s] Level 1:colcon.colcon_core.package_identification:_identify(src) by extension 'ros'
[0.193s] Level 1:colcon.colcon_core.package_identification:_identify(src) by extensions ['cmake', 'python']
[0.193s] Level 1:colcon.colcon_core.package_identification:_identify(src) by extension 'cmake'
[0.193s] Level 1:colcon.colcon_core.package_identification:_identify(src) by extension 'python'
[0.193s] Level 1:colcon.colcon_core.package_identification:_identify(src) by extensions ['python_setup_py']
[0.193s] Level 1:colcon.colcon_core.package_identification:_identify(src) by extension 'python_setup_py'
[0.193s] Level 1:colcon.colcon_core.package_identification:_identify(src/data_processor) by extensions ['ignore', 'ignore_ament_install']
[0.193s] Level 1:colcon.colcon_core.package_identification:_identify(src/data_processor) by extension 'ignore'
[0.193s] Level 1:colcon.colcon_core.package_identification:_identify(src/data_processor) by extension 'ignore_ament_install'
[0.193s] Level 1:colcon.colcon_core.package_identification:_identify(src/data_processor) by extensions ['colcon_pkg']
[0.193s] Level 1:colcon.colcon_core.package_identification:_identify(src/data_processor) by extension 'colcon_pkg'
[0.193s] Level 1:colcon.colcon_core.package_identification:_identify(src/data_processor) by extensions ['colcon_meta']
[0.193s] Level 1:colcon.colcon_core.package_identification:_identify(src/data_processor) by extension 'colcon_meta'
[0.193s] Level 1:colcon.colcon_core.package_identification:_identify(src/data_processor) by extensions ['ros']
[0.193s] Level 1:colcon.colcon_core.package_identification:_identify(src/data_processor) by extension 'ros'
[0.194s] DEBUG:colcon.colcon_core.package_identification:Package 'src/data_processor' with type 'ros.ament_cmake' and name 'data_processor'
[0.195s] Level 1:colcon.colcon_core.package_identification:_identify(src/sensor_package) by extensions ['ignore', 'ignore_ament_install']
[0.195s] Level 1:colcon.colcon_core.package_identification:_identify(src/sensor_package) by extension 'ignore'
[0.195s] Level 1:colcon.colcon_core.package_identification:_identify(src/sensor_package) by extension 'ignore_ament_install'
[0.195s] Level 1:colcon.colcon_core.package_identification:_identify(src/sensor_package) by extensions ['colcon_pkg']
[0.195s] Level 1:colcon.colcon_core.package_identification:_identify(src/sensor_package) by extension 'colcon_pkg'
[0.195s] Level 1:colcon.colcon_core.package_identification:_identify(src/sensor_package) by extensions ['colcon_meta']
[0.195s] Level 1:colcon.colcon_core.package_identification:_identify(src/sensor_package) by extension 'colcon_meta'
[0.195s] Level 1:colcon.colcon_core.package_identification:_identify(src/sensor_package) by extensions ['ros']
[0.195s] Level 1:colcon.colcon_core.package_identification:_identify(src/sensor_package) by extension 'ros'
[0.195s] DEBUG:colcon.colcon_core.package_identification:Package 'src/sensor_package' with type 'ros.ament_cmake' and name 'sensor_package'
[0.195s] Level 1:colcon.colcon_core.package_discovery:discover_packages(recursive) using defaults
[0.195s] Level 1:colcon.colcon_core.package_discovery:discover_packages(ignore) discover
[0.195s] Level 1:colcon.colcon_core.package_discovery:discover_packages(ignore) using defaults
[0.195s] Level 1:colcon.colcon_core.package_discovery:discover_packages(path) discover
[0.195s] Level 1:colcon.colcon_core.package_discovery:discover_packages(path) using defaults
[0.219s] Level 1:colcon.colcon_core.package_discovery:discover_packages(prefix_path) check parameters
[0.219s] Level 1:colcon.colcon_core.package_discovery:discover_packages(prefix_path) discover
[0.254s] DEBUG:colcon.colcon_installed_package_information.package_discovery:Found 275 installed packages in /opt/ros/humble
[0.256s] Level 1:colcon.colcon_core.package_discovery:discover_packages(prefix_path) using defaults
[0.320s] Level 5:colcon.colcon_core.verb:set package 'data_processor' build argument 'cmake_args' from command line to 'None'
[0.320s] Level 5:colcon.colcon_core.verb:set package 'data_processor' build argument 'cmake_target' from command line to 'None'
[0.320s] Level 5:colcon.colcon_core.verb:set package 'data_processor' build argument 'cmake_target_skip_unavailable' from command line to 'False'
[0.320s] Level 5:colcon.colcon_core.verb:set package 'data_processor' build argument 'cmake_clean_cache' from command line to 'False'
[0.320s] Level 5:colcon.colcon_core.verb:set package 'data_processor' build argument 'cmake_clean_first' from command line to 'False'
[0.320s] Level 5:colcon.colcon_core.verb:set package 'data_processor' build argument 'cmake_force_configure' from command line to 'False'
[0.320s] Level 5:colcon.colcon_core.verb:set package 'data_processor' build argument 'ament_cmake_args' from command line to 'None'
[0.320s] Level 5:colcon.colcon_core.verb:set package 'data_processor' build argument 'catkin_cmake_args' from command line to 'None'
[0.320s] Level 5:colcon.colcon_core.verb:set package 'data_processor' build argument 'catkin_skip_building_tests' from command line to 'False'
[0.320s] DEBUG:colcon.colcon_core.verb:Building package 'data_processor' with the following arguments: {'ament_cmake_args': None, 'build_base': '/home/cyber/ros2_ws/build/data_processor', 'catkin_cmake_args': None, 'catkin_skip_building_tests': False, 'cmake_args': None, 'cmake_clean_cache': False, 'cmake_clean_first': False, 'cmake_force_configure': False, 'cmake_target': None, 'cmake_target_skip_unavailable': False, 'install_base': '/home/cyber/ros2_ws/install/data_processor', 'merge_install': False, 'path': '/home/cyber/ros2_ws/src/data_processor', 'symlink_install': False, 'test_result_base': None}
[0.320s] Level 5:colcon.colcon_core.verb:set package 'sensor_package' build argument 'cmake_args' from command line to 'None'
[0.320s] Level 5:colcon.colcon_core.verb:set package 'sensor_package' build argument 'cmake_target' from command line to 'None'
[0.320s] Level 5:colcon.colcon_core.verb:set package 'sensor_package' build argument 'cmake_target_skip_unavailable' from command line to 'False'
[0.320s] Level 5:colcon.colcon_core.verb:set package 'sensor_package' build argument 'cmake_clean_cache' from command line to 'False'
[0.320s] Level 5:colcon.colcon_core.verb:set package 'sensor_package' build argument 'cmake_clean_first' from command line to 'False'
[0.320s] Level 5:colcon.colcon_core.verb:set package 'sensor_package' build argument 'cmake_force_configure' from command line to 'False'
[0.320s] Level 5:colcon.colcon_core.verb:set package 'sensor_package' build argument 'ament_cmake_args' from command line to 'None'
[0.320s] Level 5:colcon.colcon_core.verb:set package 'sensor_package' build argument 'catkin_cmake_args' from command line to 'None'
[0.321s] Level 5:colcon.colcon_core.verb:set package 'sensor_package' build argument 'catkin_skip_building_tests' from command line to 'False'
[0.321s] DEBUG:colcon.colcon_core.verb:Building package 'sensor_package' with the following arguments: {'ament_cmake_args': None, 'build_base': '/home/cyber/ros2_ws/build/sensor_package', 'catkin_cmake_args': None, 'catkin_skip_building_tests': False, 'cmake_args': None, 'cmake_clean_cache': False, 'cmake_clean_first': False, 'cmake_force_configure': False, 'cmake_target': None, 'cmake_target_skip_unavailable': False, 'install_base': '/home/cyber/ros2_ws/install/sensor_package', 'merge_install': False, 'path': '/home/cyber/ros2_ws/src/sensor_package', 'symlink_install': False, 'test_result_base': None}
[0.321s] INFO:colcon.colcon_core.executor:Executing jobs using 'parallel' executor
[0.321s] DEBUG:colcon.colcon_parallel_executor.executor.parallel:run_until_complete
[0.322s] INFO:colcon.colcon_ros.task.ament_cmake.build:Building ROS package in '/home/cyber/ros2_ws/src/data_processor' with build type 'ament_cmake'
[0.322s] INFO:colcon.colcon_cmake.task.cmake.build:Building CMake package in '/home/cyber/ros2_ws/src/data_processor'
[0.341s] INFO:colcon.colcon_core.plugin_system:Skipping extension 'colcon_core.shell.bat': Not used on non-Windows systems
[0.341s] INFO:colcon.colcon_core.shell:Skip shell extension 'powershell' for command environment: Not usable outside of PowerShell
[0.341s] DEBUG:colcon.colcon_core.shell:Skip shell extension 'dsv' for command environment
[0.355s] INFO:colcon.colcon_ros.task.ament_cmake.build:Building ROS package in '/home/cyber/ros2_ws/src/sensor_package' with build type 'ament_cmake'
[0.356s] INFO:colcon.colcon_cmake.task.cmake.build:Building CMake package in '/home/cyber/ros2_ws/src/sensor_package'
[0.356s] INFO:colcon.colcon_core.shell:Skip shell extension 'powershell' for command environment: Not usable outside of PowerShell
[0.357s] DEBUG:colcon.colcon_core.shell:Skip shell extension 'dsv' for command environment
[0.364s] DEBUG:colcon.colcon_core.event_handler.log_command:Invoking command in '/home/cyber/ros2_ws/build/data_processor': CMAKE_PREFIX_PATH=/opt/ros/humble /usr/bin/cmake --build /home/cyber/ros2_ws/build/data_processor -- -j4 -l4
[0.368s] DEBUG:colcon.colcon_core.event_handler.log_command:Invoking command in '/home/cyber/ros2_ws/build/sensor_package': CMAKE_PREFIX_PATH=/opt/ros/humble /usr/bin/cmake --build /home/cyber/ros2_ws/build/sensor_package -- -j4 -l4
[1.231s] DEBUG:colcon.colcon_core.event_handler.log_command:Invoked command in '/home/cyber/ros2_ws/build/data_processor' returned '0': CMAKE_PREFIX_PATH=/opt/ros/humble /usr/bin/cmake --build /home/cyber/ros2_ws/build/data_processor -- -j4 -l4
[1.233s] DEBUG:colcon.colcon_core.event_handler.log_command:Invoked command in '/home/cyber/ros2_ws/build/sensor_package' returned '0': CMAKE_PREFIX_PATH=/opt/ros/humble /usr/bin/cmake --build /home/cyber/ros2_ws/build/sensor_package -- -j4 -l4
[1.265s] DEBUG:colcon.colcon_core.event_handler.log_command:Invoking command in '/home/cyber/ros2_ws/build/data_processor': CMAKE_PREFIX_PATH=/opt/ros/humble /usr/bin/cmake --install /home/cyber/ros2_ws/build/data_processor
[1.267s] DEBUG:colcon.colcon_core.event_handler.log_command:Invoking command in '/home/cyber/ros2_ws/build/sensor_package': CMAKE_PREFIX_PATH=/opt/ros/humble /usr/bin/cmake --install /home/cyber/ros2_ws/build/sensor_package
[1.275s] Level 1:colcon.colcon_core.environment:create_environment_scripts_only(data_processor)
[1.275s] DEBUG:colcon.colcon_core.event_handler.log_command:Invoked command in '/home/cyber/ros2_ws/build/data_processor' returned '0': CMAKE_PREFIX_PATH=/opt/ros/humble /usr/bin/cmake --install /home/cyber/ros2_ws/build/data_processor
[1.277s] Level 1:colcon.colcon_core.environment:checking '/home/cyber/ros2_ws/install/data_processor' for CMake module files
[1.278s] Level 1:colcon.colcon_core.environment:checking '/home/cyber/ros2_ws/install/data_processor' for CMake config files
[1.278s] Level 1:colcon.colcon_core.shell:create_environment_hook('data_processor', 'cmake_prefix_path')
[1.278s] INFO:colcon.colcon_core.shell:Creating environment hook '/home/cyber/ros2_ws/install/data_processor/share/data_processor/hook/cmake_prefix_path.ps1'
[1.300s] INFO:colcon.colcon_core.shell:Creating environment descriptor '/home/cyber/ros2_ws/install/data_processor/share/data_processor/hook/cmake_prefix_path.dsv'
[1.302s] INFO:colcon.colcon_core.shell:Creating environment hook '/home/cyber/ros2_ws/install/data_processor/share/data_processor/hook/cmake_prefix_path.sh'
[1.304s] Level 1:colcon.colcon_core.environment:checking '/home/cyber/ros2_ws/install/data_processor/bin'
[1.304s] Level 1:colcon.colcon_core.environment:checking '/home/cyber/ros2_ws/install/data_processor/lib/pkgconfig/data_processor.pc'
[1.305s] Level 1:colcon.colcon_core.environment:checking '/home/cyber/ros2_ws/install/data_processor/lib/python3.10/site-packages'
[1.305s] Level 1:colcon.colcon_core.environment:checking '/home/cyber/ros2_ws/install/data_processor/bin'
[1.306s] INFO:colcon.colcon_core.shell:Creating package script '/home/cyber/ros2_ws/install/data_processor/share/data_processor/package.ps1'
[1.307s] INFO:colcon.colcon_core.shell:Creating package descriptor '/home/cyber/ros2_ws/install/data_processor/share/data_processor/package.dsv'
[1.309s] INFO:colcon.colcon_core.shell:Creating package script '/home/cyber/ros2_ws/install/data_processor/share/data_processor/package.sh'
[1.311s] INFO:colcon.colcon_core.shell:Creating package script '/home/cyber/ros2_ws/install/data_processor/share/data_processor/package.bash'
[1.312s] INFO:colcon.colcon_core.shell:Creating package script '/home/cyber/ros2_ws/install/data_processor/share/data_processor/package.zsh'
[1.325s] Level 1:colcon.colcon_core.environment:create_file_with_runtime_dependencies(/home/cyber/ros2_ws/install/data_processor/share/colcon-core/packages/data_processor)
[1.327s] Level 1:colcon.colcon_core.environment:create_environment_scripts_only(sensor_package)
[1.328s] DEBUG:colcon.colcon_core.event_handler.log_command:Invoked command in '/home/cyber/ros2_ws/build/sensor_package' returned '0': CMAKE_PREFIX_PATH=/opt/ros/humble /usr/bin/cmake --install /home/cyber/ros2_ws/build/sensor_package
[1.328s] Level 1:colcon.colcon_core.environment:checking '/home/cyber/ros2_ws/install/sensor_package' for CMake module files
[1.330s] Level 1:colcon.colcon_core.environment:checking '/home/cyber/ros2_ws/install/sensor_package' for CMake config files
[1.330s] Level 1:colcon.colcon_core.shell:create_environment_hook('sensor_package', 'cmake_prefix_path')
[1.331s] INFO:colcon.colcon_core.shell:Creating environment hook '/home/cyber/ros2_ws/install/sensor_package/share/sensor_package/hook/cmake_prefix_path.ps1'
[1.332s] INFO:colcon.colcon_core.shell:Creating environment descriptor '/home/cyber/ros2_ws/install/sensor_package/share/sensor_package/hook/cmake_prefix_path.dsv'
[1.332s] INFO:colcon.colcon_core.shell:Creating environment hook '/home/cyber/ros2_ws/install/sensor_package/share/sensor_package/hook/cmake_prefix_path.sh'
[1.333s] Level 1:colcon.colcon_core.environment:checking '/home/cyber/ros2_ws/install/sensor_package/bin'
[1.333s] Level 1:colcon.colcon_core.environment:checking '/home/cyber/ros2_ws/install/sensor_package/lib/pkgconfig/sensor_package.pc'
[1.334s] Level 1:colcon.colcon_core.environment:checking '/home/cyber/ros2_ws/install/sensor_package/lib/python3.10/site-packages'
[1.334s] Level 1:colcon.colcon_core.environment:checking '/home/cyber/ros2_ws/install/sensor_package/bin'
[1.335s] INFO:colcon.colcon_core.shell:Creating package script '/home/cyber/ros2_ws/install/sensor_package/share/sensor_package/package.ps1'
[1.336s] INFO:colcon.colcon_core.shell:Creating package descriptor '/home/cyber/ros2_ws/install/sensor_package/share/sensor_package/package.dsv'
[1.337s] INFO:colcon.colcon_core.shell:Creating package script '/home/cyber/ros2_ws/install/sensor_package/share/sensor_package/package.sh'
[1.337s] INFO:colcon.colcon_core.shell:Creating package script '/home/cyber/ros2_ws/install/sensor_package/share/sensor_package/package.bash'
[1.338s] INFO:colcon.colcon_core.shell:Creating package script '/home/cyber/ros2_ws/install/sensor_package/share/sensor_package/package.zsh'
[1.339s] Level 1:colcon.colcon_core.environment:create_file_with_runtime_dependencies(/home/cyber/ros2_ws/install/sensor_package/share/colcon-core/packages/sensor_package)
[1.362s] Level 1:colcon.colcon_core.environment:create_environment_scripts_only(data_processor)
[1.362s] Level 1:colcon.colcon_core.environment:checking '/home/cyber/ros2_ws/install/data_processor' for CMake module files
[1.363s] Level 1:colcon.colcon_core.environment:checking '/home/cyber/ros2_ws/install/data_processor' for CMake config files
[1.363s] Level 1:colcon.colcon_core.shell:create_environment_hook('data_processor', 'cmake_prefix_path')
[1.364s] INFO:colcon.colcon_core.shell:Creating environment hook '/home/cyber/ros2_ws/install/data_processor/share/data_processor/hook/cmake_prefix_path.ps1'
[1.364s] INFO:colcon.colcon_core.shell:Creating environment descriptor '/home/cyber/ros2_ws/install/data_processor/share/data_processor/hook/cmake_prefix_path.dsv'
[1.365s] INFO:colcon.colcon_core.shell:Creating environment hook '/home/cyber/ros2_ws/install/data_processor/share/data_processor/hook/cmake_prefix_path.sh'
[1.366s] Level 1:colcon.colcon_core.environment:checking '/home/cyber/ros2_ws/install/data_processor/bin'
[1.366s] Level 1:colcon.colcon_core.environment:checking '/home/cyber/ros2_ws/install/data_processor/lib/pkgconfig/data_processor.pc'
[1.366s] Level 1:colcon.colcon_core.environment:checking '/home/cyber/ros2_ws/install/data_processor/lib/python3.10/site-packages'
[1.366s] Level 1:colcon.colcon_core.environment:checking '/home/cyber/ros2_ws/install/data_processor/bin'
[1.367s] INFO:colcon.colcon_core.shell:Creating package script '/home/cyber/ros2_ws/install/data_processor/share/data_processor/package.ps1'
[1.367s] INFO:colcon.colcon_core.shell:Creating package descriptor '/home/cyber/ros2_ws/install/data_processor/share/data_processor/package.dsv'
[1.368s] INFO:colcon.colcon_core.shell:Creating package script '/home/cyber/ros2_ws/install/data_processor/share/data_processor/package.sh'
[1.369s] INFO:colcon.colcon_core.shell:Creating package script '/home/cyber/ros2_ws/install/data_processor/share/data_processor/package.bash'
[1.369s] INFO:colcon.colcon_core.shell:Creating package script '/home/cyber/ros2_ws/install/data_processor/share/data_processor/package.zsh'
[1.370s] Level 1:colcon.colcon_core.environment:create_file_with_runtime_dependencies(/home/cyber/ros2_ws/install/data_processor/share/colcon-core/packages/data_processor)
[1.371s] Level 1:colcon.colcon_core.environment:create_environment_scripts_only(sensor_package)
[1.371s] Level 1:colcon.colcon_core.environment:checking '/home/cyber/ros2_ws/install/sensor_package' for CMake module files
[1.372s] Level 1:colcon.colcon_core.environment:checking '/home/cyber/ros2_ws/install/sensor_package' for CMake config files
[1.372s] Level 1:colcon.colcon_core.shell:create_environment_hook('sensor_package', 'cmake_prefix_path')
[1.373s] INFO:colcon.colcon_core.shell:Creating environment hook '/home/cyber/ros2_ws/install/sensor_package/share/sensor_package/hook/cmake_prefix_path.ps1'
[1.373s] INFO:colcon.colcon_core.shell:Creating environment descriptor '/home/cyber/ros2_ws/install/sensor_package/share/sensor_package/hook/cmake_prefix_path.dsv'
[1.373s] INFO:colcon.colcon_core.shell:Creating environment hook '/home/cyber/ros2_ws/install/sensor_package/share/sensor_package/hook/cmake_prefix_path.sh'
[1.374s] Level 1:colcon.colcon_core.environment:checking '/home/cyber/ros2_ws/install/sensor_package/bin'
[1.374s] Level 1:colcon.colcon_core.environment:checking '/home/cyber/ros2_ws/install/sensor_package/lib/pkgconfig/sensor_package.pc'
[1.374s] Level 1:colcon.colcon_core.environment:checking '/home/cyber/ros2_ws/install/sensor_package/lib/python3.10/site-packages'
[1.375s] Level 1:colcon.colcon_core.environment:checking '/home/cyber/ros2_ws/install/sensor_package/bin'
[1.375s] INFO:colcon.colcon_core.shell:Creating package script '/home/cyber/ros2_ws/install/sensor_package/share/sensor_package/package.ps1'
[1.375s] INFO:colcon.colcon_core.shell:Creating package descriptor '/home/cyber/ros2_ws/install/sensor_package/share/sensor_package/package.dsv'
[1.376s] INFO:colcon.colcon_core.shell:Creating package script '/home/cyber/ros2_ws/install/sensor_package/share/sensor_package/package.sh'
[1.376s] INFO:colcon.colcon_core.shell:Creating package script '/home/cyber/ros2_ws/install/sensor_package/share/sensor_package/package.bash'
[1.376s] INFO:colcon.colcon_core.shell:Creating package script '/home/cyber/ros2_ws/install/sensor_package/share/sensor_package/package.zsh'
[1.377s] Level 1:colcon.colcon_core.environment:create_file_with_runtime_dependencies(/home/cyber/ros2_ws/install/sensor_package/share/colcon-core/packages/sensor_package)
[1.377s] DEBUG:colcon.colcon_parallel_executor.executor.parallel:closing loop
[1.377s] DEBUG:colcon.colcon_parallel_executor.executor.parallel:loop closed
[1.378s] DEBUG:colcon.colcon_parallel_executor.executor.parallel:run_until_complete finished with '0'
[1.378s] DEBUG:colcon.colcon_core.event_reactor:joining thread
[1.403s] INFO:colcon.colcon_core.plugin_system:Skipping extension 'colcon_notification.desktop_notification.terminal_notifier': Not used on non-Darwin systems
[1.403s] INFO:colcon.colcon_core.plugin_system:Skipping extension 'colcon_notification.desktop_notification.win32': Not used on non-Windows systems
[1.403s] INFO:colcon.colcon_notification.desktop_notification:Sending desktop notification using 'notify2'
[1.423s] DEBUG:colcon.colcon_core.event_reactor:joined thread
[1.424s] INFO:colcon.colcon_core.shell:Creating prefix script '/home/cyber/ros2_ws/install/local_setup.ps1'
[1.427s] INFO:colcon.colcon_core.shell:Creating prefix util module '/home/cyber/ros2_ws/install/_local_setup_util_ps1.py'
[1.431s] INFO:colcon.colcon_core.shell:Creating prefix chain script '/home/cyber/ros2_ws/install/setup.ps1'
[1.434s] INFO:colcon.colcon_core.shell:Creating prefix script '/home/cyber/ros2_ws/install/local_setup.sh'
[1.435s] INFO:colcon.colcon_core.shell:Creating prefix util module '/home/cyber/ros2_ws/install/_local_setup_util_sh.py'
[1.436s] INFO:colcon.colcon_core.shell:Creating prefix chain script '/home/cyber/ros2_ws/install/setup.sh'
[1.438s] INFO:colcon.colcon_core.shell:Creating prefix script '/home/cyber/ros2_ws/install/local_setup.bash'
[1.440s] INFO:colcon.colcon_core.shell:Creating prefix chain script '/home/cyber/ros2_ws/install/setup.bash'
[1.442s] INFO:colcon.colcon_core.shell:Creating prefix script '/home/cyber/ros2_ws/install/local_setup.zsh'
[1.443s] INFO:colcon.colcon_core.shell:Creating prefix chain script '/home/cyber/ros2_ws/install/setup.zsh'
