[0.049s] Invoking command in '/home/cyber/ros2_ws/build/sensor_package': CMAKE_PREFIX_PATH=/opt/ros/humble /usr/bin/cmake /home/cyber/ros2_ws/src/sensor_package -DCMAKE_INSTALL_PREFIX=/home/cyber/ros2_ws/install/sensor_package
[1.509s] -- The C compiler identification is GNU 11.4.0
[2.069s] -- The CXX compiler identification is GNU 11.4.0
[2.080s] -- Detecting C compiler ABI info
[2.294s] -- Detecting C compiler ABI info - done
[2.301s] -- Check for working C compiler: /usr/bin/cc - skipped
[2.301s] -- Detecting C compile features
[2.314s] -- Detecting C compile features - done
[2.320s] -- Detecting CXX compiler ABI info
[2.448s] -- Detecting CXX compiler ABI info - done
[2.455s] -- Check for working CXX compiler: /usr/bin/c++ - skipped
[2.455s] -- Detecting CXX compile features
[2.455s] -- Detecting CXX compile features - done
[2.507s] -- Found ament_cmake: 1.3.9 (/opt/ros/humble/share/ament_cmake/cmake)
[3.003s] -- Found Python3: /usr/bin/python3 (found version "3.10.12") found components: Interpreter 
[3.208s] -- Found ament_lint_auto: 0.12.11 (/opt/ros/humble/share/ament_lint_auto/cmake)
[3.405s] -- Added test 'cppcheck' to perform static code analysis on C / C++ code
[3.405s] -- Configured cppcheck include dirs: 
[3.405s] -- Configured cppcheck exclude dirs and/or files: 
[3.406s] -- Added test 'flake8' to check Python code syntax and style conventions
[3.407s] -- Added test 'lint_cmake' to check CMake code style
[3.408s] -- Added test 'pep257' to check Python code against some of the docstring style conventions in PEP 257
[3.409s] -- Added test 'uncrustify' to check C / C++ code style
[3.409s] -- Configured uncrustify additional arguments: 
[3.410s] -- Added test 'xmllint' to check XML markup files
[3.430s] -- Configuring done
[3.449s] -- Generating done
[3.451s] -- Build files have been written to: /home/cyber/ros2_ws/build/sensor_package
[3.462s] Invoked command in '/home/cyber/ros2_ws/build/sensor_package' returned '0': CMAKE_PREFIX_PATH=/opt/ros/humble /usr/bin/cmake /home/cyber/ros2_ws/src/sensor_package -DCMAKE_INSTALL_PREFIX=/home/cyber/ros2_ws/install/sensor_package
[3.465s] Invoking command in '/home/cyber/ros2_ws/build/sensor_package': CMAKE_PREFIX_PATH=/opt/ros/humble /usr/bin/cmake --build /home/cyber/ros2_ws/build/sensor_package -- -j4 -l4
[3.517s] Invoked command in '/home/cyber/ros2_ws/build/sensor_package' returned '0': CMAKE_PREFIX_PATH=/opt/ros/humble /usr/bin/cmake --build /home/cyber/ros2_ws/build/sensor_package -- -j4 -l4
[3.546s] Invoking command in '/home/cyber/ros2_ws/build/sensor_package': CMAKE_PREFIX_PATH=/opt/ros/humble /usr/bin/cmake --install /home/cyber/ros2_ws/build/sensor_package
[3.552s] -- Install configuration: ""
[3.552s] -- Installing: /home/cyber/ros2_ws/install/sensor_package/share/ament_index/resource_index/package_run_dependencies/sensor_package
[3.552s] -- Installing: /home/cyber/ros2_ws/install/sensor_package/share/ament_index/resource_index/parent_prefix_path/sensor_package
[3.553s] -- Installing: /home/cyber/ros2_ws/install/sensor_package/share/sensor_package/environment/ament_prefix_path.sh
[3.553s] -- Installing: /home/cyber/ros2_ws/install/sensor_package/share/sensor_package/environment/ament_prefix_path.dsv
[3.553s] -- Installing: /home/cyber/ros2_ws/install/sensor_package/share/sensor_package/environment/path.sh
[3.553s] -- Installing: /home/cyber/ros2_ws/install/sensor_package/share/sensor_package/environment/path.dsv
[3.553s] -- Installing: /home/cyber/ros2_ws/install/sensor_package/share/sensor_package/local_setup.bash
[3.553s] -- Installing: /home/cyber/ros2_ws/install/sensor_package/share/sensor_package/local_setup.sh
[3.554s] -- Installing: /home/cyber/ros2_ws/install/sensor_package/share/sensor_package/local_setup.zsh
[3.554s] -- Installing: /home/cyber/ros2_ws/install/sensor_package/share/sensor_package/local_setup.dsv
[3.554s] -- Installing: /home/cyber/ros2_ws/install/sensor_package/share/sensor_package/package.dsv
[3.554s] -- Installing: /home/cyber/ros2_ws/install/sensor_package/share/ament_index/resource_index/packages/sensor_package
[3.554s] -- Installing: /home/cyber/ros2_ws/install/sensor_package/share/sensor_package/cmake/sensor_packageConfig.cmake
[3.555s] -- Installing: /home/cyber/ros2_ws/install/sensor_package/share/sensor_package/cmake/sensor_packageConfig-version.cmake
[3.555s] -- Installing: /home/cyber/ros2_ws/install/sensor_package/share/sensor_package/package.xml
[3.684s] Invoked command in '/home/cyber/ros2_ws/build/sensor_package' returned '0': CMAKE_PREFIX_PATH=/opt/ros/humble /usr/bin/cmake --install /home/cyber/ros2_ws/build/sensor_package
