running egg_info
creating ../../build/plot_sensor_data/plot_sensor_data.egg-info
writing ../../build/plot_sensor_data/plot_sensor_data.egg-info/PKG-INFO
writing dependency_links to ../../build/plot_sensor_data/plot_sensor_data.egg-info/dependency_links.txt
writing requirements to ../../build/plot_sensor_data/plot_sensor_data.egg-info/requires.txt
writing top-level names to ../../build/plot_sensor_data/plot_sensor_data.egg-info/top_level.txt
writing manifest file '../../build/plot_sensor_data/plot_sensor_data.egg-info/SOURCES.txt'
reading manifest file '../../build/plot_sensor_data/plot_sensor_data.egg-info/SOURCES.txt'
writing manifest file '../../build/plot_sensor_data/plot_sensor_data.egg-info/SOURCES.txt'
running build
running build_py
creating /home/cyber/ros2_ws/build/plot_sensor_data/build
creating /home/cyber/ros2_ws/build/plot_sensor_data/build/lib
creating /home/cyber/ros2_ws/build/plot_sensor_data/build/lib/plot_sensor_data
copying plot_sensor_data/__init__.py -> /home/cyber/ros2_ws/build/plot_sensor_data/build/lib/plot_sensor_data
copying plot_sensor_data/plot_node.py -> /home/cyber/ros2_ws/build/plot_sensor_data/build/lib/plot_sensor_data
running install
running install_lib
creating /home/cyber/ros2_ws/install/plot_sensor_data/lib/python3.10/site-packages/plot_sensor_data
copying /home/cyber/ros2_ws/build/plot_sensor_data/build/lib/plot_sensor_data/__init__.py -> /home/cyber/ros2_ws/install/plot_sensor_data/lib/python3.10/site-packages/plot_sensor_data
copying /home/cyber/ros2_ws/build/plot_sensor_data/build/lib/plot_sensor_data/plot_node.py -> /home/cyber/ros2_ws/install/plot_sensor_data/lib/python3.10/site-packages/plot_sensor_data
byte-compiling /home/cyber/ros2_ws/install/plot_sensor_data/lib/python3.10/site-packages/plot_sensor_data/__init__.py to __init__.cpython-310.pyc
byte-compiling /home/cyber/ros2_ws/install/plot_sensor_data/lib/python3.10/site-packages/plot_sensor_data/plot_node.py to plot_node.cpython-310.pyc
running install_data
creating /home/cyber/ros2_ws/install/plot_sensor_data/share/ament_index
creating /home/cyber/ros2_ws/install/plot_sensor_data/share/ament_index/resource_index
creating /home/cyber/ros2_ws/install/plot_sensor_data/share/ament_index/resource_index/packages
copying resource/plot_sensor_data -> /home/cyber/ros2_ws/install/plot_sensor_data/share/ament_index/resource_index/packages
copying package.xml -> /home/cyber/ros2_ws/install/plot_sensor_data/share/plot_sensor_data
running install_egg_info
Copying ../../build/plot_sensor_data/plot_sensor_data.egg-info to /home/cyber/ros2_ws/install/plot_sensor_data/lib/python3.10/site-packages/plot_sensor_data-0.0.0-py3.10.egg-info
running install_scripts
writing list of installed files to '/home/cyber/ros2_ws/build/plot_sensor_data/install.log'
