[5.657s] Invoking command in '/home/cyber/ros2_ws/src/plot_sensor_data': PYTHONPATH=/home/cyber/ros2_ws/build/plot_sensor_data/prefix_override:/home/cyber/ros2_ws/install/plot_sensor_data/lib/python3.10/site-packages:${PYTHONPATH} /usr/bin/python3 -W ignore:setup.py install is deprecated setup.py egg_info --egg-base ../../build/plot_sensor_data build --build-base /home/cyber/ros2_ws/build/plot_sensor_data/build install --record /home/cyber/ros2_ws/build/plot_sensor_data/install.log --single-version-externally-managed install_data
[5.828s] running egg_info
[5.828s] creating ../../build/plot_sensor_data/plot_sensor_data.egg-info
[5.841s] writing ../../build/plot_sensor_data/plot_sensor_data.egg-info/PKG-INFO
[5.841s] writing dependency_links to ../../build/plot_sensor_data/plot_sensor_data.egg-info/dependency_links.txt
[5.841s] writing requirements to ../../build/plot_sensor_data/plot_sensor_data.egg-info/requires.txt
[5.841s] writing top-level names to ../../build/plot_sensor_data/plot_sensor_data.egg-info/top_level.txt
[5.841s] writing manifest file '../../build/plot_sensor_data/plot_sensor_data.egg-info/SOURCES.txt'
[5.866s] reading manifest file '../../build/plot_sensor_data/plot_sensor_data.egg-info/SOURCES.txt'
[5.866s] writing manifest file '../../build/plot_sensor_data/plot_sensor_data.egg-info/SOURCES.txt'
[5.866s] running build
[5.866s] running build_py
[5.866s] creating /home/cyber/ros2_ws/build/plot_sensor_data/build
[5.867s] creating /home/cyber/ros2_ws/build/plot_sensor_data/build/lib
[5.867s] creating /home/cyber/ros2_ws/build/plot_sensor_data/build/lib/plot_sensor_data
[5.867s] copying plot_sensor_data/__init__.py -> /home/cyber/ros2_ws/build/plot_sensor_data/build/lib/plot_sensor_data
[5.867s] copying plot_sensor_data/plot_node.py -> /home/cyber/ros2_ws/build/plot_sensor_data/build/lib/plot_sensor_data
[5.867s] running install
[5.871s] running install_lib
[5.883s] creating /home/cyber/ros2_ws/install/plot_sensor_data/lib/python3.10/site-packages/plot_sensor_data
[5.883s] copying /home/cyber/ros2_ws/build/plot_sensor_data/build/lib/plot_sensor_data/__init__.py -> /home/cyber/ros2_ws/install/plot_sensor_data/lib/python3.10/site-packages/plot_sensor_data
[5.883s] copying /home/cyber/ros2_ws/build/plot_sensor_data/build/lib/plot_sensor_data/plot_node.py -> /home/cyber/ros2_ws/install/plot_sensor_data/lib/python3.10/site-packages/plot_sensor_data
[5.883s] byte-compiling /home/cyber/ros2_ws/install/plot_sensor_data/lib/python3.10/site-packages/plot_sensor_data/__init__.py to __init__.cpython-310.pyc
[5.883s] byte-compiling /home/cyber/ros2_ws/install/plot_sensor_data/lib/python3.10/site-packages/plot_sensor_data/plot_node.py to plot_node.cpython-310.pyc
[5.884s] running install_data
[5.884s] creating /home/cyber/ros2_ws/install/plot_sensor_data/share/ament_index
[5.884s] creating /home/cyber/ros2_ws/install/plot_sensor_data/share/ament_index/resource_index
[5.884s] creating /home/cyber/ros2_ws/install/plot_sensor_data/share/ament_index/resource_index/packages
[5.884s] copying resource/plot_sensor_data -> /home/cyber/ros2_ws/install/plot_sensor_data/share/ament_index/resource_index/packages
[5.884s] copying package.xml -> /home/cyber/ros2_ws/install/plot_sensor_data/share/plot_sensor_data
[5.884s] running install_egg_info
[5.897s] Copying ../../build/plot_sensor_data/plot_sensor_data.egg-info to /home/cyber/ros2_ws/install/plot_sensor_data/lib/python3.10/site-packages/plot_sensor_data-0.0.0-py3.10.egg-info
[5.897s] running install_scripts
[6.004s] writing list of installed files to '/home/cyber/ros2_ws/build/plot_sensor_data/install.log'
[6.027s] Invoked command in '/home/cyber/ros2_ws/src/plot_sensor_data' returned '0': PYTHONPATH=/home/cyber/ros2_ws/build/plot_sensor_data/prefix_override:/home/cyber/ros2_ws/install/plot_sensor_data/lib/python3.10/site-packages:${PYTHONPATH} /usr/bin/python3 -W ignore:setup.py install is deprecated setup.py egg_info --egg-base ../../build/plot_sensor_data build --build-base /home/cyber/ros2_ws/build/plot_sensor_data/build install --record /home/cyber/ros2_ws/build/plot_sensor_data/install.log --single-version-externally-managed install_data
