[0.034s] Invoking command in '/home/cyber/ros2_ws/build/data_processor': CMAKE_PREFIX_PATH=${CMAKE_PREFIX_PATH}:/home/cyber/ros2_ws/install/plot_sensor_data:/opt/ros/humble /usr/bin/cmake /home/cyber/ros2_ws/src/data_processor -DCMAKE_INSTALL_PREFIX=/home/cyber/ros2_ws/install/data_processor
[0.416s] -- The C compiler identification is GNU 11.4.0
[0.417s] -- The CXX compiler identification is GNU 11.4.0
[0.417s] -- Detecting C compiler ABI info
[0.417s] -- Detecting C compiler ABI info - done
[0.417s] -- Check for working C compiler: /usr/bin/cc - skipped
[0.417s] -- Detecting C compile features
[0.417s] -- Detecting C compile features - done
[0.418s] -- Detecting CXX compiler ABI info
[0.504s] -- Detecting CXX compiler ABI info - done
[0.529s] -- Check for working CXX compiler: /usr/bin/c++ - skipped
[0.529s] -- Detecting CXX compile features
[0.530s] -- Detecting CXX compile features - done
[0.535s] -- Found ament_cmake: 1.3.9 (/opt/ros/humble/share/ament_cmake/cmake)
[1.422s] -- Found Python3: /usr/bin/python3 (found version "3.10.12") found components: Interpreter 
[1.633s] -- Found rclcpp: 16.0.9 (/opt/ros/humble/share/rclcpp/cmake)
[1.739s] -- Found rosidl_generator_c: 3.1.5 (/opt/ros/humble/share/rosidl_generator_c/cmake)
[1.752s] -- Found rosidl_adapter: 3.1.5 (/opt/ros/humble/share/rosidl_adapter/cmake)
[1.774s] -- Found rosidl_generator_cpp: 3.1.5 (/opt/ros/humble/share/rosidl_generator_cpp/cmake)
[1.812s] -- Using all available rosidl_typesupport_c: rosidl_typesupport_fastrtps_c;rosidl_typesupport_introspection_c
[1.864s] -- Using all available rosidl_typesupport_cpp: rosidl_typesupport_fastrtps_cpp;rosidl_typesupport_introspection_cpp
[2.065s] -- Found rmw_implementation_cmake: 6.1.2 (/opt/ros/humble/share/rmw_implementation_cmake/cmake)
[2.072s] -- Found rmw_fastrtps_cpp: 6.2.6 (/opt/ros/humble/share/rmw_fastrtps_cpp/cmake)
[2.330s] -- Found OpenSSL: /usr/lib/x86_64-linux-gnu/libcrypto.so (found version "3.0.2")  
[2.411s] -- Found FastRTPS: /opt/ros/humble/include  
[2.541s] -- Using RMW implementation 'rmw_fastrtps_cpp' as default
[2.560s] -- Looking for pthread.h
[2.715s] -- Looking for pthread.h - found
[2.716s] -- Performing Test CMAKE_HAVE_LIBC_PTHREAD
[2.867s] -- Performing Test CMAKE_HAVE_LIBC_PTHREAD - Success
[2.870s] -- Found Threads: TRUE  
[3.331s] -- Found sensor_msgs: 4.2.4 (/opt/ros/humble/share/sensor_msgs/cmake)
[3.702s] -- Found rclpy: 3.3.13 (/opt/ros/humble/share/rclpy/cmake)
[3.706s] -- Found ament_lint_auto: 0.12.11 (/opt/ros/humble/share/ament_lint_auto/cmake)
[3.829s] -- Added test 'cppcheck' to perform static code analysis on C / C++ code
[3.830s] -- Configured cppcheck include dirs: /home/cyber/ros2_ws/src/data_processor/include
[3.830s] -- Configured cppcheck exclude dirs and/or files: 
[3.831s] -- Added test 'flake8' to check Python code syntax and style conventions
[3.832s] -- Added test 'lint_cmake' to check CMake code style
[3.832s] -- Added test 'pep257' to check Python code against some of the docstring style conventions in PEP 257
[3.834s] -- Added test 'uncrustify' to check C / C++ code style
[3.834s] -- Configured uncrustify additional arguments: 
[3.838s] -- Added test 'xmllint' to check XML markup files
[3.838s] -- Configuring done
[3.855s] -- Generating done
[3.858s] -- Build files have been written to: /home/cyber/ros2_ws/build/data_processor
[3.870s] Invoked command in '/home/cyber/ros2_ws/build/data_processor' returned '0': CMAKE_PREFIX_PATH=${CMAKE_PREFIX_PATH}:/home/cyber/ros2_ws/install/plot_sensor_data:/opt/ros/humble /usr/bin/cmake /home/cyber/ros2_ws/src/data_processor -DCMAKE_INSTALL_PREFIX=/home/cyber/ros2_ws/install/data_processor
[3.878s] Invoking command in '/home/cyber/ros2_ws/build/data_processor': CMAKE_PREFIX_PATH=${CMAKE_PREFIX_PATH}:/home/cyber/ros2_ws/install/plot_sensor_data:/opt/ros/humble /usr/bin/cmake --build /home/cyber/ros2_ws/build/data_processor -- -j4 -l4
[3.952s] [ 50%] [32mBuilding CXX object CMakeFiles/sensor_subscriber.dir/src/sensor_subscriber.cpp.o[0m
[23.317s] [100%] [32m[1mLinking CXX executable sensor_subscriber[0m
[23.982s] [100%] Built target sensor_subscriber
[23.999s] Invoked command in '/home/cyber/ros2_ws/build/data_processor' returned '0': CMAKE_PREFIX_PATH=${CMAKE_PREFIX_PATH}:/home/cyber/ros2_ws/install/plot_sensor_data:/opt/ros/humble /usr/bin/cmake --build /home/cyber/ros2_ws/build/data_processor -- -j4 -l4
[24.036s] Invoking command in '/home/cyber/ros2_ws/build/data_processor': CMAKE_PREFIX_PATH=${CMAKE_PREFIX_PATH}:/home/cyber/ros2_ws/install/plot_sensor_data:/opt/ros/humble /usr/bin/cmake --install /home/cyber/ros2_ws/build/data_processor
[24.048s] -- Install configuration: ""
[24.048s] -- Installing: /home/cyber/ros2_ws/install/data_processor/lib/data_processor/sensor_subscriber
[24.053s] -- Set runtime path of "/home/cyber/ros2_ws/install/data_processor/lib/data_processor/sensor_subscriber" to ""
[24.053s] -- Installing: /home/cyber/ros2_ws/install/data_processor/share/data_processor/launch
[24.053s] -- Installing: /home/cyber/ros2_ws/install/data_processor/share/data_processor/launch/data_launch.py
[24.053s] -- Installing: /home/cyber/ros2_ws/install/data_processor/share/data_processor/package.xml
[24.053s] -- Installing: /home/cyber/ros2_ws/install/data_processor/share/ament_index/resource_index/package_run_dependencies/data_processor
[24.053s] -- Installing: /home/cyber/ros2_ws/install/data_processor/share/ament_index/resource_index/parent_prefix_path/data_processor
[24.054s] -- Installing: /home/cyber/ros2_ws/install/data_processor/share/data_processor/environment/ament_prefix_path.sh
[24.054s] -- Installing: /home/cyber/ros2_ws/install/data_processor/share/data_processor/environment/ament_prefix_path.dsv
[24.054s] -- Installing: /home/cyber/ros2_ws/install/data_processor/share/data_processor/environment/path.sh
[24.054s] -- Installing: /home/cyber/ros2_ws/install/data_processor/share/data_processor/environment/path.dsv
[24.054s] -- Installing: /home/cyber/ros2_ws/install/data_processor/share/data_processor/local_setup.bash
[24.055s] -- Installing: /home/cyber/ros2_ws/install/data_processor/share/data_processor/local_setup.sh
[24.055s] -- Installing: /home/cyber/ros2_ws/install/data_processor/share/data_processor/local_setup.zsh
[24.055s] -- Installing: /home/cyber/ros2_ws/install/data_processor/share/data_processor/local_setup.dsv
[24.055s] -- Installing: /home/cyber/ros2_ws/install/data_processor/share/data_processor/package.dsv
[24.055s] -- Installing: /home/cyber/ros2_ws/install/data_processor/share/ament_index/resource_index/packages/data_processor
[24.055s] -- Installing: /home/cyber/ros2_ws/install/data_processor/share/data_processor/cmake/data_processorConfig.cmake
[24.056s] -- Installing: /home/cyber/ros2_ws/install/data_processor/share/data_processor/cmake/data_processorConfig-version.cmake
[24.056s] -- Up-to-date: /home/cyber/ros2_ws/install/data_processor/share/data_processor/package.xml
[24.059s] Invoked command in '/home/cyber/ros2_ws/build/data_processor' returned '0': CMAKE_PREFIX_PATH=${CMAKE_PREFIX_PATH}:/home/cyber/ros2_ws/install/plot_sensor_data:/opt/ros/humble /usr/bin/cmake --install /home/cyber/ros2_ws/build/data_processor
