[0.174s] Invoking command in '/home/cyber/ros2_ws/build/temperature_sensor': CMAKE_PREFIX_PATH=${CMAKE_PREFIX_PATH}:/home/cyber/ros2_ws/install/temperature_plotter:/opt/ros/humble /usr/bin/cmake --build /home/cyber/ros2_ws/build/temperature_sensor -- -j4 -l4
[0.210s] [35m[1mConsolidate compiler generated dependencies of target temperature_publisher[0m
[0.238s] [ 50%] [32mBuilding CXX object CMakeFiles/temperature_publisher.dir/src/temperature_publisher.cpp.o[0m
[4.455s] [100%] [32m[1mLinking CXX executable temperature_publisher[0m
[4.622s] [100%] Built target temperature_publisher
[4.630s] Invoked command in '/home/cyber/ros2_ws/build/temperature_sensor' returned '0': CMAKE_PREFIX_PATH=${CMAKE_PREFIX_PATH}:/home/cyber/ros2_ws/install/temperature_plotter:/opt/ros/humble /usr/bin/cmake --build /home/cyber/ros2_ws/build/temperature_sensor -- -j4 -l4
[4.658s] Invoking command in '/home/cyber/ros2_ws/build/temperature_sensor': CMAKE_PREFIX_PATH=${CMAKE_PREFIX_PATH}:/home/cyber/ros2_ws/install/temperature_plotter:/opt/ros/humble /usr/bin/cmake --install /home/cyber/ros2_ws/build/temperature_sensor
[4.663s] -- Install configuration: ""
[4.663s] -- Installing: /home/cyber/ros2_ws/install/temperature_sensor/lib/temperature_sensor/temperature_publisher
[4.664s] -- Set runtime path of "/home/cyber/ros2_ws/install/temperature_sensor/lib/temperature_sensor/temperature_publisher" to ""
[4.664s] -- Up-to-date: /home/cyber/ros2_ws/install/temperature_sensor/share/ament_index/resource_index/package_run_dependencies/temperature_sensor
[4.664s] -- Up-to-date: /home/cyber/ros2_ws/install/temperature_sensor/share/ament_index/resource_index/parent_prefix_path/temperature_sensor
[4.664s] -- Up-to-date: /home/cyber/ros2_ws/install/temperature_sensor/share/temperature_sensor/environment/ament_prefix_path.sh
[4.665s] -- Up-to-date: /home/cyber/ros2_ws/install/temperature_sensor/share/temperature_sensor/environment/ament_prefix_path.dsv
[4.665s] -- Up-to-date: /home/cyber/ros2_ws/install/temperature_sensor/share/temperature_sensor/environment/path.sh
[4.665s] -- Up-to-date: /home/cyber/ros2_ws/install/temperature_sensor/share/temperature_sensor/environment/path.dsv
[4.665s] -- Up-to-date: /home/cyber/ros2_ws/install/temperature_sensor/share/temperature_sensor/local_setup.bash
[4.665s] -- Up-to-date: /home/cyber/ros2_ws/install/temperature_sensor/share/temperature_sensor/local_setup.sh
[4.665s] -- Up-to-date: /home/cyber/ros2_ws/install/temperature_sensor/share/temperature_sensor/local_setup.zsh
[4.665s] -- Up-to-date: /home/cyber/ros2_ws/install/temperature_sensor/share/temperature_sensor/local_setup.dsv
[4.665s] -- Installing: /home/cyber/ros2_ws/install/temperature_sensor/share/temperature_sensor/package.dsv
[4.665s] -- Up-to-date: /home/cyber/ros2_ws/install/temperature_sensor/share/ament_index/resource_index/packages/temperature_sensor
[4.665s] -- Up-to-date: /home/cyber/ros2_ws/install/temperature_sensor/share/temperature_sensor/cmake/temperature_sensorConfig.cmake
[4.665s] -- Up-to-date: /home/cyber/ros2_ws/install/temperature_sensor/share/temperature_sensor/cmake/temperature_sensorConfig-version.cmake
[4.665s] -- Up-to-date: /home/cyber/ros2_ws/install/temperature_sensor/share/temperature_sensor/package.xml
[4.667s] Invoked command in '/home/cyber/ros2_ws/build/temperature_sensor' returned '0': CMAKE_PREFIX_PATH=${CMAKE_PREFIX_PATH}:/home/cyber/ros2_ws/install/temperature_plotter:/opt/ros/humble /usr/bin/cmake --install /home/cyber/ros2_ws/build/temperature_sensor
